OpenROAD v2.0-17598-ga008522d8 
Features included (+) or not (-): +Charts +GPU +GUI +Python : None
This program is licensed under the BSD-3 license. See the LICENSE file for details.
Components of this program may be licensed under more restrictive licenses which must be honored.
[INFO ORD-0030] Using 4 thread(s).
[INFO ODB-0227] LEF file: /home/zhz/OpenROAD-flow-scripts/flow/platforms/asap7/lef/asap7_tech_1x_201209.lef, created 24 layers, 9 vias
[INFO ODB-0227] LEF file: /home/zhz/OpenROAD-flow-scripts/flow/platforms/asap7/lef/asap7sc7p5t_28_R_1x_220121a.lef, created 212 library cells
[WARNING STA-0347] current_design for other than top cell not supported.
Reading in /home/zhz/OpenROAD-flow-scripts/flow/platforms/asap7/setRC.tcl

==========================================================================
Floorplan check_setup
--------------------------------------------------------------------------
number instances in verilog is 21882
[WARNING IFP-0028] Core area lower left (1.000, 1.000) snapped to (1.026, 1.080).
[INFO IFP-0001] Added 318 rows of 1592 site asap7sc7p5t.
Reading /home/zhz/OpenROAD-flow-scripts/flow/platforms/asap7/openRoad/make_tracks.tcl
repair_timing -verbose -setup_margin 0 -repair_tns 100
[WARNING RSZ-0021] no estimated parasitics. Using wire load models.
[INFO RSZ-0094] Found 2606 endpoints with setup violations.
[INFO RSZ-0099] Repairing 2606 out of 2606 (100.00%) violating endpoints...
   Iter   | Removed | Resized | Inserted | Cloned |  Pin  |    WNS   |   TNS      |  Viol  | Worst
          | Buffers |  Gates  | Buffers  |  Gates | Swaps |          |            | Endpts | Endpt
---------------------------------------------------------------------------------------------------
        0 |       0 |       0 |        0 |      0 |     0 | -625.242 | -1352427.6 |   2606 | keymem.key_mem\[10\]\[3\]$_DFFE_PN0P_/D
[WARNING RSZ-0075] makeBufferedNet failed for driver _41156_/CON
[WARNING RSZ-0075] makeBufferedNet failed for driver _35854_/Y
[WARNING RSZ-0075] makeBufferedNet failed for driver _35855_/Y
[WARNING RSZ-0075] makeBufferedNet failed for driver _41156_/CON
[WARNING RSZ-0075] makeBufferedNet failed for driver _35854_/Y
[WARNING RSZ-0075] makeBufferedNet failed for driver _41156_/CON
[WARNING RSZ-0075] makeBufferedNet failed for driver _35854_/Y
[WARNING RSZ-0075] makeBufferedNet failed for driver clone1/Y
[WARNING RSZ-0075] makeBufferedNet failed for driver enc_block.sword_ctr_reg\[0\]$_DFFE_PN0P_/QN
[WARNING RSZ-0075] makeBufferedNet failed for driver _41156_/CON
[WARNING RSZ-0075] makeBufferedNet failed for driver _35854_/Y
[WARNING RSZ-0075] makeBufferedNet failed for driver clone1/Y
[WARNING RSZ-0075] makeBufferedNet failed for driver enc_block.sword_ctr_reg\[0\]$_DFFE_PN0P_/QN
[WARNING RSZ-0075] makeBufferedNet failed for driver _41156_/CON
[WARNING RSZ-0075] makeBufferedNet failed for driver _35854_/Y
[WARNING RSZ-0075] makeBufferedNet failed for driver clone1/Y
[WARNING RSZ-0075] makeBufferedNet failed for driver enc_block.sword_ctr_reg\[0\]$_DFFE_PN0P_/QN
[WARNING RSZ-0075] makeBufferedNet failed for driver _41156_/CON
[WARNING RSZ-0075] makeBufferedNet failed for driver _35854_/Y
[WARNING RSZ-0075] makeBufferedNet failed for driver clone1/Y
[WARNING RSZ-0075] makeBufferedNet failed for driver enc_block.sword_ctr_reg\[0\]$_DFFE_PN0P_/QN
[WARNING RSZ-0075] makeBufferedNet failed for driver _28144_/Y
[WARNING RSZ-0075] makeBufferedNet failed for driver _41156_/CON
[WARNING RSZ-0075] makeBufferedNet failed for driver _35854_/Y
[WARNING RSZ-0075] makeBufferedNet failed for driver clone1/Y
[WARNING RSZ-0075] makeBufferedNet failed for driver enc_block.sword_ctr_reg\[0\]$_DFFE_PN0P_/QN
[WARNING RSZ-0075] makeBufferedNet failed for driver _28144_/Y
[WARNING RSZ-0075] makeBufferedNet failed for driver _41156_/CON
[WARNING RSZ-0075] makeBufferedNet failed for driver _35854_/Y
[WARNING RSZ-0075] makeBufferedNet failed for driver clone1/Y
[WARNING RSZ-0075] makeBufferedNet failed for driver enc_block.sword_ctr_reg\[0\]$_DFFE_PN0P_/QN
[WARNING RSZ-0075] makeBufferedNet failed for driver _28144_/Y
       10 |       0 |       7 |        0 |      1 |     1 | -622.718 | -1349275.2 |   2606 | keymem.key_mem\[11\]\[3\]$_DFFE_PN0P_/D
[WARNING RSZ-0075] makeBufferedNet failed for driver _41156_/CON
[WARNING RSZ-0075] makeBufferedNet failed for driver _35854_/Y
[WARNING RSZ-0075] makeBufferedNet failed for driver clone1/Y
[WARNING RSZ-0075] makeBufferedNet failed for driver enc_block.sword_ctr_reg\[0\]$_DFFE_PN0P_/QN
[WARNING RSZ-0075] makeBufferedNet failed for driver _28144_/Y
[WARNING RSZ-0075] makeBufferedNet failed for driver _41156_/CON
[WARNING RSZ-0075] makeBufferedNet failed for driver _35854_/Y
[WARNING RSZ-0075] makeBufferedNet failed for driver clone1/Y
[WARNING RSZ-0075] makeBufferedNet failed for driver _41156_/CON
[WARNING RSZ-0075] makeBufferedNet failed for driver _35854_/Y
[WARNING RSZ-0075] makeBufferedNet failed for driver clone1/Y
[WARNING RSZ-0075] makeBufferedNet failed for driver enc_block.sword_ctr_reg\[0\]$_DFFE_PN0P_/QN
[WARNING RSZ-0075] makeBufferedNet failed for driver _41156_/CON
[WARNING RSZ-0075] makeBufferedNet failed for driver _35854_/Y
[WARNING RSZ-0075] makeBufferedNet failed for driver clone1/Y
[WARNING RSZ-0075] makeBufferedNet failed for driver enc_block.sword_ctr_reg\[0\]$_DFFE_PN0P_/QN
[WARNING RSZ-0075] makeBufferedNet failed for driver _28144_/Y
[WARNING RSZ-0075] makeBufferedNet failed for driver _41156_/CON
[WARNING RSZ-0075] makeBufferedNet failed for driver _35854_/Y
[WARNING RSZ-0075] makeBufferedNet failed for driver clone1/Y
[WARNING RSZ-0075] makeBufferedNet failed for driver enc_block.sword_ctr_reg\[0\]$_DFFE_PN0P_/QN
[WARNING RSZ-0075] makeBufferedNet failed for driver _28144_/Y
[WARNING RSZ-0075] makeBufferedNet failed for driver _41156_/CON
[WARNING RSZ-0075] makeBufferedNet failed for driver _35854_/Y
[WARNING RSZ-0075] makeBufferedNet failed for driver clone1/Y
[WARNING RSZ-0075] makeBufferedNet failed for driver _28144_/Y
[WARNING RSZ-0075] makeBufferedNet failed for driver enc_block.sword_ctr_reg\[0\]$_DFFE_PN0P_/QN
[WARNING RSZ-0075] makeBufferedNet failed for driver _41156_/CON
[WARNING RSZ-0075] makeBufferedNet failed for driver _35854_/Y
[WARNING RSZ-0075] makeBufferedNet failed for driver clone1/Y
[WARNING RSZ-0075] makeBufferedNet failed for driver enc_block.sword_ctr_reg\[0\]$_DFFE_PN0P_/QN
[WARNING RSZ-0075] makeBufferedNet failed for driver _28144_/Y
[WARNING RSZ-0075] makeBufferedNet failed for driver _41156_/CON
[WARNING RSZ-0075] makeBufferedNet failed for driver _35854_/Y
[WARNING RSZ-0075] makeBufferedNet failed for driver clone1/Y
[WARNING RSZ-0075] makeBufferedNet failed for driver enc_block.sword_ctr_reg\[0\]$_DFFE_PN0P_/QN
[WARNING RSZ-0075] makeBufferedNet failed for driver _28144_/Y
[WARNING RSZ-0075] makeBufferedNet failed for driver _35392_/Y
[WARNING RSZ-0075] makeBufferedNet failed for driver _28145_/Y
[WARNING RSZ-0075] makeBufferedNet failed for driver _41156_/CON
[WARNING RSZ-0075] makeBufferedNet failed for driver _35854_/Y
[WARNING RSZ-0075] makeBufferedNet failed for driver clone1/Y
[WARNING RSZ-0075] makeBufferedNet failed for driver enc_block.sword_ctr_reg\[0\]$_DFFE_PN0P_/QN
[WARNING RSZ-0075] makeBufferedNet failed for driver _41156_/CON
[WARNING RSZ-0075] makeBufferedNet failed for driver _35854_/Y
[WARNING RSZ-0075] makeBufferedNet failed for driver clone1/Y
[WARNING RSZ-0075] makeBufferedNet failed for driver enc_block.sword_ctr_reg\[0\]$_DFFE_PN0P_/QN
[WARNING RSZ-0075] makeBufferedNet failed for driver _28144_/Y
[WARNING RSZ-0075] makeBufferedNet failed for driver _35392_/Y
       20 |       0 |      14 |        0 |      2 |     3 | -614.343 | -1340681.2 |   2606 | keymem.key_mem\[11\]\[3\]$_DFFE_PN0P_/D
[WARNING RSZ-0075] makeBufferedNet failed for driver _41156_/CON
[WARNING RSZ-0075] makeBufferedNet failed for driver _35854_/Y
[WARNING RSZ-0075] makeBufferedNet failed for driver clone1/Y
[WARNING RSZ-0075] makeBufferedNet failed for driver enc_block.sword_ctr_reg\[0\]$_DFFE_PN0P_/QN
[WARNING RSZ-0075] makeBufferedNet failed for driver _28144_/Y
[WARNING RSZ-0075] makeBufferedNet failed for driver _41156_/CON
[WARNING RSZ-0075] makeBufferedNet failed for driver _35854_/Y
[WARNING RSZ-0075] makeBufferedNet failed for driver clone1/Y
[WARNING RSZ-0075] makeBufferedNet failed for driver _28144_/Y
[WARNING RSZ-0075] makeBufferedNet failed for driver enc_block.sword_ctr_reg\[0\]$_DFFE_PN0P_/QN
[WARNING RSZ-0075] makeBufferedNet failed for driver _41156_/CON
[WARNING RSZ-0075] makeBufferedNet failed for driver _35854_/Y
[WARNING RSZ-0075] makeBufferedNet failed for driver clone1/Y
[WARNING RSZ-0075] makeBufferedNet failed for driver _28144_/Y
[WARNING RSZ-0075] makeBufferedNet failed for driver enc_block.sword_ctr_reg\[0\]$_DFFE_PN0P_/QN
[WARNING RSZ-0075] makeBufferedNet failed for driver _28340_/Y
[WARNING RSZ-0075] makeBufferedNet failed for driver _41156_/CON
[WARNING RSZ-0075] makeBufferedNet failed for driver _35854_/Y
[WARNING RSZ-0075] makeBufferedNet failed for driver clone1/Y
[WARNING RSZ-0075] makeBufferedNet failed for driver enc_block.sword_ctr_reg\[0\]$_DFFE_PN0P_/QN
[WARNING RSZ-0075] makeBufferedNet failed for driver _28144_/Y
[WARNING RSZ-0075] makeBufferedNet failed for driver _41156_/CON
[WARNING RSZ-0075] makeBufferedNet failed for driver _35854_/Y
[WARNING RSZ-0075] makeBufferedNet failed for driver clone1/Y
[WARNING RSZ-0075] makeBufferedNet failed for driver enc_block.sword_ctr_reg\[0\]$_DFFE_PN0P_/QN
[WARNING RSZ-0075] makeBufferedNet failed for driver _28144_/Y
[WARNING RSZ-0075] makeBufferedNet failed for driver _28170_/Y
[WARNING RSZ-0075] makeBufferedNet failed for driver _28297_/Y
[WARNING RSZ-0075] makeBufferedNet failed for driver _35854_/Y
[WARNING RSZ-0075] makeBufferedNet failed for driver _35854_/Y
[WARNING RSZ-0075] makeBufferedNet failed for driver _35854_/Y
[WARNING RSZ-0075] makeBufferedNet failed for driver _41156_/CON
[WARNING RSZ-0075] makeBufferedNet failed for driver _35854_/Y
[WARNING RSZ-0075] makeBufferedNet failed for driver clone1/Y
[WARNING RSZ-0075] makeBufferedNet failed for driver enc_block.sword_ctr_reg\[0\]$_DFFE_PN0P_/QN
[WARNING RSZ-0075] makeBufferedNet failed for driver _35854_/Y
[WARNING RSZ-0075] makeBufferedNet failed for driver clone1/Y
[WARNING RSZ-0075] makeBufferedNet failed for driver enc_block.sword_ctr_reg\[0\]$_DFFE_PN0P_/QN
       30 |       0 |      20 |        0 |      4 |     5 | -614.189 | -1341290.1 |   2606 | keymem.key_mem\[11\]\[3\]$_DFFE_PN0P_/D
[WARNING RSZ-0075] makeBufferedNet failed for driver _41156_/CON
[WARNING RSZ-0075] makeBufferedNet failed for driver _35854_/Y
[WARNING RSZ-0075] makeBufferedNet failed for driver clone1/Y
[WARNING RSZ-0075] makeBufferedNet failed for driver enc_block.sword_ctr_reg\[0\]$_DFFE_PN0P_/QN
[WARNING RSZ-0075] makeBufferedNet failed for driver _28144_/Y
[WARNING RSZ-0075] makeBufferedNet failed for driver _28267_/Y
[WARNING RSZ-0075] makeBufferedNet failed for driver _41156_/CON
[WARNING RSZ-0075] makeBufferedNet failed for driver _35854_/Y
[WARNING RSZ-0075] makeBufferedNet failed for driver clone1/Y
[WARNING RSZ-0075] makeBufferedNet failed for driver enc_block.sword_ctr_reg\[0\]$_DFFE_PN0P_/QN
[WARNING RSZ-0075] makeBufferedNet failed for driver _28144_/Y
[WARNING RSZ-0075] makeBufferedNet failed for driver _41156_/CON
[WARNING RSZ-0075] makeBufferedNet failed for driver _35854_/Y
[WARNING RSZ-0075] makeBufferedNet failed for driver clone1/Y
[WARNING RSZ-0075] makeBufferedNet failed for driver _28144_/Y
[WARNING RSZ-0075] makeBufferedNet failed for driver enc_block.sword_ctr_reg\[0\]$_DFFE_PN0P_/QN
[WARNING RSZ-0075] makeBufferedNet failed for driver _28267_/Y
[WARNING RSZ-0075] makeBufferedNet failed for driver _28299_/Y
[WARNING RSZ-0075] makeBufferedNet failed for driver _41156_/CON
[WARNING RSZ-0075] makeBufferedNet failed for driver _35854_/Y
[WARNING RSZ-0075] makeBufferedNet failed for driver _41156_/CON
[WARNING RSZ-0075] makeBufferedNet failed for driver _35854_/Y
[WARNING RSZ-0075] makeBufferedNet failed for driver _41156_/CON
[WARNING RSZ-0075] makeBufferedNet failed for driver _35854_/Y
[WARNING RSZ-0075] makeBufferedNet failed for driver _41156_/CON
[WARNING RSZ-0075] makeBufferedNet failed for driver _35854_/Y
[WARNING RSZ-0075] makeBufferedNet failed for driver clone1/Y
[WARNING RSZ-0075] makeBufferedNet failed for driver enc_block.sword_ctr_reg\[0\]$_DFFE_PN0P_/QN
[WARNING RSZ-0075] makeBufferedNet failed for driver _28144_/Y
[WARNING RSZ-0075] makeBufferedNet failed for driver _35392_/Y
[WARNING RSZ-0075] makeBufferedNet failed for driver _31669_/Y
[WARNING RSZ-0075] makeBufferedNet failed for driver _28220_/Y
[WARNING RSZ-0075] makeBufferedNet failed for driver _41156_/CON
[WARNING RSZ-0075] makeBufferedNet failed for driver _35854_/Y
[WARNING RSZ-0075] makeBufferedNet failed for driver _35854_/Y
[WARNING RSZ-0075] makeBufferedNet failed for driver _35854_/Y
       40 |       0 |      28 |        0 |      6 |     5 | -613.438 | -1341747.8 |   2606 | keymem.key_mem\[11\]\[3\]$_DFFE_PN0P_/D
[WARNING RSZ-0075] makeBufferedNet failed for driver _41156_/CON
[WARNING RSZ-0075] makeBufferedNet failed for driver _35854_/Y
[WARNING RSZ-0075] makeBufferedNet failed for driver clone1/Y
[WARNING RSZ-0075] makeBufferedNet failed for driver enc_block.sword_ctr_reg\[0\]$_DFFE_PN0P_/QN
[WARNING RSZ-0075] makeBufferedNet failed for driver _28144_/Y
[WARNING RSZ-0075] makeBufferedNet failed for driver _41156_/CON
[WARNING RSZ-0075] makeBufferedNet failed for driver _35854_/Y
[WARNING RSZ-0075] makeBufferedNet failed for driver clone1/Y
[WARNING RSZ-0075] makeBufferedNet failed for driver _28144_/Y
[WARNING RSZ-0075] makeBufferedNet failed for driver enc_block.sword_ctr_reg\[0\]$_DFFE_PN0P_/QN
[WARNING RSZ-0075] makeBufferedNet failed for driver _35392_/Y
[WARNING RSZ-0075] makeBufferedNet failed for driver _35854_/Y
[WARNING RSZ-0075] makeBufferedNet failed for driver clone1/Y
[WARNING RSZ-0075] makeBufferedNet failed for driver _41156_/CON
[WARNING RSZ-0075] makeBufferedNet failed for driver _35854_/Y
[WARNING RSZ-0075] makeBufferedNet failed for driver clone1/Y
[WARNING RSZ-0075] makeBufferedNet failed for driver _41156_/CON
[WARNING RSZ-0075] makeBufferedNet failed for driver _35854_/Y
[WARNING RSZ-0075] makeBufferedNet failed for driver clone1/Y
[WARNING RSZ-0075] makeBufferedNet failed for driver enc_block.sword_ctr_reg\[0\]$_DFFE_PN0P_/QN
[WARNING RSZ-0075] makeBufferedNet failed for driver _28144_/Y
[WARNING RSZ-0075] makeBufferedNet failed for driver _28170_/Y
[WARNING RSZ-0075] makeBufferedNet failed for driver _35392_/Y
[WARNING RSZ-0075] makeBufferedNet failed for driver _41156_/CON
[WARNING RSZ-0075] makeBufferedNet failed for driver _35854_/Y
[WARNING RSZ-0075] makeBufferedNet failed for driver clone1/Y
[WARNING RSZ-0075] makeBufferedNet failed for driver enc_block.sword_ctr_reg\[0\]$_DFFE_PN0P_/QN
[WARNING RSZ-0075] makeBufferedNet failed for driver _41156_/CON
[WARNING RSZ-0075] makeBufferedNet failed for driver _35854_/Y
[WARNING RSZ-0075] makeBufferedNet failed for driver clone1/Y
[WARNING RSZ-0075] makeBufferedNet failed for driver _28144_/Y
[WARNING RSZ-0075] makeBufferedNet failed for driver enc_block.sword_ctr_reg\[0\]$_DFFE_PN0P_/QN
[WARNING RSZ-0075] makeBufferedNet failed for driver _35392_/Y
[WARNING RSZ-0075] makeBufferedNet failed for driver _41156_/CON
[WARNING RSZ-0075] makeBufferedNet failed for driver _35854_/Y
[WARNING RSZ-0075] makeBufferedNet failed for driver clone1/Y
[WARNING RSZ-0075] makeBufferedNet failed for driver enc_block.sword_ctr_reg\[0\]$_DFFE_PN0P_/QN
[WARNING RSZ-0075] makeBufferedNet failed for driver _28144_/Y
[WARNING RSZ-0075] makeBufferedNet failed for driver _28170_/Y
[WARNING RSZ-0075] makeBufferedNet failed for driver _35392_/Y
[WARNING RSZ-0075] makeBufferedNet failed for driver _31691_/Y
[WARNING RSZ-0075] makeBufferedNet failed for driver _41156_/CON
[WARNING RSZ-0075] makeBufferedNet failed for driver _35854_/Y
[WARNING RSZ-0075] makeBufferedNet failed for driver clone1/Y
[WARNING RSZ-0075] makeBufferedNet failed for driver enc_block.sword_ctr_reg\[0\]$_DFFE_PN0P_/QN
[WARNING RSZ-0075] makeBufferedNet failed for driver _28144_/Y
[WARNING RSZ-0075] makeBufferedNet failed for driver _28170_/Y
[WARNING RSZ-0075] makeBufferedNet failed for driver _35392_/Y
[WARNING RSZ-0075] makeBufferedNet failed for driver _31691_/Y
[WARNING RSZ-0075] makeBufferedNet failed for driver _28145_/Y
[WARNING RSZ-0075] makeBufferedNet failed for driver _28434_/Y
[WARNING RSZ-0075] makeBufferedNet failed for driver _41156_/CON
[WARNING RSZ-0075] makeBufferedNet failed for driver _35854_/Y
[WARNING RSZ-0075] makeBufferedNet failed for driver clone1/Y
[WARNING RSZ-0075] makeBufferedNet failed for driver enc_block.sword_ctr_reg\[0\]$_DFFE_PN0P_/QN
[WARNING RSZ-0075] makeBufferedNet failed for driver _28144_/Y
[WARNING RSZ-0075] makeBufferedNet failed for driver _28170_/Y
[WARNING RSZ-0075] makeBufferedNet failed for driver _35392_/Y
[WARNING RSZ-0075] makeBufferedNet failed for driver _31669_/Y
[WARNING RSZ-0075] makeBufferedNet failed for driver _28405_/Y
[WARNING RSZ-0075] makeBufferedNet failed for driver _28145_/Y
[WARNING RSZ-0075] makeBufferedNet failed for driver _31672_/Y
       50 |       0 |      33 |        0 |      7 |     9 | -607.597 | -1340721.0 |   2606 | keymem.key_mem\[11\]\[3\]$_DFFE_PN0P_/D
[WARNING RSZ-0075] makeBufferedNet failed for driver _41156_/CON
[WARNING RSZ-0075] makeBufferedNet failed for driver _35854_/Y
[WARNING RSZ-0075] makeBufferedNet failed for driver clone1/Y
[WARNING RSZ-0075] makeBufferedNet failed for driver enc_block.sword_ctr_reg\[0\]$_DFFE_PN0P_/QN
[WARNING RSZ-0075] makeBufferedNet failed for driver _28144_/Y
[WARNING RSZ-0075] makeBufferedNet failed for driver _28170_/Y
[WARNING RSZ-0075] makeBufferedNet failed for driver _35392_/Y
[WARNING RSZ-0075] makeBufferedNet failed for driver _31669_/Y
[WARNING RSZ-0075] makeBufferedNet failed for driver _28405_/Y
[WARNING RSZ-0075] makeBufferedNet failed for driver _28145_/Y
[WARNING RSZ-0075] makeBufferedNet failed for driver _31672_/Y
[WARNING RSZ-0075] makeBufferedNet failed for driver _28158_/Y
[WARNING RSZ-0075] makeBufferedNet failed for driver _41156_/CON
[WARNING RSZ-0075] makeBufferedNet failed for driver _35854_/Y
[WARNING RSZ-0075] makeBufferedNet failed for driver clone1/Y
[WARNING RSZ-0075] makeBufferedNet failed for driver enc_block.sword_ctr_reg\[0\]$_DFFE_PN0P_/QN
[WARNING RSZ-0075] makeBufferedNet failed for driver _28144_/Y
[WARNING RSZ-0075] makeBufferedNet failed for driver _28170_/Y
[WARNING RSZ-0075] makeBufferedNet failed for driver _35392_/Y
[WARNING RSZ-0075] makeBufferedNet failed for driver _31669_/Y
[WARNING RSZ-0075] makeBufferedNet failed for driver _28405_/Y
[WARNING RSZ-0075] makeBufferedNet failed for driver _28145_/Y
[WARNING RSZ-0075] makeBufferedNet failed for driver _31672_/Y
[WARNING RSZ-0075] makeBufferedNet failed for driver _28158_/Y
[WARNING RSZ-0075] makeBufferedNet failed for driver _35778_/Y
[WARNING RSZ-0075] makeBufferedNet failed for driver _35852_/Y
[WARNING RSZ-0075] makeBufferedNet failed for driver _41156_/CON
[WARNING RSZ-0075] makeBufferedNet failed for driver _35854_/Y
[WARNING RSZ-0075] makeBufferedNet failed for driver clone1/Y
[WARNING RSZ-0075] makeBufferedNet failed for driver _28144_/Y
[WARNING RSZ-0075] makeBufferedNet failed for driver enc_block.sword_ctr_reg\[0\]$_DFFE_PN0P_/QN
[WARNING RSZ-0075] makeBufferedNet failed for driver _41156_/CON
[WARNING RSZ-0075] makeBufferedNet failed for driver _35854_/Y
[WARNING RSZ-0075] makeBufferedNet failed for driver clone1/Y
[WARNING RSZ-0075] makeBufferedNet failed for driver enc_block.sword_ctr_reg\[0\]$_DFFE_PN0P_/QN
[WARNING RSZ-0075] makeBufferedNet failed for driver _28144_/Y
[WARNING RSZ-0075] makeBufferedNet failed for driver _41156_/CON
[WARNING RSZ-0075] makeBufferedNet failed for driver _35854_/Y
[WARNING RSZ-0075] makeBufferedNet failed for driver clone1/Y
[WARNING RSZ-0075] makeBufferedNet failed for driver _28144_/Y
[WARNING RSZ-0075] makeBufferedNet failed for driver enc_block.sword_ctr_reg\[0\]$_DFFE_PN0P_/QN
[WARNING RSZ-0075] makeBufferedNet failed for driver _35392_/Y
[WARNING RSZ-0075] makeBufferedNet failed for driver _28291_/Y
[WARNING RSZ-0075] makeBufferedNet failed for driver _28586_/Y
[WARNING RSZ-0075] makeBufferedNet failed for driver _35854_/Y
[WARNING RSZ-0075] makeBufferedNet failed for driver clone1/Y
[WARNING RSZ-0075] makeBufferedNet failed for driver enc_block.sword_ctr_reg\[0\]$_DFFE_PN0P_/QN
[WARNING RSZ-0075] makeBufferedNet failed for driver _41156_/CON
[WARNING RSZ-0075] makeBufferedNet failed for driver _35854_/Y
[WARNING RSZ-0075] makeBufferedNet failed for driver clone1/Y
[WARNING RSZ-0075] makeBufferedNet failed for driver enc_block.sword_ctr_reg\[0\]$_DFFE_PN0P_/QN
[WARNING RSZ-0075] makeBufferedNet failed for driver _28144_/Y
[WARNING RSZ-0075] makeBufferedNet failed for driver _28170_/Y
[WARNING RSZ-0075] makeBufferedNet failed for driver _35392_/Y
[WARNING RSZ-0075] makeBufferedNet failed for driver _31669_/Y
[WARNING RSZ-0075] makeBufferedNet failed for driver _28405_/Y
[WARNING RSZ-0075] makeBufferedNet failed for driver _28145_/Y
[WARNING RSZ-0075] makeBufferedNet failed for driver _31672_/Y
[WARNING RSZ-0075] makeBufferedNet failed for driver _35778_/Y
[WARNING RSZ-0075] makeBufferedNet failed for driver _28158_/Y
[WARNING RSZ-0075] makeBufferedNet failed for driver _35852_/Y
[WARNING RSZ-0075] makeBufferedNet failed for driver _41156_/CON
[WARNING RSZ-0075] makeBufferedNet failed for driver _35854_/Y
[WARNING RSZ-0075] makeBufferedNet failed for driver clone1/Y
[WARNING RSZ-0075] makeBufferedNet failed for driver enc_block.sword_ctr_reg\[0\]$_DFFE_PN0P_/QN
[WARNING RSZ-0075] makeBufferedNet failed for driver _28144_/Y
[WARNING RSZ-0075] makeBufferedNet failed for driver _28170_/Y
[WARNING RSZ-0075] makeBufferedNet failed for driver _35392_/Y
[WARNING RSZ-0075] makeBufferedNet failed for driver _31669_/Y
[WARNING RSZ-0075] makeBufferedNet failed for driver _28405_/Y
[WARNING RSZ-0075] makeBufferedNet failed for driver _28145_/Y
[WARNING RSZ-0075] makeBufferedNet failed for driver _31672_/Y
[WARNING RSZ-0075] makeBufferedNet failed for driver _35778_/Y
[WARNING RSZ-0075] makeBufferedNet failed for driver _28158_/Y
[WARNING RSZ-0075] makeBufferedNet failed for driver _35852_/Y
[WARNING RSZ-0075] makeBufferedNet failed for driver _41156_/CON
[WARNING RSZ-0075] makeBufferedNet failed for driver enc_block.sword_ctr_reg\[0\]$_DFFE_PN0P_/QN
[WARNING RSZ-0075] makeBufferedNet failed for driver _41156_/CON
[WARNING RSZ-0075] makeBufferedNet failed for driver _35854_/Y
[WARNING RSZ-0075] makeBufferedNet failed for driver clone1/Y
[WARNING RSZ-0075] makeBufferedNet failed for driver enc_block.sword_ctr_reg\[0\]$_DFFE_PN0P_/QN
[WARNING RSZ-0075] makeBufferedNet failed for driver _35391_/Y
[WARNING RSZ-0075] makeBufferedNet failed for driver _28144_/Y
       60 |       0 |      40 |        0 |      7 |    12 | -606.055 | -1342416.0 |   2606 | keymem.key_mem\[11\]\[3\]$_DFFE_PN0P_/D
[WARNING RSZ-0075] makeBufferedNet failed for driver _41156_/CON
[WARNING RSZ-0075] makeBufferedNet failed for driver _35854_/Y
[WARNING RSZ-0075] makeBufferedNet failed for driver clone1/Y
[WARNING RSZ-0075] makeBufferedNet failed for driver enc_block.sword_ctr_reg\[0\]$_DFFE_PN0P_/QN
[WARNING RSZ-0075] makeBufferedNet failed for driver _28144_/Y
[WARNING RSZ-0075] makeBufferedNet failed for driver _28170_/Y
[WARNING RSZ-0075] makeBufferedNet failed for driver _35392_/Y
[WARNING RSZ-0075] makeBufferedNet failed for driver _31669_/Y
[WARNING RSZ-0075] makeBufferedNet failed for driver _28405_/Y
[WARNING RSZ-0075] makeBufferedNet failed for driver _28145_/Y
[WARNING RSZ-0075] makeBufferedNet failed for driver _31672_/Y
[WARNING RSZ-0075] makeBufferedNet failed for driver _35778_/Y
[WARNING RSZ-0075] makeBufferedNet failed for driver _28158_/Y
[WARNING RSZ-0075] makeBufferedNet failed for driver _35852_/Y
[WARNING RSZ-0075] makeBufferedNet failed for driver _41156_/CON
[WARNING RSZ-0075] makeBufferedNet failed for driver _35854_/Y
[WARNING RSZ-0075] makeBufferedNet failed for driver clone1/Y
[WARNING RSZ-0075] makeBufferedNet failed for driver enc_block.sword_ctr_reg\[0\]$_DFFE_PN0P_/QN
[WARNING RSZ-0075] makeBufferedNet failed for driver _28144_/Y
[WARNING RSZ-0075] makeBufferedNet failed for driver _28170_/Y
[WARNING RSZ-0075] makeBufferedNet failed for driver _35392_/Y
[WARNING RSZ-0075] makeBufferedNet failed for driver _31669_/Y
[WARNING RSZ-0075] makeBufferedNet failed for driver _28405_/Y
[WARNING RSZ-0075] makeBufferedNet failed for driver _28145_/Y
[WARNING RSZ-0075] makeBufferedNet failed for driver _31672_/Y
[WARNING RSZ-0075] makeBufferedNet failed for driver _35778_/Y
[WARNING RSZ-0075] makeBufferedNet failed for driver _35852_/Y
[WARNING RSZ-0075] makeBufferedNet failed for driver _28158_/Y
[WARNING RSZ-0075] makeBufferedNet failed for driver _41156_/CON
[WARNING RSZ-0075] makeBufferedNet failed for driver enc_block.sword_ctr_reg\[0\]$_DFFE_PN0P_/QN
[WARNING RSZ-0075] makeBufferedNet failed for driver _41156_/CON
[WARNING RSZ-0075] makeBufferedNet failed for driver enc_block.sword_ctr_reg\[0\]$_DFFE_PN0P_/QN
[WARNING RSZ-0075] makeBufferedNet failed for driver _34139_/Y
[WARNING RSZ-0075] makeBufferedNet failed for driver _28144_/Y
[WARNING RSZ-0075] makeBufferedNet failed for driver _41156_/CON
[WARNING RSZ-0075] makeBufferedNet failed for driver enc_block.sword_ctr_reg\[0\]$_DFFE_PN0P_/QN
[WARNING RSZ-0075] makeBufferedNet failed for driver _28144_/Y
[WARNING RSZ-0075] makeBufferedNet failed for driver _30602_/Y
[WARNING RSZ-0075] makeBufferedNet failed for driver _41156_/CON
[WARNING RSZ-0075] makeBufferedNet failed for driver _41156_/CON
[WARNING RSZ-0075] makeBufferedNet failed for driver _41156_/CON
[WARNING RSZ-0075] makeBufferedNet failed for driver enc_block.sword_ctr_reg\[0\]$_DFFE_PN0P_/QN
[WARNING RSZ-0075] makeBufferedNet failed for driver _34139_/Y
[WARNING RSZ-0075] makeBufferedNet failed for driver _28144_/Y
[WARNING RSZ-0075] makeBufferedNet failed for driver _33688_/Y
[WARNING RSZ-0075] makeBufferedNet failed for driver _35663_/Y
[WARNING RSZ-0075] makeBufferedNet failed for driver _41156_/CON
[WARNING RSZ-0075] makeBufferedNet failed for driver _34139_/Y
[WARNING RSZ-0075] makeBufferedNet failed for driver enc_block.sword_ctr_reg\[0\]$_DFFE_PN0P_/QN
[WARNING RSZ-0075] makeBufferedNet failed for driver _41156_/CON
[WARNING RSZ-0075] makeBufferedNet failed for driver _34139_/Y
[WARNING RSZ-0075] makeBufferedNet failed for driver enc_block.sword_ctr_reg\[0\]$_DFFE_PN0P_/QN
[WARNING RSZ-0075] makeBufferedNet failed for driver _28144_/Y
[WARNING RSZ-0075] makeBufferedNet failed for driver _33688_/Y
[WARNING RSZ-0075] makeBufferedNet failed for driver clone9/Y
       70 |       0 |      44 |        0 |      9 |    16 | -609.847 | -1342432.8 |   2606 | keymem.key_mem\[10\]\[19\]$_DFFE_PN0P_/D
[WARNING RSZ-0075] makeBufferedNet failed for driver _41156_/CON
[WARNING RSZ-0075] makeBufferedNet failed for driver _34139_/Y
[WARNING RSZ-0075] makeBufferedNet failed for driver enc_block.sword_ctr_reg\[0\]$_DFFE_PN0P_/QN
[WARNING RSZ-0075] makeBufferedNet failed for driver _28144_/Y
[WARNING RSZ-0075] makeBufferedNet failed for driver _33688_/Y
[WARNING RSZ-0075] makeBufferedNet failed for driver clone9/Y
[WARNING RSZ-0075] makeBufferedNet failed for driver _28732_/Y
[WARNING RSZ-0075] makeBufferedNet failed for driver _41156_/CON
[WARNING RSZ-0075] makeBufferedNet failed for driver _34139_/Y
[WARNING RSZ-0075] makeBufferedNet failed for driver enc_block.sword_ctr_reg\[0\]$_DFFE_PN0P_/QN
[WARNING RSZ-0075] makeBufferedNet failed for driver _28144_/Y
[WARNING RSZ-0075] makeBufferedNet failed for driver _33688_/Y
[WARNING RSZ-0075] makeBufferedNet failed for driver clone9/Y
[WARNING RSZ-0075] makeBufferedNet failed for driver _28732_/Y
[WARNING RSZ-0075] makeBufferedNet failed for driver _41156_/CON
[WARNING RSZ-0075] makeBufferedNet failed for driver enc_block.sword_ctr_reg\[0\]$_DFFE_PN0P_/QN
[WARNING RSZ-0075] makeBufferedNet failed for driver _41156_/CON
[WARNING RSZ-0075] makeBufferedNet failed for driver _35854_/Y
[WARNING RSZ-0075] makeBufferedNet failed for driver clone1/Y
[WARNING RSZ-0075] makeBufferedNet failed for driver enc_block.sword_ctr_reg\[0\]$_DFFE_PN0P_/QN
[WARNING RSZ-0075] makeBufferedNet failed for driver _28144_/Y
[WARNING RSZ-0075] makeBufferedNet failed for driver _28170_/Y
[WARNING RSZ-0075] makeBufferedNet failed for driver _35392_/Y
[WARNING RSZ-0075] makeBufferedNet failed for driver _31669_/Y
[WARNING RSZ-0075] makeBufferedNet failed for driver _28405_/Y
[WARNING RSZ-0075] makeBufferedNet failed for driver _28145_/Y
[WARNING RSZ-0075] makeBufferedNet failed for driver _31672_/Y
[WARNING RSZ-0075] makeBufferedNet failed for driver _35778_/Y
[WARNING RSZ-0075] makeBufferedNet failed for driver _35852_/Y
[WARNING RSZ-0075] makeBufferedNet failed for driver _28158_/Y
[WARNING RSZ-0075] makeBufferedNet failed for driver _41156_/CON
[WARNING RSZ-0075] makeBufferedNet failed for driver _35854_/Y
[WARNING RSZ-0075] makeBufferedNet failed for driver clone1/Y
[WARNING RSZ-0075] makeBufferedNet failed for driver enc_block.sword_ctr_reg\[0\]$_DFFE_PN0P_/QN
[WARNING RSZ-0075] makeBufferedNet failed for driver _28144_/Y
[WARNING RSZ-0075] makeBufferedNet failed for driver _28170_/Y
[WARNING RSZ-0075] makeBufferedNet failed for driver _35392_/Y
[WARNING RSZ-0075] makeBufferedNet failed for driver _31669_/Y
[WARNING RSZ-0075] makeBufferedNet failed for driver _28405_/Y
[WARNING RSZ-0075] makeBufferedNet failed for driver _28145_/Y
[WARNING RSZ-0075] makeBufferedNet failed for driver _31672_/Y
[WARNING RSZ-0075] makeBufferedNet failed for driver _35778_/Y
[WARNING RSZ-0075] makeBufferedNet failed for driver _35852_/Y
[WARNING RSZ-0075] makeBufferedNet failed for driver _28158_/Y
[WARNING RSZ-0075] makeBufferedNet failed for driver _28503_/Y
[WARNING RSZ-0075] makeBufferedNet failed for driver _41156_/CON
[WARNING RSZ-0075] makeBufferedNet failed for driver _35854_/Y
[WARNING RSZ-0075] makeBufferedNet failed for driver clone1/Y
[WARNING RSZ-0075] makeBufferedNet failed for driver enc_block.sword_ctr_reg\[0\]$_DFFE_PN0P_/QN
[WARNING RSZ-0075] makeBufferedNet failed for driver _35391_/Y
[WARNING RSZ-0075] makeBufferedNet failed for driver _28144_/Y
[WARNING RSZ-0075] makeBufferedNet failed for driver _41156_/CON
[WARNING RSZ-0075] makeBufferedNet failed for driver _35854_/Y
[WARNING RSZ-0075] makeBufferedNet failed for driver clone1/Y
[WARNING RSZ-0075] makeBufferedNet failed for driver _28144_/Y
[WARNING RSZ-0075] makeBufferedNet failed for driver enc_block.sword_ctr_reg\[0\]$_DFFE_PN0P_/QN
[WARNING RSZ-0075] makeBufferedNet failed for driver _35392_/Y
[WARNING RSZ-0075] makeBufferedNet failed for driver _28586_/Y
[WARNING RSZ-0075] makeBufferedNet failed for driver _28145_/Y
[WARNING RSZ-0075] makeBufferedNet failed for driver _31691_/Y
[WARNING RSZ-0075] makeBufferedNet failed for driver _28291_/Y
[WARNING RSZ-0075] makeBufferedNet failed for driver _41156_/CON
[WARNING RSZ-0075] makeBufferedNet failed for driver _35854_/Y
[WARNING RSZ-0075] makeBufferedNet failed for driver _41156_/CON
[WARNING RSZ-0075] makeBufferedNet failed for driver _28144_/Y
[WARNING RSZ-0075] makeBufferedNet failed for driver enc_block.sword_ctr_reg\[0\]$_DFFE_PN0P_/QN
[WARNING RSZ-0075] makeBufferedNet failed for driver _35927_/Y
[WARNING RSZ-0075] makeBufferedNet failed for driver _41156_/CON
[WARNING RSZ-0075] makeBufferedNet failed for driver _35854_/Y
[WARNING RSZ-0075] makeBufferedNet failed for driver clone1/Y
[WARNING RSZ-0075] makeBufferedNet failed for driver _28144_/Y
[WARNING RSZ-0075] makeBufferedNet failed for driver enc_block.sword_ctr_reg\[0\]$_DFFE_PN0P_/QN
[WARNING RSZ-0075] makeBufferedNet failed for driver _35392_/Y
       80 |       0 |      51 |        0 |      9 |    19 | -602.247 | -1341377.8 |   2606 | keymem.key_mem\[1\]\[24\]$_DFFE_PN0P_/D
[WARNING RSZ-0075] makeBufferedNet failed for driver _41156_/CON
[WARNING RSZ-0075] makeBufferedNet failed for driver enc_block.sword_ctr_reg\[0\]$_DFFE_PN0P_/QN
[WARNING RSZ-0075] makeBufferedNet failed for driver _41156_/CON
[WARNING RSZ-0075] makeBufferedNet failed for driver enc_block.sword_ctr_reg\[0\]$_DFFE_PN0P_/QN
[WARNING RSZ-0075] makeBufferedNet failed for driver _28144_/Y
[WARNING RSZ-0075] makeBufferedNet failed for driver _41156_/CON
[WARNING RSZ-0075] makeBufferedNet failed for driver _35854_/Y
[WARNING RSZ-0075] makeBufferedNet failed for driver clone1/Y
[WARNING RSZ-0075] makeBufferedNet failed for driver _28144_/Y
[WARNING RSZ-0075] makeBufferedNet failed for driver enc_block.sword_ctr_reg\[0\]$_DFFE_PN0P_/QN
[WARNING RSZ-0075] makeBufferedNet failed for driver _41156_/CON
[WARNING RSZ-0075] makeBufferedNet failed for driver _35854_/Y
[WARNING RSZ-0075] makeBufferedNet failed for driver clone1/Y
[WARNING RSZ-0075] makeBufferedNet failed for driver enc_block.sword_ctr_reg\[0\]$_DFFE_PN0P_/QN
[WARNING RSZ-0075] makeBufferedNet failed for driver _28144_/Y
[WARNING RSZ-0075] makeBufferedNet failed for driver _28170_/Y
[WARNING RSZ-0075] makeBufferedNet failed for driver _35392_/Y
[WARNING RSZ-0075] makeBufferedNet failed for driver _28145_/Y
[WARNING RSZ-0075] makeBufferedNet failed for driver _31691_/Y
[WARNING RSZ-0075] makeBufferedNet failed for driver _28190_/Y
[WARNING RSZ-0075] makeBufferedNet failed for driver _35778_/Y
[WARNING RSZ-0075] makeBufferedNet failed for driver _35852_/Y
[WARNING RSZ-0075] makeBufferedNet failed for driver _28191_/Y
[WARNING RSZ-0075] makeBufferedNet failed for driver _41156_/CON
[WARNING RSZ-0075] makeBufferedNet failed for driver enc_block.sword_ctr_reg\[0\]$_DFFE_PN0P_/QN
[WARNING RSZ-0075] makeBufferedNet failed for driver _41156_/CON
[WARNING RSZ-0075] makeBufferedNet failed for driver enc_block.sword_ctr_reg\[0\]$_DFFE_PN0P_/QN
[WARNING RSZ-0075] makeBufferedNet failed for driver _41156_/CON
[WARNING RSZ-0075] makeBufferedNet failed for driver enc_block.sword_ctr_reg\[0\]$_DFFE_PN0P_/QN
[WARNING RSZ-0075] makeBufferedNet failed for driver _28144_/Y
[WARNING RSZ-0075] makeBufferedNet failed for driver _41156_/CON
[WARNING RSZ-0075] makeBufferedNet failed for driver _35854_/Y
[WARNING RSZ-0075] makeBufferedNet failed for driver clone1/Y
[WARNING RSZ-0075] makeBufferedNet failed for driver _28144_/Y
[WARNING RSZ-0075] makeBufferedNet failed for driver enc_block.sword_ctr_reg\[0\]$_DFFE_PN0P_/QN
[WARNING RSZ-0075] makeBufferedNet failed for driver _35391_/Y
[WARNING RSZ-0075] makeBufferedNet failed for driver _41156_/CON
[WARNING RSZ-0075] makeBufferedNet failed for driver enc_block.sword_ctr_reg\[0\]$_DFFE_PN0P_/QN
[WARNING RSZ-0075] makeBufferedNet failed for driver _28144_/Y
[WARNING RSZ-0075] makeBufferedNet failed for driver _41156_/CON
[WARNING RSZ-0075] makeBufferedNet failed for driver enc_block.sword_ctr_reg\[0\]$_DFFE_PN0P_/QN
       90 |       0 |      59 |        0 |     10 |    20 | -601.009 | -1339767.5 |   2606 | keymem.key_mem\[11\]\[3\]$_DFFE_PN0P_/D
[WARNING RSZ-0075] makeBufferedNet failed for driver _41156_/CON
[WARNING RSZ-0075] makeBufferedNet failed for driver _35854_/Y
[WARNING RSZ-0075] makeBufferedNet failed for driver clone1/Y
[WARNING RSZ-0075] makeBufferedNet failed for driver _28144_/Y
[WARNING RSZ-0075] makeBufferedNet failed for driver enc_block.sword_ctr_reg\[0\]$_DFFE_PN0P_/QN
[WARNING RSZ-0075] makeBufferedNet failed for driver _41156_/CON
[WARNING RSZ-0075] makeBufferedNet failed for driver _35854_/Y
[WARNING RSZ-0075] makeBufferedNet failed for driver clone1/Y
[WARNING RSZ-0075] makeBufferedNet failed for driver _28144_/Y
[WARNING RSZ-0075] makeBufferedNet failed for driver enc_block.sword_ctr_reg\[0\]$_DFFE_PN0P_/QN
[WARNING RSZ-0075] makeBufferedNet failed for driver _41156_/CON
[WARNING RSZ-0075] makeBufferedNet failed for driver _35854_/Y
[WARNING RSZ-0075] makeBufferedNet failed for driver clone1/Y
[WARNING RSZ-0075] makeBufferedNet failed for driver enc_block.sword_ctr_reg\[0\]$_DFFE_PN0P_/QN
[WARNING RSZ-0075] makeBufferedNet failed for driver _28144_/Y
[WARNING RSZ-0075] makeBufferedNet failed for driver _28170_/Y
[WARNING RSZ-0075] makeBufferedNet failed for driver _35392_/Y
[WARNING RSZ-0075] makeBufferedNet failed for driver _28145_/Y
[WARNING RSZ-0075] makeBufferedNet failed for driver _31691_/Y
[WARNING RSZ-0075] makeBufferedNet failed for driver _41156_/CON
[WARNING RSZ-0075] makeBufferedNet failed for driver enc_block.sword_ctr_reg\[0\]$_DFFE_PN0P_/QN
[WARNING RSZ-0075] makeBufferedNet failed for driver _41156_/CON
[WARNING RSZ-0075] makeBufferedNet failed for driver _35854_/Y
[WARNING RSZ-0075] makeBufferedNet failed for driver clone1/Y
[WARNING RSZ-0075] makeBufferedNet failed for driver enc_block.sword_ctr_reg\[0\]$_DFFE_PN0P_/QN
[WARNING RSZ-0075] makeBufferedNet failed for driver _28144_/Y
[WARNING RSZ-0075] makeBufferedNet failed for driver _28170_/Y
[WARNING RSZ-0075] makeBufferedNet failed for driver _35392_/Y
[WARNING RSZ-0075] makeBufferedNet failed for driver _28145_/Y
[WARNING RSZ-0075] makeBufferedNet failed for driver _28190_/Y
[WARNING RSZ-0075] makeBufferedNet failed for driver _31691_/Y
[WARNING RSZ-0075] makeBufferedNet failed for driver _35778_/Y
[WARNING RSZ-0075] makeBufferedNet failed for driver _35852_/Y
[WARNING RSZ-0075] makeBufferedNet failed for driver _28158_/Y
[WARNING RSZ-0075] makeBufferedNet failed for driver _28191_/Y
[WARNING RSZ-0075] makeBufferedNet failed for driver _41156_/CON
[WARNING RSZ-0075] makeBufferedNet failed for driver _35854_/Y
[WARNING RSZ-0075] makeBufferedNet failed for driver clone1/Y
[WARNING RSZ-0075] makeBufferedNet failed for driver _28144_/Y
[WARNING RSZ-0075] makeBufferedNet failed for driver enc_block.sword_ctr_reg\[0\]$_DFFE_PN0P_/QN
[WARNING RSZ-0075] makeBufferedNet failed for driver _35392_/Y
[WARNING RSZ-0075] makeBufferedNet failed for driver _41156_/CON
[WARNING RSZ-0075] makeBufferedNet failed for driver _35854_/Y
[WARNING RSZ-0075] makeBufferedNet failed for driver clone1/Y
[WARNING RSZ-0075] makeBufferedNet failed for driver enc_block.sword_ctr_reg\[0\]$_DFFE_PN0P_/QN
[WARNING RSZ-0075] makeBufferedNet failed for driver _28144_/Y
[WARNING RSZ-0075] makeBufferedNet failed for driver _35854_/Y
[WARNING RSZ-0075] makeBufferedNet failed for driver clone1/Y
[WARNING RSZ-0075] makeBufferedNet failed for driver _35391_/Y
[WARNING RSZ-0075] makeBufferedNet failed for driver _41156_/CON
[WARNING RSZ-0075] makeBufferedNet failed for driver _35854_/Y
[WARNING RSZ-0075] makeBufferedNet failed for driver clone1/Y
[WARNING RSZ-0075] makeBufferedNet failed for driver enc_block.sword_ctr_reg\[0\]$_DFFE_PN0P_/QN
[WARNING RSZ-0075] makeBufferedNet failed for driver _28144_/Y
[WARNING RSZ-0075] makeBufferedNet failed for driver _28170_/Y
[WARNING RSZ-0075] makeBufferedNet failed for driver _35392_/Y
[WARNING RSZ-0075] makeBufferedNet failed for driver _28145_/Y
[WARNING RSZ-0075] makeBufferedNet failed for driver _31691_/Y
[WARNING RSZ-0075] makeBufferedNet failed for driver _41156_/CON
[WARNING RSZ-0075] makeBufferedNet failed for driver _35854_/Y
[WARNING RSZ-0075] makeBufferedNet failed for driver clone1/Y
[WARNING RSZ-0075] makeBufferedNet failed for driver _28144_/Y
[WARNING RSZ-0075] makeBufferedNet failed for driver enc_block.sword_ctr_reg\[0\]$_DFFE_PN0P_/QN
[WARNING RSZ-0075] makeBufferedNet failed for driver _35392_/Y
[WARNING RSZ-0075] makeBufferedNet failed for driver _28145_/Y
[WARNING RSZ-0075] makeBufferedNet failed for driver _28586_/Y
[WARNING RSZ-0075] makeBufferedNet failed for driver _31691_/Y
[WARNING RSZ-0075] makeBufferedNet failed for driver _28291_/Y
[WARNING RSZ-0075] makeBufferedNet failed for driver _28294_/Y
      100 |       0 |      68 |        0 |     10 |    21 | -600.917 | -1340813.4 |   2606 | keymem.key_mem\[11\]\[3\]$_DFFE_PN0P_/D
[WARNING RSZ-0075] makeBufferedNet failed for driver _41156_/CON
[WARNING RSZ-0075] makeBufferedNet failed for driver _35854_/Y
[WARNING RSZ-0075] makeBufferedNet failed for driver clone1/Y
[WARNING RSZ-0075] makeBufferedNet failed for driver enc_block.sword_ctr_reg\[0\]$_DFFE_PN0P_/QN
[WARNING RSZ-0075] makeBufferedNet failed for driver _28144_/Y
[WARNING RSZ-0075] makeBufferedNet failed for driver _28170_/Y
[WARNING RSZ-0075] makeBufferedNet failed for driver _41156_/CON
[WARNING RSZ-0075] makeBufferedNet failed for driver _35854_/Y
[WARNING RSZ-0075] makeBufferedNet failed for driver clone1/Y
[WARNING RSZ-0075] makeBufferedNet failed for driver enc_block.sword_ctr_reg\[0\]$_DFFE_PN0P_/QN
[WARNING RSZ-0075] makeBufferedNet failed for driver _35391_/Y
[WARNING RSZ-0075] makeBufferedNet failed for driver _28144_/Y
[WARNING RSZ-0075] makeBufferedNet failed for driver _28145_/Y
[WARNING RSZ-0075] makeBufferedNet failed for driver _41156_/CON
[WARNING RSZ-0075] makeBufferedNet failed for driver _35854_/Y
[WARNING RSZ-0075] makeBufferedNet failed for driver clone1/Y
[WARNING RSZ-0075] makeBufferedNet failed for driver enc_block.sword_ctr_reg\[0\]$_DFFE_PN0P_/QN
[WARNING RSZ-0075] makeBufferedNet failed for driver _35391_/Y
[WARNING RSZ-0075] makeBufferedNet failed for driver _28144_/Y
[WARNING RSZ-0075] makeBufferedNet failed for driver _30793_/Y
[WARNING RSZ-0075] makeBufferedNet failed for driver _41156_/CON
[WARNING RSZ-0075] makeBufferedNet failed for driver _41156_/CON
[WARNING RSZ-0075] makeBufferedNet failed for driver enc_block.sword_ctr_reg\[0\]$_DFFE_PN0P_/QN
[WARNING RSZ-0075] makeBufferedNet failed for driver _41156_/CON
[WARNING RSZ-0075] makeBufferedNet failed for driver enc_block.sword_ctr_reg\[0\]$_DFFE_PN0P_/QN
[WARNING RSZ-0075] makeBufferedNet failed for driver _28144_/Y
[WARNING RSZ-0075] makeBufferedNet failed for driver _41156_/CON
[WARNING RSZ-0075] makeBufferedNet failed for driver enc_block.sword_ctr_reg\[0\]$_DFFE_PN0P_/QN
[WARNING RSZ-0075] makeBufferedNet failed for driver _28144_/Y
[WARNING RSZ-0075] makeBufferedNet failed for driver _41156_/CON
[WARNING RSZ-0075] makeBufferedNet failed for driver _28144_/Y
[WARNING RSZ-0075] makeBufferedNet failed for driver enc_block.sword_ctr_reg\[0\]$_DFFE_PN0P_/QN
[WARNING RSZ-0075] makeBufferedNet failed for driver _41156_/CON
[WARNING RSZ-0075] makeBufferedNet failed for driver _35854_/Y
[WARNING RSZ-0075] makeBufferedNet failed for driver clone1/Y
[WARNING RSZ-0075] makeBufferedNet failed for driver enc_block.sword_ctr_reg\[0\]$_DFFE_PN0P_/QN
[WARNING RSZ-0075] makeBufferedNet failed for driver _28144_/Y
[WARNING RSZ-0075] makeBufferedNet failed for driver _28170_/Y
[WARNING RSZ-0075] makeBufferedNet failed for driver _35392_/Y
[WARNING RSZ-0075] makeBufferedNet failed for driver _28145_/Y
[WARNING RSZ-0075] makeBufferedNet failed for driver _31691_/Y
[WARNING RSZ-0075] makeBufferedNet failed for driver _35778_/Y
[WARNING RSZ-0075] makeBufferedNet failed for driver _35852_/Y
[WARNING RSZ-0075] makeBufferedNet failed for driver _28297_/Y
[WARNING RSZ-0075] makeBufferedNet failed for driver _28158_/Y
[WARNING RSZ-0075] makeBufferedNet failed for driver _31687_/Y
[WARNING RSZ-0075] makeBufferedNet failed for driver _28434_/Y
[WARNING RSZ-0075] makeBufferedNet failed for driver _41156_/CON
[WARNING RSZ-0075] makeBufferedNet failed for driver _35854_/Y
[WARNING RSZ-0075] makeBufferedNet failed for driver clone1/Y
[WARNING RSZ-0075] makeBufferedNet failed for driver enc_block.sword_ctr_reg\[0\]$_DFFE_PN0P_/QN
[WARNING RSZ-0075] makeBufferedNet failed for driver _28144_/Y
[WARNING RSZ-0075] makeBufferedNet failed for driver _28170_/Y
[WARNING RSZ-0075] makeBufferedNet failed for driver _35392_/Y
[WARNING RSZ-0075] makeBufferedNet failed for driver _28145_/Y
      110 |       0 |      74 |        0 |     11 |    24 | -602.931 | -1340591.0 |   2606 | keymem.key_mem\[11\]\[3\]$_DFFE_PN0P_/D
[WARNING RSZ-0075] makeBufferedNet failed for driver _41156_/CON
[WARNING RSZ-0075] makeBufferedNet failed for driver _35854_/Y
[WARNING RSZ-0075] makeBufferedNet failed for driver clone1/Y
[WARNING RSZ-0075] makeBufferedNet failed for driver _28144_/Y
[WARNING RSZ-0075] makeBufferedNet failed for driver enc_block.sword_ctr_reg\[0\]$_DFFE_PN0P_/QN
[WARNING RSZ-0075] makeBufferedNet failed for driver _41156_/CON
[WARNING RSZ-0075] makeBufferedNet failed for driver _35854_/Y
[WARNING RSZ-0075] makeBufferedNet failed for driver clone1/Y
[WARNING RSZ-0075] makeBufferedNet failed for driver _28144_/Y
[WARNING RSZ-0075] makeBufferedNet failed for driver enc_block.sword_ctr_reg\[0\]$_DFFE_PN0P_/QN
[WARNING RSZ-0075] makeBufferedNet failed for driver _41156_/CON
[WARNING RSZ-0075] makeBufferedNet failed for driver _35854_/Y
[WARNING RSZ-0075] makeBufferedNet failed for driver clone1/Y
[WARNING RSZ-0075] makeBufferedNet failed for driver _28144_/Y
[WARNING RSZ-0075] makeBufferedNet failed for driver enc_block.sword_ctr_reg\[0\]$_DFFE_PN0P_/QN
[WARNING RSZ-0075] makeBufferedNet failed for driver _35392_/Y
[WARNING RSZ-0075] makeBufferedNet failed for driver _41156_/CON
[WARNING RSZ-0075] makeBufferedNet failed for driver _35854_/Y
[WARNING RSZ-0075] makeBufferedNet failed for driver clone1/Y
[WARNING RSZ-0075] makeBufferedNet failed for driver _28144_/Y
[WARNING RSZ-0075] makeBufferedNet failed for driver enc_block.sword_ctr_reg\[0\]$_DFFE_PN0P_/QN
[WARNING RSZ-0075] makeBufferedNet failed for driver _35392_/Y
[WARNING RSZ-0075] makeBufferedNet failed for driver _28145_/Y
[WARNING RSZ-0075] makeBufferedNet failed for driver _41156_/CON
[WARNING RSZ-0075] makeBufferedNet failed for driver _35854_/Y
[WARNING RSZ-0075] makeBufferedNet failed for driver clone1/Y
[WARNING RSZ-0075] makeBufferedNet failed for driver enc_block.sword_ctr_reg\[0\]$_DFFE_PN0P_/QN
[WARNING RSZ-0075] makeBufferedNet failed for driver _28144_/Y
[WARNING RSZ-0075] makeBufferedNet failed for driver _28170_/Y
[WARNING RSZ-0075] makeBufferedNet failed for driver _35392_/Y
[WARNING RSZ-0075] makeBufferedNet failed for driver _28145_/Y
[WARNING RSZ-0075] makeBufferedNet failed for driver _31691_/Y
[WARNING RSZ-0075] makeBufferedNet failed for driver _41156_/CON
[WARNING RSZ-0075] makeBufferedNet failed for driver _35854_/Y
[WARNING RSZ-0075] makeBufferedNet failed for driver clone1/Y
[WARNING RSZ-0075] makeBufferedNet failed for driver enc_block.sword_ctr_reg\[0\]$_DFFE_PN0P_/QN
[WARNING RSZ-0075] makeBufferedNet failed for driver _28144_/Y
[WARNING RSZ-0075] makeBufferedNet failed for driver _28170_/Y
[WARNING RSZ-0075] makeBufferedNet failed for driver _35392_/Y
[WARNING RSZ-0075] makeBufferedNet failed for driver _28145_/Y
[WARNING RSZ-0075] makeBufferedNet failed for driver _28412_/Y
[WARNING RSZ-0075] makeBufferedNet failed for driver _31691_/Y
[WARNING RSZ-0075] makeBufferedNet failed for driver _35778_/Y
[WARNING RSZ-0075] makeBufferedNet failed for driver _41156_/CON
[WARNING RSZ-0075] makeBufferedNet failed for driver _35854_/Y
[WARNING RSZ-0075] makeBufferedNet failed for driver clone1/Y
[WARNING RSZ-0075] makeBufferedNet failed for driver enc_block.sword_ctr_reg\[0\]$_DFFE_PN0P_/QN
[WARNING RSZ-0075] makeBufferedNet failed for driver _28144_/Y
[WARNING RSZ-0075] makeBufferedNet failed for driver _28170_/Y
[WARNING RSZ-0075] makeBufferedNet failed for driver _35392_/Y
[WARNING RSZ-0075] makeBufferedNet failed for driver _28405_/Y
[WARNING RSZ-0075] makeBufferedNet failed for driver _28145_/Y
[WARNING RSZ-0075] makeBufferedNet failed for driver _31669_/Y
[WARNING RSZ-0075] makeBufferedNet failed for driver _31672_/Y
[WARNING RSZ-0075] makeBufferedNet failed for driver _35778_/Y
[WARNING RSZ-0075] makeBufferedNet failed for driver _35852_/Y
[WARNING RSZ-0075] makeBufferedNet failed for driver _28158_/Y
[WARNING RSZ-0075] makeBufferedNet failed for driver _28503_/Y
[WARNING RSZ-0075] makeBufferedNet failed for driver _28146_/Y
[WARNING RSZ-0075] makeBufferedNet failed for driver _41156_/CON
[WARNING RSZ-0075] makeBufferedNet failed for driver _35854_/Y
[WARNING RSZ-0075] makeBufferedNet failed for driver clone1/Y
[WARNING RSZ-0075] makeBufferedNet failed for driver _28144_/Y
[WARNING RSZ-0075] makeBufferedNet failed for driver enc_block.sword_ctr_reg\[0\]$_DFFE_PN0P_/QN
[WARNING RSZ-0075] makeBufferedNet failed for driver _35392_/Y
[WARNING RSZ-0075] makeBufferedNet failed for driver _41156_/CON
[WARNING RSZ-0075] makeBufferedNet failed for driver _35854_/Y
[WARNING RSZ-0075] makeBufferedNet failed for driver clone1/Y
[WARNING RSZ-0075] makeBufferedNet failed for driver _28144_/Y
[WARNING RSZ-0075] makeBufferedNet failed for driver enc_block.sword_ctr_reg\[0\]$_DFFE_PN0P_/QN
[WARNING RSZ-0075] makeBufferedNet failed for driver _35391_/Y
[WARNING RSZ-0075] makeBufferedNet failed for driver _41156_/CON
[WARNING RSZ-0075] makeBufferedNet failed for driver _35854_/Y
[WARNING RSZ-0075] makeBufferedNet failed for driver clone1/Y
[WARNING RSZ-0075] makeBufferedNet failed for driver _28144_/Y
[WARNING RSZ-0075] makeBufferedNet failed for driver enc_block.sword_ctr_reg\[0\]$_DFFE_PN0P_/QN
[WARNING RSZ-0075] makeBufferedNet failed for driver _35392_/Y
[WARNING RSZ-0075] makeBufferedNet failed for driver _28145_/Y
[WARNING RSZ-0075] makeBufferedNet failed for driver _31691_/Y
      120 |       0 |      81 |        0 |     12 |    26 | -605.747 | -1345913.8 |   2606 | keymem.key_mem\[11\]\[3\]$_DFFE_PN0P_/D
[WARNING RSZ-0075] makeBufferedNet failed for driver _41156_/CON
[WARNING RSZ-0075] makeBufferedNet failed for driver _35854_/Y
[WARNING RSZ-0075] makeBufferedNet failed for driver clone1/Y
[WARNING RSZ-0075] makeBufferedNet failed for driver _28144_/Y
[WARNING RSZ-0075] makeBufferedNet failed for driver enc_block.sword_ctr_reg\[0\]$_DFFE_PN0P_/QN
[WARNING RSZ-0075] makeBufferedNet failed for driver _35391_/Y
[WARNING RSZ-0075] makeBufferedNet failed for driver _41156_/CON
[WARNING RSZ-0075] makeBufferedNet failed for driver _35854_/Y
[WARNING RSZ-0075] makeBufferedNet failed for driver clone1/Y
[WARNING RSZ-0075] makeBufferedNet failed for driver _28144_/Y
[WARNING RSZ-0075] makeBufferedNet failed for driver enc_block.sword_ctr_reg\[0\]$_DFFE_PN0P_/QN
[WARNING RSZ-0075] makeBufferedNet failed for driver _35392_/Y
[WARNING RSZ-0075] makeBufferedNet failed for driver _28145_/Y
[WARNING RSZ-0075] makeBufferedNet failed for driver _31669_/Y
[WARNING RSZ-0075] makeBufferedNet failed for driver _41156_/CON
[WARNING RSZ-0075] makeBufferedNet failed for driver _35854_/Y
[WARNING RSZ-0075] makeBufferedNet failed for driver clone1/Y
[WARNING RSZ-0075] makeBufferedNet failed for driver enc_block.sword_ctr_reg\[0\]$_DFFE_PN0P_/QN
[WARNING RSZ-0075] makeBufferedNet failed for driver _28144_/Y
[WARNING RSZ-0075] makeBufferedNet failed for driver _28145_/Y
[WARNING RSZ-0075] makeBufferedNet failed for driver _35392_/Y
[WARNING RSZ-0075] makeBufferedNet failed for driver _31669_/Y
[WARNING RSZ-0075] makeBufferedNet failed for driver _31672_/Y
[WARNING RSZ-0075] makeBufferedNet failed for driver _35778_/Y
[WARNING RSZ-0075] makeBufferedNet failed for driver _41156_/CON
[WARNING RSZ-0075] makeBufferedNet failed for driver _35854_/Y
[WARNING RSZ-0075] makeBufferedNet failed for driver clone1/Y
[WARNING RSZ-0075] makeBufferedNet failed for driver enc_block.sword_ctr_reg\[0\]$_DFFE_PN0P_/QN
[WARNING RSZ-0075] makeBufferedNet failed for driver _28144_/Y
[WARNING RSZ-0075] makeBufferedNet failed for driver _28145_/Y
[WARNING RSZ-0075] makeBufferedNet failed for driver _35392_/Y
[WARNING RSZ-0075] makeBufferedNet failed for driver _31669_/Y
[WARNING RSZ-0075] makeBufferedNet failed for driver _31672_/Y
[WARNING RSZ-0075] makeBufferedNet failed for driver _35778_/Y
[WARNING RSZ-0075] makeBufferedNet failed for driver _41156_/CON
[WARNING RSZ-0075] makeBufferedNet failed for driver _35854_/Y
[WARNING RSZ-0075] makeBufferedNet failed for driver clone1/Y
[WARNING RSZ-0075] makeBufferedNet failed for driver enc_block.sword_ctr_reg\[0\]$_DFFE_PN0P_/QN
[WARNING RSZ-0075] makeBufferedNet failed for driver _28144_/Y
[WARNING RSZ-0075] makeBufferedNet failed for driver _28145_/Y
[WARNING RSZ-0075] makeBufferedNet failed for driver _35392_/Y
[WARNING RSZ-0075] makeBufferedNet failed for driver _31669_/Y
[WARNING RSZ-0075] makeBufferedNet failed for driver _31672_/Y
[WARNING RSZ-0075] makeBufferedNet failed for driver _35778_/Y
[WARNING RSZ-0075] makeBufferedNet failed for driver _28214_/Y
[WARNING RSZ-0075] makeBufferedNet failed for driver _28219_/Y
[WARNING RSZ-0075] makeBufferedNet failed for driver _35852_/Y
[WARNING RSZ-0075] makeBufferedNet failed for driver _28487_/Y
[WARNING RSZ-0075] makeBufferedNet failed for driver _28220_/Y
[WARNING RSZ-0075] makeBufferedNet failed for driver _41156_/CON
[WARNING RSZ-0075] makeBufferedNet failed for driver enc_block.sword_ctr_reg\[0\]$_DFFE_PN0P_/QN
[WARNING RSZ-0075] makeBufferedNet failed for driver _34025_/Y
[WARNING RSZ-0075] makeBufferedNet failed for driver _41156_/CON
[WARNING RSZ-0075] makeBufferedNet failed for driver _41156_/CON
[WARNING RSZ-0075] makeBufferedNet failed for driver _41156_/CON
      130 |       0 |      88 |        0 |     13 |    28 | -602.421 | -1340950.2 |   2606 | keymem.key_mem\[10\]\[16\]$_DFFE_PN0P_/D
[WARNING RSZ-0075] makeBufferedNet failed for driver _41156_/CON
[WARNING RSZ-0075] makeBufferedNet failed for driver enc_block.sword_ctr_reg\[0\]$_DFFE_PN0P_/QN
[WARNING RSZ-0075] makeBufferedNet failed for driver _41156_/CON
[WARNING RSZ-0075] makeBufferedNet failed for driver enc_block.sword_ctr_reg\[0\]$_DFFE_PN0P_/QN
[WARNING RSZ-0075] makeBufferedNet failed for driver _28144_/Y
[WARNING RSZ-0075] makeBufferedNet failed for driver clone13/Y
[WARNING RSZ-0075] makeBufferedNet failed for driver _41156_/CON
[WARNING RSZ-0075] makeBufferedNet failed for driver enc_block.sword_ctr_reg\[0\]$_DFFE_PN0P_/QN
[WARNING RSZ-0075] makeBufferedNet failed for driver _28144_/Y
[WARNING RSZ-0075] makeBufferedNet failed for driver clone13/Y
[WARNING RSZ-0075] makeBufferedNet failed for driver _34024_/Y
[WARNING RSZ-0075] makeBufferedNet failed for driver _41156_/CON
[WARNING RSZ-0075] makeBufferedNet failed for driver _35854_/Y
[WARNING RSZ-0075] makeBufferedNet failed for driver clone1/Y
[WARNING RSZ-0075] makeBufferedNet failed for driver enc_block.sword_ctr_reg\[0\]$_DFFE_PN0P_/QN
[WARNING RSZ-0075] makeBufferedNet failed for driver _28144_/Y
[WARNING RSZ-0075] makeBufferedNet failed for driver _28145_/Y
[WARNING RSZ-0075] makeBufferedNet failed for driver _35392_/Y
[WARNING RSZ-0075] makeBufferedNet failed for driver _31669_/Y
[WARNING RSZ-0075] makeBufferedNet failed for driver _31672_/Y
[WARNING RSZ-0075] makeBufferedNet failed for driver _35778_/Y
[WARNING RSZ-0075] makeBufferedNet failed for driver _28219_/Y
[WARNING RSZ-0075] makeBufferedNet failed for driver _35852_/Y
[WARNING RSZ-0075] makeBufferedNet failed for driver _28214_/Y
[WARNING RSZ-0075] makeBufferedNet failed for driver _28487_/Y
[WARNING RSZ-0075] makeBufferedNet failed for driver _28220_/Y
[WARNING RSZ-0075] makeBufferedNet failed for driver _41156_/CON
[WARNING RSZ-0075] makeBufferedNet failed for driver _34139_/Y
[WARNING RSZ-0075] makeBufferedNet failed for driver enc_block.sword_ctr_reg\[0\]$_DFFE_PN0P_/QN
[WARNING RSZ-0075] makeBufferedNet failed for driver _28144_/Y
[WARNING RSZ-0075] makeBufferedNet failed for driver _33688_/Y
[WARNING RSZ-0075] makeBufferedNet failed for driver clone9/Y
[WARNING RSZ-0075] makeBufferedNet failed for driver _28732_/Y
[WARNING RSZ-0075] makeBufferedNet failed for driver _34131_/Y
[WARNING RSZ-0075] makeBufferedNet failed for driver _41156_/CON
[WARNING RSZ-0075] makeBufferedNet failed for driver enc_block.sword_ctr_reg\[0\]$_DFFE_PN0P_/QN
[WARNING RSZ-0075] makeBufferedNet failed for driver _28144_/Y
[WARNING RSZ-0075] makeBufferedNet failed for driver _35927_/Y
[WARNING RSZ-0075] makeBufferedNet failed for driver _41156_/CON
[WARNING RSZ-0075] makeBufferedNet failed for driver _35854_/Y
[WARNING RSZ-0075] makeBufferedNet failed for driver clone1/Y
[WARNING RSZ-0075] makeBufferedNet failed for driver enc_block.sword_ctr_reg\[0\]$_DFFE_PN0P_/QN
[WARNING RSZ-0075] makeBufferedNet failed for driver _28144_/Y
[WARNING RSZ-0075] makeBufferedNet failed for driver _28170_/Y
[WARNING RSZ-0075] makeBufferedNet failed for driver _28145_/Y
[WARNING RSZ-0075] makeBufferedNet failed for driver _35392_/Y
[WARNING RSZ-0075] makeBufferedNet failed for driver _28405_/Y
[WARNING RSZ-0075] makeBufferedNet failed for driver _31669_/Y
[WARNING RSZ-0075] makeBufferedNet failed for driver _31672_/Y
[WARNING RSZ-0075] makeBufferedNet failed for driver _35778_/Y
[WARNING RSZ-0075] makeBufferedNet failed for driver _35852_/Y
[WARNING RSZ-0075] makeBufferedNet failed for driver _28158_/Y
[WARNING RSZ-0075] makeBufferedNet failed for driver _28503_/Y
[WARNING RSZ-0075] makeBufferedNet failed for driver _41156_/CON
[WARNING RSZ-0075] makeBufferedNet failed for driver _35854_/Y
[WARNING RSZ-0075] makeBufferedNet failed for driver clone1/Y
[WARNING RSZ-0075] makeBufferedNet failed for driver _28144_/Y
[WARNING RSZ-0075] makeBufferedNet failed for driver enc_block.sword_ctr_reg\[0\]$_DFFE_PN0P_/QN
[WARNING RSZ-0075] makeBufferedNet failed for driver _35391_/Y
[WARNING RSZ-0075] makeBufferedNet failed for driver _41156_/CON
[WARNING RSZ-0075] makeBufferedNet failed for driver _28144_/Y
[WARNING RSZ-0075] makeBufferedNet failed for driver enc_block.sword_ctr_reg\[0\]$_DFFE_PN0P_/QN
[WARNING RSZ-0075] makeBufferedNet failed for driver _30898_/Y
[WARNING RSZ-0075] makeBufferedNet failed for driver _41156_/CON
[WARNING RSZ-0075] makeBufferedNet failed for driver _28144_/Y
[WARNING RSZ-0075] makeBufferedNet failed for driver enc_block.sword_ctr_reg\[0\]$_DFFE_PN0P_/QN
[WARNING RSZ-0075] makeBufferedNet failed for driver _30898_/Y
[WARNING RSZ-0075] makeBufferedNet failed for driver _34552_/Y
[WARNING RSZ-0075] makeBufferedNet failed for driver _28145_/Y
      140 |       0 |      92 |        0 |     13 |    34 | -598.668 | -1340025.6 |   2606 | keymem.key_mem\[1\]\[30\]$_DFFE_PN0P_/D
[WARNING RSZ-0075] makeBufferedNet failed for driver _41156_/CON
[WARNING RSZ-0075] makeBufferedNet failed for driver _28144_/Y
[WARNING RSZ-0075] makeBufferedNet failed for driver enc_block.sword_ctr_reg\[0\]$_DFFE_PN0P_/QN
[WARNING RSZ-0075] makeBufferedNet failed for driver _30898_/Y
[WARNING RSZ-0075] makeBufferedNet failed for driver _34552_/Y
[WARNING RSZ-0075] makeBufferedNet failed for driver _28145_/Y
[WARNING RSZ-0075] makeBufferedNet failed for driver _41156_/CON
[WARNING RSZ-0075] makeBufferedNet failed for driver _35854_/Y
[WARNING RSZ-0075] makeBufferedNet failed for driver clone1/Y
[WARNING RSZ-0075] makeBufferedNet failed for driver enc_block.sword_ctr_reg\[0\]$_DFFE_PN0P_/QN
[WARNING RSZ-0075] makeBufferedNet failed for driver _28144_/Y
[WARNING RSZ-0075] makeBufferedNet failed for driver _28170_/Y
[WARNING RSZ-0075] makeBufferedNet failed for driver _35392_/Y
[WARNING RSZ-0075] makeBufferedNet failed for driver _28145_/Y
[WARNING RSZ-0075] makeBufferedNet failed for driver _28412_/Y
[WARNING RSZ-0075] makeBufferedNet failed for driver _31691_/Y
[WARNING RSZ-0075] makeBufferedNet failed for driver _35778_/Y
[WARNING RSZ-0075] makeBufferedNet failed for driver _28413_/Y
[WARNING RSZ-0075] makeBufferedNet failed for driver _41156_/CON
[WARNING RSZ-0075] makeBufferedNet failed for driver enc_block.sword_ctr_reg\[0\]$_DFFE_PN0P_/QN
[WARNING RSZ-0075] makeBufferedNet failed for driver _41156_/CON
[WARNING RSZ-0075] makeBufferedNet failed for driver enc_block.sword_ctr_reg\[0\]$_DFFE_PN0P_/QN
[WARNING RSZ-0075] makeBufferedNet failed for driver _41156_/CON
[WARNING RSZ-0075] makeBufferedNet failed for driver _35854_/Y
[WARNING RSZ-0075] makeBufferedNet failed for driver clone1/Y
[WARNING RSZ-0075] makeBufferedNet failed for driver _28144_/Y
[WARNING RSZ-0075] makeBufferedNet failed for driver enc_block.sword_ctr_reg\[0\]$_DFFE_PN0P_/QN
[WARNING RSZ-0075] makeBufferedNet failed for driver _35391_/Y
[WARNING RSZ-0075] makeBufferedNet failed for driver _41156_/CON
[WARNING RSZ-0075] makeBufferedNet failed for driver enc_block.sword_ctr_reg\[0\]$_DFFE_PN0P_/QN
[WARNING RSZ-0075] makeBufferedNet failed for driver _28144_/Y
[WARNING RSZ-0075] makeBufferedNet failed for driver _41156_/CON
[WARNING RSZ-0075] makeBufferedNet failed for driver enc_block.sword_ctr_reg\[0\]$_DFFE_PN0P_/QN
[WARNING RSZ-0075] makeBufferedNet failed for driver _28144_/Y
[WARNING RSZ-0075] makeBufferedNet failed for driver _34644_/Y
[WARNING RSZ-0075] makeBufferedNet failed for driver _28170_/Y
[WARNING RSZ-0075] makeBufferedNet failed for driver _41156_/CON
[WARNING RSZ-0075] makeBufferedNet failed for driver enc_block.sword_ctr_reg\[0\]$_DFFE_PN0P_/QN
[WARNING RSZ-0075] makeBufferedNet failed for driver _28144_/Y
[WARNING RSZ-0075] makeBufferedNet failed for driver _34644_/Y
[WARNING RSZ-0075] makeBufferedNet failed for driver _28170_/Y
[WARNING RSZ-0075] makeBufferedNet failed for driver _34642_/Y
[WARNING RSZ-0075] makeBufferedNet failed for driver _28145_/Y
[WARNING RSZ-0075] makeBufferedNet failed for driver _41156_/CON
[WARNING RSZ-0075] makeBufferedNet failed for driver _35854_/Y
[WARNING RSZ-0075] makeBufferedNet failed for driver clone1/Y
[WARNING RSZ-0075] makeBufferedNet failed for driver enc_block.sword_ctr_reg\[0\]$_DFFE_PN0P_/QN
[WARNING RSZ-0075] makeBufferedNet failed for driver _28144_/Y
[WARNING RSZ-0075] makeBufferedNet failed for driver _28170_/Y
[WARNING RSZ-0075] makeBufferedNet failed for driver _35392_/Y
[WARNING RSZ-0075] makeBufferedNet failed for driver _28145_/Y
[WARNING RSZ-0075] makeBufferedNet failed for driver _28190_/Y
[WARNING RSZ-0075] makeBufferedNet failed for driver _31691_/Y
[WARNING RSZ-0075] makeBufferedNet failed for driver _35778_/Y
[WARNING RSZ-0075] makeBufferedNet failed for driver _41156_/CON
[WARNING RSZ-0075] makeBufferedNet failed for driver _35854_/Y
[WARNING RSZ-0075] makeBufferedNet failed for driver clone1/Y
[WARNING RSZ-0075] makeBufferedNet failed for driver enc_block.sword_ctr_reg\[0\]$_DFFE_PN0P_/QN
[WARNING RSZ-0075] makeBufferedNet failed for driver _35391_/Y
[WARNING RSZ-0075] makeBufferedNet failed for driver _28144_/Y
      150 |       0 |      98 |        0 |     14 |    37 | -597.900 | -1339916.1 |   2606 | keymem.key_mem\[11\]\[3\]$_DFFE_PN0P_/D
[WARNING RSZ-0075] makeBufferedNet failed for driver _41156_/CON
[WARNING RSZ-0075] makeBufferedNet failed for driver _35854_/Y
[WARNING RSZ-0075] makeBufferedNet failed for driver clone1/Y
[WARNING RSZ-0075] makeBufferedNet failed for driver enc_block.sword_ctr_reg\[0\]$_DFFE_PN0P_/QN
[WARNING RSZ-0075] makeBufferedNet failed for driver _35391_/Y
[WARNING RSZ-0075] makeBufferedNet failed for driver _28144_/Y
[WARNING RSZ-0075] makeBufferedNet failed for driver _28145_/Y
[WARNING RSZ-0075] makeBufferedNet failed for driver _30762_/Y
[WARNING RSZ-0075] makeBufferedNet failed for driver _41156_/CON
[WARNING RSZ-0075] makeBufferedNet failed for driver _41156_/CON
[WARNING RSZ-0075] makeBufferedNet failed for driver enc_block.sword_ctr_reg\[0\]$_DFFE_PN0P_/QN
[WARNING RSZ-0075] makeBufferedNet failed for driver _41156_/CON
[WARNING RSZ-0075] makeBufferedNet failed for driver enc_block.sword_ctr_reg\[0\]$_DFFE_PN0P_/QN
[WARNING RSZ-0075] makeBufferedNet failed for driver _41156_/CON
[WARNING RSZ-0075] makeBufferedNet failed for driver _34139_/Y
[WARNING RSZ-0075] makeBufferedNet failed for driver enc_block.sword_ctr_reg\[0\]$_DFFE_PN0P_/QN
[WARNING RSZ-0075] makeBufferedNet failed for driver _28144_/Y
[WARNING RSZ-0075] makeBufferedNet failed for driver _33688_/Y
[WARNING RSZ-0075] makeBufferedNet failed for driver clone9/Y
[WARNING RSZ-0075] makeBufferedNet failed for driver _28732_/Y
[WARNING RSZ-0075] makeBufferedNet failed for driver _34131_/Y
[WARNING RSZ-0075] makeBufferedNet failed for driver _28145_/Y
[WARNING RSZ-0075] makeBufferedNet failed for driver _28736_/Y
[WARNING RSZ-0075] makeBufferedNet failed for driver _41156_/CON
[WARNING RSZ-0075] makeBufferedNet failed for driver enc_block.sword_ctr_reg\[0\]$_DFFE_PN0P_/QN
[WARNING RSZ-0075] makeBufferedNet failed for driver _28144_/Y
[WARNING RSZ-0075] makeBufferedNet failed for driver _41156_/CON
[WARNING RSZ-0075] makeBufferedNet failed for driver _35854_/Y
[WARNING RSZ-0075] makeBufferedNet failed for driver clone1/Y
[WARNING RSZ-0075] makeBufferedNet failed for driver _28144_/Y
[WARNING RSZ-0075] makeBufferedNet failed for driver enc_block.sword_ctr_reg\[0\]$_DFFE_PN0P_/QN
[WARNING RSZ-0075] makeBufferedNet failed for driver _35392_/Y
[WARNING RSZ-0075] makeBufferedNet failed for driver _28145_/Y
[WARNING RSZ-0075] makeBufferedNet failed for driver _31691_/Y
[WARNING RSZ-0075] makeBufferedNet failed for driver _35778_/Y
[WARNING RSZ-0075] makeBufferedNet failed for driver _41156_/CON
[WARNING RSZ-0075] makeBufferedNet failed for driver _35854_/Y
[WARNING RSZ-0075] makeBufferedNet failed for driver clone1/Y
[WARNING RSZ-0075] makeBufferedNet failed for driver _28144_/Y
[WARNING RSZ-0075] makeBufferedNet failed for driver enc_block.sword_ctr_reg\[0\]$_DFFE_PN0P_/QN
[WARNING RSZ-0075] makeBufferedNet failed for driver _35392_/Y
[WARNING RSZ-0075] makeBufferedNet failed for driver _28145_/Y
[WARNING RSZ-0075] makeBufferedNet failed for driver _41156_/CON
[WARNING RSZ-0075] makeBufferedNet failed for driver _35854_/Y
[WARNING RSZ-0075] makeBufferedNet failed for driver clone1/Y
[WARNING RSZ-0075] makeBufferedNet failed for driver enc_block.sword_ctr_reg\[0\]$_DFFE_PN0P_/QN
[WARNING RSZ-0075] makeBufferedNet failed for driver _28144_/Y
[WARNING RSZ-0075] makeBufferedNet failed for driver _41156_/CON
[WARNING RSZ-0075] makeBufferedNet failed for driver _35854_/Y
[WARNING RSZ-0075] makeBufferedNet failed for driver clone1/Y
[WARNING RSZ-0075] makeBufferedNet failed for driver _28144_/Y
[WARNING RSZ-0075] makeBufferedNet failed for driver enc_block.sword_ctr_reg\[0\]$_DFFE_PN0P_/QN
[WARNING RSZ-0075] makeBufferedNet failed for driver _28145_/Y
[WARNING RSZ-0075] makeBufferedNet failed for driver _35392_/Y
      160 |       0 |     106 |        0 |     15 |    38 | -597.221 | -1339826.5 |   2606 | keymem.key_mem\[11\]\[3\]$_DFFE_PN0P_/D
[WARNING RSZ-0075] makeBufferedNet failed for driver _41156_/CON
[WARNING RSZ-0075] makeBufferedNet failed for driver _35854_/Y
[WARNING RSZ-0075] makeBufferedNet failed for driver clone1/Y
[WARNING RSZ-0075] makeBufferedNet failed for driver enc_block.sword_ctr_reg\[0\]$_DFFE_PN0P_/QN
[WARNING RSZ-0075] makeBufferedNet failed for driver _35391_/Y
[WARNING RSZ-0075] makeBufferedNet failed for driver _28144_/Y
[WARNING RSZ-0075] makeBufferedNet failed for driver _28145_/Y
[WARNING RSZ-0075] makeBufferedNet failed for driver _41156_/CON
[WARNING RSZ-0075] makeBufferedNet failed for driver _34139_/Y
[WARNING RSZ-0075] makeBufferedNet failed for driver enc_block.sword_ctr_reg\[0\]$_DFFE_PN0P_/QN
[WARNING RSZ-0075] makeBufferedNet failed for driver _28144_/Y
[WARNING RSZ-0075] makeBufferedNet failed for driver _33688_/Y
[WARNING RSZ-0075] makeBufferedNet failed for driver clone9/Y
[WARNING RSZ-0075] makeBufferedNet failed for driver _28732_/Y
[WARNING RSZ-0075] makeBufferedNet failed for driver _34131_/Y
[WARNING RSZ-0075] makeBufferedNet failed for driver _28145_/Y
[WARNING RSZ-0075] makeBufferedNet failed for driver _28736_/Y
[WARNING RSZ-0075] makeBufferedNet failed for driver _41156_/CON
[WARNING RSZ-0075] makeBufferedNet failed for driver _35854_/Y
[WARNING RSZ-0075] makeBufferedNet failed for driver clone1/Y
[WARNING RSZ-0075] makeBufferedNet failed for driver _28144_/Y
[WARNING RSZ-0075] makeBufferedNet failed for driver enc_block.sword_ctr_reg\[0\]$_DFFE_PN0P_/QN
[WARNING RSZ-0075] makeBufferedNet failed for driver _28145_/Y
[WARNING RSZ-0075] makeBufferedNet failed for driver _35392_/Y
[WARNING RSZ-0075] makeBufferedNet failed for driver _41156_/CON
[WARNING RSZ-0075] makeBufferedNet failed for driver _35854_/Y
[WARNING RSZ-0075] makeBufferedNet failed for driver clone1/Y
[WARNING RSZ-0075] makeBufferedNet failed for driver enc_block.sword_ctr_reg\[0\]$_DFFE_PN0P_/QN
[WARNING RSZ-0075] makeBufferedNet failed for driver _28144_/Y
[WARNING RSZ-0075] makeBufferedNet failed for driver _28145_/Y
[WARNING RSZ-0075] makeBufferedNet failed for driver _35392_/Y
[WARNING RSZ-0075] makeBufferedNet failed for driver _28291_/Y
[WARNING RSZ-0075] makeBufferedNet failed for driver _28294_/Y
[WARNING RSZ-0075] makeBufferedNet failed for driver _41156_/CON
[WARNING RSZ-0075] makeBufferedNet failed for driver _35854_/Y
[WARNING RSZ-0075] makeBufferedNet failed for driver clone1/Y
[WARNING RSZ-0075] makeBufferedNet failed for driver enc_block.sword_ctr_reg\[0\]$_DFFE_PN0P_/QN
[WARNING RSZ-0075] makeBufferedNet failed for driver _28144_/Y
[WARNING RSZ-0075] makeBufferedNet failed for driver _28145_/Y
[WARNING RSZ-0075] makeBufferedNet failed for driver _35392_/Y
[WARNING RSZ-0075] makeBufferedNet failed for driver _28291_/Y
[WARNING RSZ-0075] makeBufferedNet failed for driver _28569_/Y
[WARNING RSZ-0075] makeBufferedNet failed for driver _28294_/Y
[WARNING RSZ-0075] makeBufferedNet failed for driver _31672_/Y
[WARNING RSZ-0075] makeBufferedNet failed for driver _35778_/Y
[WARNING RSZ-0075] makeBufferedNet failed for driver _35852_/Y
[WARNING RSZ-0075] makeBufferedNet failed for driver _28317_/Y
[WARNING RSZ-0075] makeBufferedNet failed for driver _41156_/CON
[WARNING RSZ-0075] makeBufferedNet failed for driver _28144_/Y
[WARNING RSZ-0075] makeBufferedNet failed for driver enc_block.sword_ctr_reg\[0\]$_DFFE_PN0P_/QN
[WARNING RSZ-0075] makeBufferedNet failed for driver _30898_/Y
[WARNING RSZ-0075] makeBufferedNet failed for driver _34552_/Y
[WARNING RSZ-0075] makeBufferedNet failed for driver _28145_/Y
[WARNING RSZ-0075] makeBufferedNet failed for driver _41156_/CON
[WARNING RSZ-0075] makeBufferedNet failed for driver _28144_/Y
[WARNING RSZ-0075] makeBufferedNet failed for driver enc_block.sword_ctr_reg\[0\]$_DFFE_PN0P_/QN
[WARNING RSZ-0075] makeBufferedNet failed for driver _30898_/Y
[WARNING RSZ-0075] makeBufferedNet failed for driver _34552_/Y
[WARNING RSZ-0075] makeBufferedNet failed for driver _28145_/Y
[WARNING RSZ-0075] makeBufferedNet failed for driver _31113_/Y
[WARNING RSZ-0075] makeBufferedNet failed for driver _41156_/CON
[WARNING RSZ-0075] makeBufferedNet failed for driver enc_block.sword_ctr_reg\[0\]$_DFFE_PN0P_/QN
[WARNING RSZ-0075] makeBufferedNet failed for driver _28144_/Y
[WARNING RSZ-0075] makeBufferedNet failed for driver _30898_/Y
[WARNING RSZ-0075] makeBufferedNet failed for driver _41156_/CON
[WARNING RSZ-0075] makeBufferedNet failed for driver enc_block.sword_ctr_reg\[0\]$_DFFE_PN0P_/QN
[WARNING RSZ-0075] makeBufferedNet failed for driver _28144_/Y
[WARNING RSZ-0075] makeBufferedNet failed for driver _30898_/Y
[WARNING RSZ-0075] makeBufferedNet failed for driver _34552_/Y
[WARNING RSZ-0075] makeBufferedNet failed for driver _41156_/CON
[WARNING RSZ-0075] makeBufferedNet failed for driver enc_block.sword_ctr_reg\[0\]$_DFFE_PN0P_/QN
[WARNING RSZ-0075] makeBufferedNet failed for driver _28144_/Y
[WARNING RSZ-0075] makeBufferedNet failed for driver _30898_/Y
[WARNING RSZ-0075] makeBufferedNet failed for driver _34552_/Y
[WARNING RSZ-0075] makeBufferedNet failed for driver _28173_/Y
      170 |       0 |     110 |        0 |     17 |    42 | -599.124 | -1341905.8 |   2606 | keymem.key_mem\[1\]\[30\]$_DFFE_PN0P_/D
[WARNING RSZ-0075] makeBufferedNet failed for driver _41156_/CON
[WARNING RSZ-0075] makeBufferedNet failed for driver _28144_/Y
[WARNING RSZ-0075] makeBufferedNet failed for driver _35854_/Y
[WARNING RSZ-0075] makeBufferedNet failed for driver clone1/Y
[WARNING RSZ-0075] makeBufferedNet failed for driver _35391_/Y
[WARNING RSZ-0075] makeBufferedNet failed for driver enc_block.sword_ctr_reg\[1\]$_DFFE_PN0P_/QN
[WARNING RSZ-0075] makeBufferedNet failed for driver _41156_/CON
[WARNING RSZ-0075] makeBufferedNet failed for driver enc_block.sword_ctr_reg\[0\]$_DFFE_PN0P_/QN
[WARNING RSZ-0075] makeBufferedNet failed for driver _28144_/Y
[WARNING RSZ-0075] makeBufferedNet failed for driver _30898_/Y
[WARNING RSZ-0075] makeBufferedNet failed for driver _34552_/Y
[WARNING RSZ-0075] makeBufferedNet failed for driver _35854_/Y
[WARNING RSZ-0075] makeBufferedNet failed for driver clone1/Y
[WARNING RSZ-0075] makeBufferedNet failed for driver enc_block.sword_ctr_reg\[0\]$_DFFE_PN0P_/QN
[WARNING RSZ-0075] makeBufferedNet failed for driver _35391_/Y
[WARNING RSZ-0075] message limit (1000) reached. This message will no longer print.
      180 |       1 |     117 |        0 |     18 |    43 | -594.860 | -1334391.4 |   2606 | keymem.key_mem\[1\]\[30\]$_DFFE_PN0P_/D
      190 |       1 |     123 |        0 |     19 |    46 | -594.498 | -1334286.8 |   2606 | keymem.key_mem\[11\]\[3\]$_DFFE_PN0P_/D
      190 |       1 |     123 |        0 |     19 |    46 | -594.498 | -1334286.8 |   2606 | keymem.key_mem\[11\]\[3\]$_DFFE_PN0P_/D
      191 |       1 |     123 |        0 |     19 |    46 | -594.498 | -1334286.8 |   2606 | keymem.key_mem\[11\]\[3\]$_DFFE_PN0P_/D
      192 |       1 |     123 |        0 |     19 |    46 | -594.498 | -1334286.8 |   2606 | keymem.key_mem\[11\]\[3\]$_DFFE_PN0P_/D
      193 |       1 |     123 |        0 |     19 |    46 | -594.498 | -1334286.8 |   2606 | keymem.key_mem\[11\]\[3\]$_DFFE_PN0P_/D
      194 |       1 |     123 |        0 |     19 |    46 | -594.498 | -1334286.8 |   2606 | keymem.key_mem\[11\]\[3\]$_DFFE_PN0P_/D
      195 |       1 |     123 |        0 |     19 |    46 | -594.498 | -1334286.8 |   2606 | keymem.key_mem\[11\]\[3\]$_DFFE_PN0P_/D
      196 |       1 |     123 |        0 |     19 |    46 | -594.498 | -1334286.8 |   2606 | keymem.key_mem\[11\]\[3\]$_DFFE_PN0P_/D
      197 |       1 |     123 |        0 |     19 |    46 | -594.498 | -1334286.8 |   2606 | keymem.key_mem\[11\]\[3\]$_DFFE_PN0P_/D
      198 |       1 |     123 |        0 |     19 |    46 | -594.498 | -1334286.8 |   2606 | keymem.key_mem\[11\]\[3\]$_DFFE_PN0P_/D
      199 |       1 |     123 |        0 |     19 |    46 | -594.498 | -1334286.8 |   2606 | keymem.key_mem\[11\]\[3\]$_DFFE_PN0P_/D
      200 |       1 |     123 |        0 |     19 |    46 | -594.498 | -1334286.8 |   2606 | keymem.key_mem\[11\]\[3\]$_DFFE_PN0P_/D
      210 |       1 |     130 |        0 |     19 |    49 | -594.498 | -1333184.1 |   2606 | keymem.key_mem\[11\]\[3\]$_DFFE_PN0P_/D
      220 |       1 |     138 |        0 |     20 |    50 | -594.921 | -1333024.6 |   2606 | keymem.key_mem\[11\]\[3\]$_DFFE_PN0P_/D
      225 |       1 |     133 |        0 |     19 |    49 | -594.921 | -1333139.9 |   2606 | keymem.key_mem\[11\]\[3\]$_DFFE_PN0P_/D
      230 |       1 |     136 |        0 |     20 |    49 | -594.921 | -1333077.0 |   2606 | keymem.key_mem\[11\]\[3\]$_DFFE_PN0P_/D
      235 |       1 |     140 |        0 |     21 |    49 | -594.921 | -1332917.6 |   2606 | keymem.key_mem\[11\]\[3\]$_DFFE_PN0P_/D
      236 |       1 |     140 |        0 |     21 |    49 | -594.921 | -1332917.6 |   2606 | keymem.key_mem\[11\]\[3\]$_DFFE_PN0P_/D
      237 |       1 |     140 |        0 |     21 |    49 | -594.921 | -1332917.6 |   2606 | keymem.key_mem\[11\]\[3\]$_DFFE_PN0P_/D
      238 |       1 |     140 |        0 |     21 |    49 | -594.921 | -1332917.6 |   2606 | keymem.key_mem\[11\]\[3\]$_DFFE_PN0P_/D
      239 |       1 |     140 |        0 |     21 |    49 | -594.921 | -1332917.6 |   2606 | keymem.key_mem\[11\]\[3\]$_DFFE_PN0P_/D
      240 |       1 |     140 |        0 |     21 |    49 | -594.921 | -1332917.6 |   2606 | keymem.key_mem\[11\]\[3\]$_DFFE_PN0P_/D
      240 |       1 |     140 |        0 |     21 |    49 | -594.921 | -1332917.6 |   2606 | keymem.key_mem\[11\]\[3\]$_DFFE_PN0P_/D
      241 |       1 |     140 |        0 |     21 |    49 | -594.921 | -1332917.6 |   2606 | keymem.key_mem\[11\]\[3\]$_DFFE_PN0P_/D
      242 |       1 |     140 |        0 |     21 |    49 | -594.921 | -1332917.6 |   2606 | keymem.key_mem\[11\]\[3\]$_DFFE_PN0P_/D
      243 |       1 |     140 |        0 |     21 |    49 | -594.921 | -1332917.6 |   2606 | keymem.key_mem\[11\]\[3\]$_DFFE_PN0P_/D
      250 |       1 |     144 |        0 |     21 |    51 | -594.921 | -1332429.5 |   2606 | keymem.key_mem\[11\]\[3\]$_DFFE_PN0P_/D
      260 |       1 |     148 |        0 |     23 |    55 | -594.921 | -1332666.0 |   2606 | keymem.key_mem\[11\]\[3\]$_DFFE_PN0P_/D
      270 |       1 |     153 |        0 |     24 |    59 | -595.522 | -1333605.0 |   2606 | keymem.key_mem\[11\]\[3\]$_DFFE_PN0P_/D
      280 |       1 |     158 |        0 |     25 |    63 | -595.522 | -1333620.6 |   2606 | keymem.key_mem\[11\]\[3\]$_DFFE_PN0P_/D
      290 |       1 |     166 |        0 |     26 |    64 | -596.447 | -1333179.5 |   2606 | keymem.key_mem\[11\]\[3\]$_DFFE_PN0P_/D
      300 |       2 |     172 |        0 |     26 |    67 | -596.622 | -1332795.2 |   2606 | keymem.key_mem\[11\]\[3\]$_DFFE_PN0P_/D
      310 |       2 |     180 |        0 |     28 |    67 | -597.418 | -1337937.8 |   2606 | keymem.key_mem\[11\]\[3\]$_DFFE_PN0P_/D
      317 |       1 |     158 |        0 |     24 |    57 | -594.921 | -1332428.4 |   2606 | keymem.key_mem\[11\]\[3\]$_DFFE_PN0P_/D
      320 |       1 |     160 |        0 |     24 |    57 | -595.522 | -1333443.8 |   2606 | keymem.key_mem\[11\]\[3\]$_DFFE_PN0P_/D
      330 |       1 |     168 |        0 |     26 |    57 | -595.522 | -1332676.5 |   2606 | keymem.key_mem\[11\]\[3\]$_DFFE_PN0P_/D
      340 |       1 |     177 |        0 |     27 |    57 | -596.622 | -1332971.6 |   2606 | keymem.key_mem\[11\]\[3\]$_DFFE_PN0P_/D
      350 |       1 |     186 |        0 |     28 |    57 | -597.047 | -1333086.8 |   2606 | keymem.key_mem\[11\]\[3\]$_DFFE_PN0P_/D
      360 |       1 |     192 |        0 |     29 |    60 | -597.032 | -1333148.9 |   2606 | keymem.key_mem\[11\]\[3\]$_DFFE_PN0P_/D
      368 |       1 |     167 |        0 |     24 |    57 | -594.921 | -1332428.1 |   2606 | keymem.key_mem\[11\]\[3\]$_DFFE_PN0P_/D
      370 |       1 |     168 |        0 |     24 |    57 | -595.522 | -1333604.1 |   2606 | keymem.key_mem\[11\]\[3\]$_DFFE_PN0P_/D
      380 |       1 |     176 |        0 |     26 |    57 | -595.522 | -1332968.0 |   2606 | keymem.key_mem\[11\]\[3\]$_DFFE_PN0P_/D
      390 |       1 |     185 |        0 |     27 |    57 | -596.622 | -1332980.6 |   2606 | keymem.key_mem\[11\]\[3\]$_DFFE_PN0P_/D
      400 |       1 |     194 |        0 |     28 |    57 | -597.047 | -1333089.2 |   2606 | keymem.key_mem\[11\]\[3\]$_DFFE_PN0P_/D
      410 |       1 |     201 |        0 |     31 |    57 | -597.418 | -1337472.4 |   2606 | keymem.key_mem\[11\]\[3\]$_DFFE_PN0P_/D
      419 |       1 |     176 |        0 |     24 |    57 | -594.921 | -1332427.9 |   2606 | keymem.key_mem\[11\]\[3\]$_DFFE_PN0P_/D
      420 |       1 |     176 |        0 |     24 |    57 | -594.921 | -1332427.9 |   2606 | keymem.key_mem\[11\]\[3\]$_DFFE_PN0P_/D
      430 |       1 |     184 |        0 |     26 |    57 | -595.522 | -1333017.1 |   2606 | keymem.key_mem\[11\]\[3\]$_DFFE_PN0P_/D
      440 |       1 |     193 |        0 |     27 |    57 | -596.622 | -1332973.1 |   2606 | keymem.key_mem\[11\]\[3\]$_DFFE_PN0P_/D
      450 |       1 |     202 |        0 |     28 |    57 | -597.047 | -1333260.4 |   2606 | keymem.key_mem\[11\]\[3\]$_DFFE_PN0P_/D
      460 |       1 |     209 |        0 |     31 |    57 | -609.996 | -1345042.1 |   2606 | keymem.key_mem\[0\]\[85\]$_DFFE_PN0P_/D
      470 |       1 |     218 |        0 |     32 |    57 | -598.163 | -1334675.8 |   2606 | keymem.key_mem\[11\]\[3\]$_DFFE_PN0P_/D
      470 |       1 |     185 |        0 |     24 |    57 | -594.921 | -1332427.8 |   2606 | keymem.key_mem\[11\]\[3\]$_DFFE_PN0P_/D
      480 |       1 |     192 |        0 |     26 |    57 | -595.522 | -1333305.4 |   2606 | keymem.key_mem\[11\]\[3\]$_DFFE_PN0P_/D
      490 |       1 |     201 |        0 |     27 |    57 | -596.622 | -1332995.9 |   2606 | keymem.key_mem\[11\]\[3\]$_DFFE_PN0P_/D
      500 |       1 |     210 |        0 |     28 |    57 | -597.047 | -1334113.0 |   2606 | keymem.key_mem\[11\]\[3\]$_DFFE_PN0P_/D
      510 |       1 |     218 |        0 |     30 |    57 | -597.418 | -1333495.6 |   2606 | keymem.key_mem\[11\]\[3\]$_DFFE_PN0P_/D
      520 |       1 |     226 |        0 |     32 |    57 | -602.317 | -1336435.0 |   2606 | keymem.key_mem\[11\]\[3\]$_DFFE_PN0P_/D
      521 |       1 |     194 |        0 |     24 |    57 | -594.921 | -1332427.5 |   2606 | keymem.key_mem\[11\]\[3\]$_DFFE_PN0P_/D
      530 |       1 |     202 |        0 |     24 |    57 | -595.522 | -1333460.2 |   2606 | keymem.key_mem\[11\]\[3\]$_DFFE_PN0P_/D
      540 |       1 |     210 |        0 |     26 |    57 | -595.522 | -1332640.0 |   2606 | keymem.key_mem\[11\]\[3\]$_DFFE_PN0P_/D
      550 |       1 |     219 |        0 |     27 |    57 | -596.622 | -1332780.6 |   2606 | keymem.key_mem\[11\]\[3\]$_DFFE_PN0P_/D
      560 |       1 |     228 |        0 |     28 |    57 | -596.622 | -1332817.2 |   2606 | keymem.key_mem\[11\]\[3\]$_DFFE_PN0P_/D
      570 |       2 |     234 |        0 |     29 |    59 | -596.622 | -1332565.4 |   2606 | keymem.key_mem\[11\]\[3\]$_DFFE_PN0P_/D
      571 |       1 |     202 |        0 |     24 |    57 | -594.921 | -1332410.9 |   2606 | keymem.key_mem\[11\]\[3\]$_DFFE_PN0P_/D
      580 |       1 |     210 |        0 |     24 |    57 | -595.522 | -1333113.9 |   2606 | keymem.key_mem\[11\]\[3\]$_DFFE_PN0P_/D
      590 |       1 |     218 |        0 |     26 |    57 | -596.622 | -1333201.8 |   2606 | keymem.key_mem\[11\]\[3\]$_DFFE_PN0P_/D
      600 |       1 |     227 |        0 |     27 |    57 | -596.622 | -1332671.9 |   2606 | keymem.key_mem\[11\]\[3\]$_DFFE_PN0P_/D
      610 |       1 |     236 |        0 |     28 |    57 | -596.622 | -1332474.8 |   2606 | keymem.key_mem\[11\]\[3\]$_DFFE_PN0P_/D
      615 |       1 |     207 |        0 |     24 |    57 | -594.921 | -1332410.9 |   2606 | keymem.key_mem\[11\]\[3\]$_DFFE_PN0P_/D
      620 |       1 |     211 |        0 |     24 |    57 | -595.522 | -1333577.8 |   2606 | keymem.key_mem\[11\]\[3\]$_DFFE_PN0P_/D
      630 |       1 |     219 |        0 |     26 |    57 | -595.522 | -1332691.4 |   2606 | keymem.key_mem\[11\]\[3\]$_DFFE_PN0P_/D
      640 |       1 |     228 |        0 |     27 |    57 | -596.622 | -1332897.6 |   2606 | keymem.key_mem\[11\]\[3\]$_DFFE_PN0P_/D
      650 |       1 |     237 |        0 |     28 |    57 | -596.622 | -1332809.0 |   2606 | keymem.key_mem\[11\]\[3\]$_DFFE_PN0P_/D
      659 |       1 |     212 |        0 |     24 |    57 | -594.921 | -1332410.9 |   2606 | keymem.key_mem\[11\]\[3\]$_DFFE_PN0P_/D
      660 |       1 |     212 |        0 |     24 |    57 | -594.921 | -1332410.9 |   2606 | keymem.key_mem\[11\]\[3\]$_DFFE_PN0P_/D
      670 |       1 |     221 |        0 |     25 |    57 | -595.522 | -1332814.6 |   2606 | keymem.key_mem\[11\]\[3\]$_DFFE_PN0P_/D
      680 |       1 |     230 |        0 |     26 |    57 | -596.622 | -1333149.0 |   2606 | keymem.key_mem\[11\]\[3\]$_DFFE_PN0P_/D
      690 |       1 |     239 |        0 |     27 |    57 | -596.622 | -1332543.5 |   2606 | keymem.key_mem\[11\]\[3\]$_DFFE_PN0P_/D
      700 |       1 |     248 |        0 |     28 |    57 | -596.622 | -1332436.5 |   2606 | keymem.key_mem\[11\]\[3\]$_DFFE_PN0P_/D
      703 |       1 |     217 |        0 |     24 |    57 | -594.921 | -1332410.9 |   2606 | keymem.key_mem\[11\]\[3\]$_DFFE_PN0P_/D
      710 |       1 |     223 |        0 |     24 |    57 | -595.522 | -1333162.2 |   2606 | keymem.key_mem\[11\]\[3\]$_DFFE_PN0P_/D
      720 |       1 |     231 |        0 |     26 |    57 | -595.522 | -1332633.9 |   2606 | keymem.key_mem\[11\]\[3\]$_DFFE_PN0P_/D
      730 |       1 |     240 |        0 |     27 |    57 | -596.622 | -1332787.8 |   2606 | keymem.key_mem\[11\]\[3\]$_DFFE_PN0P_/D
      740 |       1 |     249 |        0 |     28 |    57 | -596.622 | -1332815.6 |   2606 | keymem.key_mem\[11\]\[3\]$_DFFE_PN0P_/D
      747 |       1 |     222 |        0 |     24 |    57 | -594.921 | -1332410.9 |   2606 | keymem.key_mem\[11\]\[3\]$_DFFE_PN0P_/D
      750 |       1 |     223 |        0 |     25 |    57 | -595.951 | -1332770.9 |   2606 | keymem.key_mem\[10\]\[16\]$_DFFE_PN0P_/D
      760 |       1 |     230 |        0 |     26 |    59 | -608.000 | -1341967.1 |   2606 | keymem.key_mem\[0\]\[85\]$_DFFE_PN0P_/D
      770 |       1 |     236 |        0 |     28 |    61 | -605.349 | -1340093.9 |   2606 | keymem.key_mem\[0\]\[85\]$_DFFE_PN0P_/D
      780 |       1 |     245 |        0 |     29 |    61 | -605.348 | -1339992.1 |   2606 | keymem.key_mem\[0\]\[85\]$_DFFE_PN0P_/D
      790 |       1 |     251 |        0 |     31 |    63 | -608.622 | -1342741.5 |   2606 | keymem.key_mem\[10\]\[50\]$_DFFE_PN0P_/D
      798 |       1 |     231 |        0 |     24 |    57 | -594.921 | -1332410.1 |   2606 | keymem.key_mem\[11\]\[3\]$_DFFE_PN0P_/D
      800 |       1 |     231 |        0 |     25 |    57 | -595.951 | -1332962.0 |   2606 | keymem.key_mem\[10\]\[16\]$_DFFE_PN0P_/D
      810 |       1 |     239 |        0 |     26 |    58 | -596.640 | -1333998.4 |   2606 | keymem.key_mem\[11\]\[3\]$_DFFE_PN0P_/D
      814 |       1 |     231 |        0 |     24 |    57 | -594.921 | -1332409.9 |   2606 | keymem.key_mem\[11\]\[3\]$_DFFE_PN0P_/D
      820 |       1 |     235 |        0 |     25 |    57 | -595.845 | -1333744.5 |   2606 | keymem.key_mem\[11\]\[3\]$_DFFE_PN0P_/D
      821 |       1 |     231 |        0 |     24 |    57 | -594.921 | -1332409.8 |   2606 | keymem.key_mem\[11\]\[3\]$_DFFE_PN0P_/D
      828 |       1 |     231 |        0 |     24 |    57 | -594.921 | -1332409.8 |   2606 | keymem.key_mem\[11\]\[3\]$_DFFE_PN0P_/D
      830 |       1 |     231 |        0 |     25 |    57 | -595.951 | -1332961.8 |   2606 | keymem.key_mem\[10\]\[16\]$_DFFE_PN0P_/D
      835 |       1 |     231 |        0 |     24 |    57 | -594.921 | -1332409.8 |   2606 | keymem.key_mem\[11\]\[3\]$_DFFE_PN0P_/D
      840 |       1 |     234 |        0 |     25 |    57 | -595.845 | -1333037.9 |   2606 | keymem.key_mem\[11\]\[3\]$_DFFE_PN0P_/D
      842 |       1 |     231 |        0 |     24 |    57 | -594.921 | -1332409.8 |   2606 | keymem.key_mem\[11\]\[3\]$_DFFE_PN0P_/D
      849 |       1 |     231 |        0 |     24 |    57 | -594.921 | -1332409.8 |   2606 | keymem.key_mem\[11\]\[3\]$_DFFE_PN0P_/D
      850 |       1 |     231 |        0 |     24 |    57 | -594.921 | -1332409.8 |   2606 | keymem.key_mem\[11\]\[3\]$_DFFE_PN0P_/D
      856 |       1 |     231 |        0 |     24 |    57 | -594.921 | -1332409.8 |   2606 | keymem.key_mem\[11\]\[3\]$_DFFE_PN0P_/D
      860 |       1 |     233 |        0 |     25 |    57 | -595.845 | -1333186.1 |   2606 | keymem.key_mem\[11\]\[3\]$_DFFE_PN0P_/D
      863 |       1 |     231 |        0 |     24 |    57 | -594.921 | -1332409.8 |   2606 | keymem.key_mem\[11\]\[3\]$_DFFE_PN0P_/D
      870 |       1 |     235 |        0 |     26 |    57 | -596.269 | -1334083.6 |   2606 | keymem.key_mem\[11\]\[3\]$_DFFE_PN0P_/D
      870 |       1 |     231 |        0 |     24 |    57 | -594.921 | -1332409.8 |   2606 | keymem.key_mem\[11\]\[3\]$_DFFE_PN0P_/D
      880 |       1 |     236 |        0 |     25 |    60 | -594.894 | -1331396.0 |   2606 | keymem.key_mem\[11\]\[3\]$_DFFE_PN0P_/D
      890 |       1 |     244 |        0 |     25 |    62 | -594.894 | -1330767.4 |   2606 | keymem.key_mem\[11\]\[3\]$_DFFE_PN0P_/D
      900 |       1 |     249 |        0 |     26 |    66 | -594.894 | -1330145.0 |   2606 | keymem.key_mem\[11\]\[3\]$_DFFE_PN0P_/D
      910 |       1 |     253 |        0 |     29 |    69 | -597.259 | -1330222.8 |   2606 | keymem.key_mem\[11\]\[30\]$_DFFE_PN0P_/D
      920 |       1 |     259 |        0 |     32 |    70 | -596.754 | -1331820.5 |   2606 | keymem.key_mem\[11\]\[30\]$_DFFE_PN0P_/D
      930 |       1 |     263 |        0 |     34 |    74 | -600.579 | -1334978.4 |   2606 | keymem.key_mem\[11\]\[3\]$_DFFE_PN0P_/D
      932 |       1 |     251 |        0 |     26 |    66 | -594.894 | -1330145.5 |   2606 | keymem.key_mem\[11\]\[3\]$_DFFE_PN0P_/D
      940 |       1 |     255 |        0 |     29 |    66 | -596.047 | -1331891.4 |   2606 | keymem.key_mem\[11\]\[30\]$_DFFE_PN0P_/D
      950 |       1 |     261 |        0 |     32 |    67 | -596.486 | -1334023.9 |   2606 | keymem.key_mem\[11\]\[3\]$_DFFE_PN0P_/D
      951 |       1 |     252 |        0 |     26 |    66 | -594.894 | -1330288.5 |   2606 | keymem.key_mem\[11\]\[3\]$_DFFE_PN0P_/D
      960 |       1 |     257 |        0 |     29 |    66 | -595.991 | -1331886.5 |   2606 | keymem.key_mem\[11\]\[30\]$_DFFE_PN0P_/D
      970 |       1 |     263 |        0 |     33 |    66 | -598.202 | -1334179.0 |   2606 | keymem.key_mem\[11\]\[30\]$_DFFE_PN0P_/D
      970 |       1 |     254 |        0 |     27 |    66 | -594.894 | -1330279.9 |   2606 | keymem.key_mem\[11\]\[3\]$_DFFE_PN0P_/D
      980 |       1 |     260 |        0 |     30 |    66 | -596.486 | -1332804.5 |   2606 | keymem.key_mem\[11\]\[3\]$_DFFE_PN0P_/D
      987 |       1 |     255 |        0 |     27 |    66 | -594.894 | -1330279.9 |   2606 | keymem.key_mem\[11\]\[3\]$_DFFE_PN0P_/D
      990 |       1 |     256 |        0 |     28 |    66 | -594.894 | -1330285.1 |   2606 | keymem.key_mem\[11\]\[3\]$_DFFE_PN0P_/D
     1000 |       1 |     264 |        0 |     30 |    66 | -596.486 | -1331982.5 |   2606 | keymem.key_mem\[11\]\[3\]$_DFFE_PN0P_/D
     1006 |       1 |     258 |        0 |     29 |    66 | -594.894 | -1330250.9 |   2606 | keymem.key_mem\[11\]\[3\]$_DFFE_PN0P_/D
     1010 |       1 |     261 |        0 |     29 |    66 | -595.885 | -1331853.1 |   2606 | keymem.key_mem\[11\]\[3\]$_DFFE_PN0P_/D
     1020 |       1 |     267 |        0 |     33 |    66 | -596.486 | -1333391.8 |   2606 | keymem.key_mem\[11\]\[3\]$_DFFE_PN0P_/D
     1021 |       1 |     259 |        0 |     29 |    66 | -594.894 | -1330250.6 |   2606 | keymem.key_mem\[11\]\[3\]$_DFFE_PN0P_/D
     1030 |       1 |     266 |        0 |     30 |    66 | -596.486 | -1331982.0 |   2606 | keymem.key_mem\[11\]\[3\]$_DFFE_PN0P_/D
     1036 |       1 |     260 |        0 |     29 |    66 | -594.894 | -1330250.4 |   2606 | keymem.key_mem\[11\]\[3\]$_DFFE_PN0P_/D
     1040 |       1 |     263 |        0 |     29 |    66 | -595.885 | -1331852.6 |   2606 | keymem.key_mem\[11\]\[3\]$_DFFE_PN0P_/D
     1050 |       1 |     269 |        0 |     33 |    66 | -596.486 | -1333391.4 |   2606 | keymem.key_mem\[11\]\[3\]$_DFFE_PN0P_/D
     1051 |       1 |     261 |        0 |     29 |    66 | -594.894 | -1330250.1 |   2606 | keymem.key_mem\[11\]\[3\]$_DFFE_PN0P_/D
     1060 |       1 |     268 |        0 |     30 |    66 | -596.486 | -1331981.6 |   2606 | keymem.key_mem\[11\]\[3\]$_DFFE_PN0P_/D
     1066 |       1 |     262 |        0 |     29 |    66 | -594.894 | -1330249.9 |   2606 | keymem.key_mem\[11\]\[3\]$_DFFE_PN0P_/D
     1070 |       1 |     265 |        0 |     29 |    66 | -595.885 | -1331852.2 |   2606 | keymem.key_mem\[11\]\[3\]$_DFFE_PN0P_/D
     1080 |       1 |     271 |        0 |     33 |    66 | -596.486 | -1333390.9 |   2606 | keymem.key_mem\[11\]\[3\]$_DFFE_PN0P_/D
     1082 |       1 |     263 |        0 |     29 |    66 | -594.894 | -1330249.8 |   2606 | keymem.key_mem\[11\]\[3\]$_DFFE_PN0P_/D
     1090 |       1 |     267 |        0 |     30 |    68 | -594.894 | -1330185.1 |   2606 | keymem.key_mem\[11\]\[3\]$_DFFE_PN0P_/D
     1100 |       1 |     272 |        0 |     31 |    72 | -595.792 | -1330181.4 |   2606 | keymem.key_mem\[11\]\[3\]$_DFFE_PN0P_/D
     1110 |       1 |     275 |        0 |     32 |    78 | -597.833 | -1333577.8 |   2606 | keymem.key_mem\[11\]\[3\]$_DFFE_PN0P_/D
     1116 |       1 |     270 |        0 |     30 |    69 | -594.894 | -1330140.9 |   2606 | keymem.key_mem\[11\]\[3\]$_DFFE_PN0P_/D
     1120 |       1 |     272 |        0 |     31 |    69 | -611.363 | -1338972.6 |   2606 | keymem.key_mem\[11\]\[15\]$_DFFE_PN0P_/D
     1130 |       1 |     282 |        0 |     31 |    69 | -595.283 | -1329757.8 |   2606 | keymem.key_mem\[11\]\[3\]$_DFFE_PN0P_/D
     1130 |       1 |     274 |        0 |     30 |    69 | -594.894 | -1330104.9 |   2606 | keymem.key_mem\[11\]\[3\]$_DFFE_PN0P_/D
     1140 |       1 |     282 |        0 |     31 |    69 | -595.069 | -1329700.8 |   2606 | keymem.key_mem\[11\]\[3\]$_DFFE_PN0P_/D
     1143 |       1 |     277 |        0 |     30 |    69 | -594.894 | -1330105.2 |   2606 | keymem.key_mem\[11\]\[3\]$_DFFE_PN0P_/D
     1150 |       1 |     282 |        0 |     31 |    69 | -595.792 | -1330066.1 |   2606 | keymem.key_mem\[11\]\[3\]$_DFFE_PN0P_/D
     1156 |       1 |     280 |        0 |     30 |    69 | -594.894 | -1330105.8 |   2606 | keymem.key_mem\[11\]\[3\]$_DFFE_PN0P_/D
     1160 |       1 |     282 |        0 |     31 |    69 | -598.973 | -1331656.9 |   2606 | keymem.key_mem\[11\]\[15\]$_DFFE_PN0P_/D
     1169 |       1 |     283 |        0 |     30 |    69 | -594.894 | -1330106.2 |   2606 | keymem.key_mem\[11\]\[3\]$_DFFE_PN0P_/D
     1170 |       1 |     283 |        0 |     30 |    69 | -594.894 | -1330106.2 |   2606 | keymem.key_mem\[11\]\[3\]$_DFFE_PN0P_/D
     1180 |       1 |     292 |        0 |     31 |    69 | -595.069 | -1329689.9 |   2606 | keymem.key_mem\[11\]\[3\]$_DFFE_PN0P_/D
     1182 |       1 |     286 |        0 |     30 |    69 | -594.894 | -1330106.6 |   2606 | keymem.key_mem\[11\]\[3\]$_DFFE_PN0P_/D
     1190 |       1 |     292 |        0 |     31 |    69 | -595.792 | -1329980.4 |   2606 | keymem.key_mem\[11\]\[3\]$_DFFE_PN0P_/D
     1195 |       1 |     289 |        0 |     30 |    69 | -594.894 | -1330107.1 |   2606 | keymem.key_mem\[11\]\[3\]$_DFFE_PN0P_/D
     1200 |       1 |     292 |        0 |     31 |    69 | -595.792 | -1330111.6 |   2606 | keymem.key_mem\[11\]\[3\]$_DFFE_PN0P_/D
     1200 |       1 |     292 |        0 |     31 |    69 | -595.792 | -1330111.6 |   2606 | keymem.key_mem\[11\]\[3\]$_DFFE_PN0P_/D
     1209 |       1 |     299 |        0 |     31 |    69 | -595.069 | -1329672.0 |   2606 | keymem.key_mem\[11\]\[3\]$_DFFE_PN0P_/D
     1210 |       1 |     299 |        0 |     31 |    69 | -595.069 | -1329672.0 |   2606 | keymem.key_mem\[11\]\[3\]$_DFFE_PN0P_/D
     1211 |       1 |     299 |        0 |     31 |    69 | -595.069 | -1329672.0 |   2606 | keymem.key_mem\[11\]\[3\]$_DFFE_PN0P_/D
     1220 |       1 |     304 |        0 |     32 |    71 | -595.069 | -1329669.1 |   2606 | keymem.key_mem\[11\]\[3\]$_DFFE_PN0P_/D
     1224 |       1 |     304 |        0 |     32 |    71 | -595.069 | -1329669.1 |   2606 | keymem.key_mem\[11\]\[3\]$_DFFE_PN0P_/D
     1225 |       1 |     304 |        0 |     32 |    71 | -595.069 | -1329669.1 |   2606 | keymem.key_mem\[11\]\[3\]$_DFFE_PN0P_/D
     1226 |       1 |     304 |        0 |     32 |    71 | -595.069 | -1329669.1 |   2606 | keymem.key_mem\[11\]\[3\]$_DFFE_PN0P_/D
     1227 |       1 |     304 |        0 |     32 |    71 | -595.069 | -1329669.1 |   2606 | keymem.key_mem\[11\]\[3\]$_DFFE_PN0P_/D
     1228 |       1 |     304 |        0 |     32 |    71 | -595.069 | -1329669.1 |   2606 | keymem.key_mem\[11\]\[3\]$_DFFE_PN0P_/D
     1229 |       1 |     304 |        0 |     32 |    71 | -595.069 | -1329669.1 |   2606 | keymem.key_mem\[11\]\[3\]$_DFFE_PN0P_/D
     1230 |       1 |     304 |        0 |     32 |    71 | -595.069 | -1329669.1 |   2606 | keymem.key_mem\[11\]\[3\]$_DFFE_PN0P_/D
     1230 |       1 |     304 |        0 |     32 |    71 | -595.069 | -1329669.1 |   2606 | keymem.key_mem\[11\]\[3\]$_DFFE_PN0P_/D
     1231 |       1 |     304 |        0 |     32 |    71 | -595.069 | -1329669.1 |   2606 | keymem.key_mem\[11\]\[3\]$_DFFE_PN0P_/D
     1232 |       1 |     304 |        0 |     32 |    71 | -595.069 | -1329669.1 |   2606 | keymem.key_mem\[11\]\[3\]$_DFFE_PN0P_/D
     1233 |       1 |     304 |        0 |     32 |    71 | -595.069 | -1329669.1 |   2606 | keymem.key_mem\[11\]\[3\]$_DFFE_PN0P_/D
     1240 |       1 |     309 |        0 |     33 |    71 | -595.670 | -1330449.8 |   2606 | keymem.key_mem\[11\]\[3\]$_DFFE_PN0P_/D
     1250 |       1 |     317 |        0 |     35 |    71 | -595.670 | -1329862.9 |   2606 | keymem.key_mem\[11\]\[3\]$_DFFE_PN0P_/D
     1260 |       1 |     325 |        0 |     36 |    72 | -595.670 | -1329316.9 |   2606 | keymem.key_mem\[11\]\[3\]$_DFFE_PN0P_/D
     1270 |       1 |     333 |        0 |     38 |    72 | -595.670 | -1328813.8 |   2606 | keymem.key_mem\[11\]\[3\]$_DFFE_PN0P_/D
     1272 |       1 |     309 |        0 |     33 |    71 | -595.069 | -1329585.4 |   2606 | keymem.key_mem\[11\]\[3\]$_DFFE_PN0P_/D
     1280 |       1 |     314 |        0 |     33 |    73 | -595.670 | -1330300.9 |   2606 | keymem.key_mem\[11\]\[3\]$_DFFE_PN0P_/D
     1290 |       1 |     322 |        0 |     35 |    73 | -596.596 | -1330715.6 |   2606 | keymem.key_mem\[11\]\[3\]$_DFFE_PN0P_/D
     1300 |       1 |     330 |        0 |     36 |    74 | -610.801 | -1342838.6 |   2606 | keymem.key_mem\[0\]\[85\]$_DFFE_PN0P_/D
     1300 |       1 |     330 |        0 |     36 |    74 | -610.801 | -1342838.6 |   2606 | keymem.key_mem\[0\]\[85\]$_DFFE_PN0P_/D
    final |       1 |     330 |        0 |     36 |    74 | -610.801 | -1342838.6 |   2606 | keymem.key_mem\[0\]\[85\]$_DFFE_PN0P_/D
---------------------------------------------------------------------------------------------------
[INFO RSZ-0059] Removed 1 buffers.
[INFO RSZ-0041] Resized 330 instances.
[INFO RSZ-0043] Swapped pins on 74 instances.
[INFO RSZ-0049] Cloned 36 instances.
[WARNING RSZ-0062] Unable to repair all setup violations.
[INFO RSZ-0046] Found 2476 endpoints with hold violations.
Iteration | Resized | Buffers | Cloned Gates |   WNS   |   TNS   | Endpoint
---------------------------------------------------------------------------
        0 |       0 |       0 |            0 |   5.677 | -58847.520 | keymem.key_mem\[9\]\[49\]$_DFFE_PN0P_/D
    final |       0 |       0 |            0 |   5.677 | -58847.520 | keymem.key_mem\[9\]\[49\]$_DFFE_PN0P_/D
---------------------------------------------------------------------------
[WARNING RSZ-0066] Unable to repair all hold violations.
Took 248 seconds: repair_timing -verbose -setup_margin 0 -repair_tns 100
Default units for flow
 time 1ps
 capacitance 1fF
 resistance 1kohm
 voltage 1v
 current 1mA
 power 1pW
 distance 1um
Report metrics stage 2, floorplan final...

==========================================================================
floorplan final report_design_area
--------------------------------------------------------------------------
Design area 2966 u^2 40% utilization.
Elapsed time: 4:27.01[h:]min:sec. CPU time: user 414.05 sys 214.34 (235%). Peak memory: 312416KB.
