OpenROAD v2.0-17598-ga008522d8 
Features included (+) or not (-): +Charts +GPU +GUI +Python : None
This program is licensed under the BSD-3 license. See the LICENSE file for details.
Components of this program may be licensed under more restrictive licenses which must be honored.
[INFO ORD-0030] Using 4 thread(s).
Reading in /home/zhz/OpenROAD-flow-scripts/flow/platforms/asap7/setRC.tcl
Placement Analysis
---------------------------------
total displacement       7307.2 u
average displacement        0.3 u
max displacement            5.1 u
original HPWL          126155.9 u
legalized HPWL         132493.3 u
delta HPWL                    5 %

Detailed placement improvement.
Importing netlist into detailed improver.
[INFO DPO-0100] Creating network with 26056 cells, 520 terminals, 25347 edges, 88728 pins, and 0 blockages.
[INFO DPO-0109] Network stats: inst 26576, edges 25347, pins 88728
[INFO DPO-0110] Number of regions is 1
[INFO DPO-0401] Setting random seed to 1.
[INFO DPO-0402] Setting maximum displacement 5 1 to 1350 270 units.
[INFO DPO-0320] Collected 1636 fixed cells.
[INFO DPO-0318] Collected 24940 single height cells.
[INFO DPO-0321] Collected 0 wide cells.
[INFO DPO-0322] Image (1026, 1080) - (86994, 86940)
[INFO DPO-0310] Assigned 24940 cells into segments.  Movement in X-direction is 0.000000, movement in Y-direction is 0.000000.
[INFO DPO-0313] Found 0 cells in wrong regions.
[INFO DPO-0315] Found 0 row alignment problems.
[INFO DPO-0314] Found 0 site alignment problems.
[INFO DPO-0311] Found 0 overlaps between adjacent cells.
[INFO DPO-0312] Found 0 edge spacing violations and 0 padding violations.
[INFO DPO-0303] Running algorithm for independent set matching.
[INFO DPO-0300] Set matching objective is wirelength.
[INFO DPO-0301] Pass   1 of matching; objective is 1.324679e+08.
[INFO DPO-0302] End of matching; objective is 1.323818e+08, improvement is 0.06 percent.
[INFO DPO-0303] Running algorithm for global swaps.
[INFO DPO-0306] Pass   1 of global swaps; hpwl is 1.313347e+08.
[INFO DPO-0307] End of global swaps; objective is 1.313347e+08, improvement is 0.79 percent.
[INFO DPO-0303] Running algorithm for vertical swaps.
[INFO DPO-0308] Pass   1 of vertical swaps; hpwl is 1.310549e+08.
[INFO DPO-0309] End of vertical swaps; objective is 1.310549e+08, improvement is 0.21 percent.
[INFO DPO-0303] Running algorithm for reordering.
[INFO DPO-0304] Pass   1 of reordering; objective is 1.305848e+08.
[INFO DPO-0305] End of reordering; objective is 1.305848e+08, improvement is 0.36 percent.
[INFO DPO-0303] Running algorithm for random improvement.
[INFO DPO-0324] Random improver is using displacement generator.
[INFO DPO-0325] Random improver is using hpwl objective.
[INFO DPO-0326] Random improver cost string is (a).
[INFO DPO-0332] End of pass, Generator displacement called 498800 times.
[INFO DPO-0335] Generator displacement, Cumulative attempts 498800, swaps 78526, moves 102142 since last reset.
[INFO DPO-0333] End of pass, Objective hpwl, Initial cost 1.304271e+08, Scratch cost 1.293150e+08, Incremental cost 1.293150e+08, Mismatch? N
[INFO DPO-0338] End of pass, Total cost is 1.293150e+08.
[INFO DPO-0327] Pass   1 of random improver; improvement in cost is 0.85 percent.
[INFO DPO-0328] End of random improver; improvement is 0.852649 percent.
[INFO DPO-0380] Cell flipping.
[INFO DPO-0382] Changed 12464 cell orientations for row compatibility.
[INFO DPO-0383] Performed 8034 cell flips.
[INFO DPO-0384] End of flipping; objective is 1.278655e+08, improvement is 1.24 percent.
[INFO DPO-0313] Found 0 cells in wrong regions.
[INFO DPO-0315] Found 0 row alignment problems.
[INFO DPO-0314] Found 0 site alignment problems.
[INFO DPO-0311] Found 0 overlaps between adjacent cells.
[INFO DPO-0312] Found 0 edge spacing violations and 0 padding violations.
Detailed Improvement Results
------------------------------------------
Original HPWL           132493.3 u
Final HPWL              127675.6 u
Delta HPWL                  -3.6 %

[INFO DPL-0020] Mirrored 2947 instances
[INFO DPL-0021] HPWL before          127675.6 u
[INFO DPL-0022] HPWL after           127564.3 u
[INFO DPL-0023] HPWL delta               -0.1 %
[INFO FLW-0012] Placement violations .
Report metrics stage 3, detailed place...

==========================================================================
detailed place report_design_area
--------------------------------------------------------------------------
Design area 3414 u^2 46% utilization.
Elapsed time: 0:29.96[h:]min:sec. CPU time: user 32.73 sys 3.16 (119%). Peak memory: 404428KB.
