OpenROAD v2.0-17598-ga008522d8 
Features included (+) or not (-): +Charts +GPU +GUI +Python : None
This program is licensed under the BSD-3 license. See the LICENSE file for details.
Components of this program may be licensed under more restrictive licenses which must be honored.
[INFO ORD-0030] Using 4 thread(s).
Reading in /home/zhz/OpenROAD-flow-scripts/flow/platforms/asap7/setRC.tcl
clock_tree_synthesis -sink_clustering_enable -balance_levels
[INFO CTS-0050] Root buffer is BUFx16f_ASAP7_75t_R.
[INFO CTS-0051] Sink buffer is BUFx24_ASAP7_75t_R.
[INFO CTS-0052] The following clock buffers will be used for CTS:
                    BUFx16f_ASAP7_75t_R
                    BUFx24_ASAP7_75t_R
[INFO CTS-0049] Characterization buffer is BUFx24_ASAP7_75t_R.
[INFO CTS-0007] Net "clk" found for clock "core_clock".
[INFO CTS-0010]  Clock net "clk" has 2476 sinks.
[INFO CTS-0008] TritonCTS found 1 clock nets.
[INFO CTS-0097] Characterization used 2 buffer(s) types.
[INFO CTS-0200] 0 placement blockages have been identified.
[INFO CTS-0201] 0 placed hard macros will be treated like blockages.
[INFO CTS-0027] Generating H-Tree topology for net clk.
[INFO CTS-0028]  Total number of sinks: 2476.
[INFO CTS-0090]  Sinks will be clustered based on buffer max cap.
[INFO CTS-0030]  Number of static layers: 0.
[INFO CTS-0020]  Wire segment unit: 1350  dbu (1 um).
[INFO CTS-0206] Best clustering solution was found from clustering size of 20 and clustering diameter of 50.
[INFO CTS-0019]  Total number of sinks after clustering: 115.
[INFO CTS-0024]  Normalized sink region: [(1.88563, 10.0188), (53.3835, 62.8134)].
[INFO CTS-0025]     Width:  51.4979.
[INFO CTS-0026]     Height: 52.7945.
 Level 1
    Direction: Vertical
    Sinks per sub-region: 58
    Sub-region size: 51.4979 X 26.3973
[INFO CTS-0034]     Segment length (rounded): 14.
 Level 2
    Direction: Horizontal
    Sinks per sub-region: 29
    Sub-region size: 25.7490 X 26.3973
[INFO CTS-0034]     Segment length (rounded): 12.
 Level 3
    Direction: Vertical
    Sinks per sub-region: 15
    Sub-region size: 25.7490 X 13.1986
[INFO CTS-0034]     Segment length (rounded): 6.
 Level 4
    Direction: Horizontal
    Sinks per sub-region: 8
    Sub-region size: 12.8745 X 13.1986
[INFO CTS-0034]     Segment length (rounded): 6.
[INFO CTS-0032]  Stop criterion found. Max number of sinks is 15.
[INFO CTS-0035]  Number of sinks covered: 115.
[INFO CTS-0018]     Created 136 clock buffers.
[INFO CTS-0012]     Minimum number of buffers in the clock path: 4.
[INFO CTS-0013]     Maximum number of buffers in the clock path: 4.
[INFO CTS-0015]     Created 136 clock nets.
[INFO CTS-0016]     Fanout distribution for the current clock = 4:1, 5:2, 6:5, 7:1, 8:1, 9:5, 11:1, 13:1, 14:2, 15:3, 16:2, 17:5, 18:6, 19:9, 20:5, 21:10, 22:17, 23:25, 24:19, 25:7, 26:4..
[INFO CTS-0017]     Max level of the clock tree: 4.
[INFO CTS-0098] Clock net "clk"
[INFO CTS-0099]  Sinks 2571
[INFO CTS-0100]  Leaf buffers 115
[INFO CTS-0101]  Average sink wire length 118.84 um
[INFO CTS-0102]  Path depth 3 - 4
[INFO CTS-0207]  Leaf load cells 95
[INFO RSZ-0058] Using max wire length 162um.
Placement Analysis
---------------------------------
total displacement        454.9 u
average displacement        0.0 u
max displacement            1.4 u
original HPWL          129524.2 u
legalized HPWL         131841.0 u
delta HPWL                    2 %

repair_timing -verbose -setup_margin 0 -hold_margin 0 -repair_tns 100
[INFO RSZ-0094] Found 4965 endpoints with setup violations.
[INFO RSZ-0099] Repairing 4965 out of 4965 (100.00%) violating endpoints...
   Iter   | Removed | Resized | Inserted | Cloned |  Pin  |    WNS   |   TNS      |  Viol  | Worst
          | Buffers |  Gates  | Buffers  |  Gates | Swaps |          |            | Endpts | Endpt
---------------------------------------------------------------------------------------------------
        0 |       0 |       0 |        0 |      0 |     0 | -731.627 | -1846848.9 |   4965 | keymem.key_mem\[10\]\[65\]$_DFFE_PN0P_/D
       10 |       0 |       2 |        9 |      0 |     4 | -695.055 | -1800787.1 |   4965 | keymem.key_mem\[3\]\[7\]$_DFFE_PN0P_/D
       20 |       0 |       5 |       23 |      1 |     6 | -688.752 | -1799986.1 |   4965 | keymem.key_mem\[10\]\[5\]$_DFFE_PN0P_/D
       30 |       1 |       6 |       31 |      3 |     9 | -685.270 | -1798044.4 |   4965 | keymem.key_mem\[10\]\[34\]$_DFFE_PN0P_/D
       40 |       1 |       7 |       40 |      3 |    15 | -681.545 | -1796284.2 |   4965 | keymem.key_mem\[11\]\[16\]$_DFFE_PN0P_/D
       50 |       1 |       7 |       56 |      3 |    19 | -678.689 | -1794520.0 |   4965 | keymem.key_mem\[5\]\[113\]$_DFFE_PN0P_/D
       60 |       1 |      10 |       66 |      3 |    23 | -676.394 | -1793428.9 |   4965 | keymem.key_mem\[1\]\[29\]$_DFFE_PN0P_/D
       70 |       1 |      14 |       68 |      3 |    28 | -676.503 | -1793811.6 |   4965 | keymem.key_mem\[4\]\[57\]$_DFFE_PN0P_/D
       80 |       1 |      18 |       71 |      3 |    33 | -674.063 | -1793173.0 |   4965 | keymem.key_mem\[4\]\[8\]$_DFFE_PN0P_/D
       90 |       1 |      24 |       77 |      3 |    35 | -674.251 | -1792777.4 |   4965 | keymem.key_mem\[7\]\[71\]$_DFFE_PN0P_/D
      100 |       1 |      26 |       88 |      4 |    37 | -671.716 | -1792026.4 |   4965 | keymem.key_mem\[11\]\[16\]$_DFFE_PN0P_/D
      110 |       1 |      29 |       92 |      4 |    42 | -677.174 | -1794259.6 |   4965 | keymem.key_mem\[9\]\[10\]$_DFFE_PN0P_/D
      120 |       1 |      31 |       94 |      4 |    49 | -679.617 | -1792151.9 |   4965 | keymem.key_mem\[9\]\[10\]$_DFFE_PN0P_/D
      130 |       1 |      34 |      105 |      4 |    52 | -672.094 | -1788822.6 |   4965 | keymem.key_mem\[10\]\[65\]$_DFFE_PN0P_/D
      140 |       1 |      37 |      105 |      8 |    55 | -679.260 | -1790856.9 |   4965 | keymem.key_mem\[13\]\[30\]$_DFFE_PN0P_/D
      150 |       2 |      42 |      107 |      9 |    57 | -675.070 | -1790403.2 |   4965 | keymem.key_mem\[11\]\[65\]$_DFFE_PN0P_/D
      160 |       2 |      47 |      107 |     10 |    61 | -676.848 | -1786269.6 |   4965 | keymem.key_mem\[11\]\[65\]$_DFFE_PN0P_/D
      160 |       1 |      37 |      106 |      4 |    51 | -669.576 | -1788342.8 |   4965 | keymem.key_mem\[10\]\[65\]$_DFFE_PN0P_/D
      170 |       1 |      41 |      106 |      9 |    51 | -679.416 | -1788780.4 |   4965 | keymem.key_mem\[11\]\[65\]$_DFFE_PN0P_/D
      180 |       1 |      47 |      106 |     10 |    54 | -674.694 | -1787324.4 |   4965 | keymem.key_mem\[11\]\[65\]$_DFFE_PN0P_/D
      190 |       1 |      53 |      108 |     10 |    57 | -671.382 | -1783099.1 |   4965 | keymem.key_mem\[11\]\[65\]$_DFFE_PN0P_/D
      192 |       1 |      41 |      107 |      4 |    51 | -669.576 | -1788343.2 |   4965 | keymem.key_mem\[10\]\[65\]$_DFFE_PN0P_/D
      200 |       1 |      43 |      107 |      9 |    51 | -678.259 | -1789261.0 |   4965 | keymem.key_mem\[11\]\[65\]$_DFFE_PN0P_/D
      210 |       1 |      52 |      107 |     10 |    51 | -674.971 | -1787522.8 |   4965 | keymem.key_mem\[11\]\[65\]$_DFFE_PN0P_/D
      220 |       1 |      57 |      111 |     11 |    53 | -671.813 | -1784449.2 |   4965 | keymem.key_mem\[11\]\[65\]$_DFFE_PN0P_/D
      223 |       1 |      45 |      109 |      4 |    51 | -669.576 | -1788342.8 |   4965 | keymem.key_mem\[10\]\[65\]$_DFFE_PN0P_/D
      230 |       1 |      47 |      109 |      8 |    51 | -676.826 | -1788252.2 |   4965 | keymem.key_mem\[11\]\[65\]$_DFFE_PN0P_/D
      240 |       1 |      55 |      109 |     10 |    51 | -675.230 | -1787870.9 |   4965 | keymem.key_mem\[11\]\[65\]$_DFFE_PN0P_/D
      250 |       1 |      62 |      113 |     11 |    51 | -671.643 | -1783276.8 |   4965 | keymem.key_mem\[11\]\[65\]$_DFFE_PN0P_/D
      251 |       1 |      49 |      111 |      4 |    51 | -669.576 | -1788342.5 |   4965 | keymem.key_mem\[10\]\[65\]$_DFFE_PN0P_/D
      260 |       1 |      52 |      111 |      9 |    51 | -682.457 | -1790278.0 |   4965 | keymem.key_mem\[11\]\[65\]$_DFFE_PN0P_/D
      270 |       1 |      61 |      111 |     10 |    51 | -674.451 | -1787531.1 |   4965 | keymem.key_mem\[11\]\[65\]$_DFFE_PN0P_/D
      279 |       1 |      53 |      113 |      4 |    51 | -669.576 | -1788342.2 |   4965 | keymem.key_mem\[10\]\[65\]$_DFFE_PN0P_/D
      280 |       1 |      53 |      113 |      4 |    51 | -669.576 | -1788342.2 |   4965 | keymem.key_mem\[10\]\[65\]$_DFFE_PN0P_/D
      290 |       1 |      58 |      113 |      9 |    51 | -675.438 | -1790233.4 |   4965 | keymem.key_mem\[13\]\[30\]$_DFFE_PN0P_/D
      300 |       1 |      67 |      113 |     10 |    51 | -670.043 | -1787506.4 |   4965 | keymem.key_mem\[14\]\[24\]$_DFFE_PN0P_/D
      310 |       1 |      73 |      117 |     11 |    52 | -669.012 | -1783173.2 |   4965 | keymem.key_mem\[2\]\[36\]$_DFFE_PN0P_/D
      310 |       1 |      68 |      115 |     10 |    51 | -668.776 | -1784794.8 |   4965 | keymem.key_mem\[14\]\[24\]$_DFFE_PN0P_/D
      319 |       1 |      68 |      117 |     10 |    51 | -668.776 | -1784794.8 |   4965 | keymem.key_mem\[14\]\[24\]$_DFFE_PN0P_/D
      320 |       1 |      68 |      117 |     10 |    51 | -668.776 | -1784794.8 |   4965 | keymem.key_mem\[14\]\[24\]$_DFFE_PN0P_/D
      328 |       1 |      68 |      119 |     10 |    51 | -668.776 | -1784794.8 |   4965 | keymem.key_mem\[14\]\[24\]$_DFFE_PN0P_/D
      330 |       1 |      69 |      119 |     10 |    51 | -669.028 | -1785033.1 |   4965 | keymem.key_mem\[14\]\[24\]$_DFFE_PN0P_/D
      337 |       1 |      68 |      121 |     10 |    51 | -668.776 | -1784794.8 |   4965 | keymem.key_mem\[14\]\[24\]$_DFFE_PN0P_/D
      340 |       1 |      69 |      121 |     11 |    51 | -669.629 | -1785031.1 |   4965 | keymem.key_mem\[2\]\[36\]$_DFFE_PN0P_/D
      346 |       1 |      68 |      123 |     10 |    51 | -668.776 | -1784794.8 |   4965 | keymem.key_mem\[14\]\[24\]$_DFFE_PN0P_/D
      350 |       1 |      68 |      125 |     10 |    53 | -668.776 | -1784834.4 |   4965 | keymem.key_mem\[14\]\[24\]$_DFFE_PN0P_/D
      360 |       1 |      73 |      127 |     10 |    57 | -668.776 | -1783409.8 |   4965 | keymem.key_mem\[14\]\[24\]$_DFFE_PN0P_/D
      370 |       1 |      77 |      127 |     12 |    61 | -668.776 | -1782888.0 |   4965 | keymem.key_mem\[14\]\[24\]$_DFFE_PN0P_/D
      380 |       1 |      79 |      131 |     12 |    67 | -668.776 | -1782945.6 |   4965 | keymem.key_mem\[14\]\[24\]$_DFFE_PN0P_/D
      390 |       1 |      86 |      131 |     14 |    68 | -668.932 | -1780839.1 |   4965 | keymem.key_mem\[14\]\[24\]$_DFFE_PN0P_/D
      393 |       1 |      81 |      131 |     12 |    68 | -668.215 | -1781840.8 |   4965 | keymem.key_mem\[14\]\[24\]$_DFFE_PN0P_/D
      400 |       1 |      86 |      131 |     13 |    68 | -668.932 | -1780826.4 |   4965 | keymem.key_mem\[14\]\[24\]$_DFFE_PN0P_/D
      401 |       1 |      81 |      131 |     12 |    68 | -668.215 | -1781840.4 |   4965 | keymem.key_mem\[14\]\[24\]$_DFFE_PN0P_/D
      410 |       1 |      88 |      131 |     13 |    68 | -668.932 | -1780825.9 |   4965 | keymem.key_mem\[14\]\[24\]$_DFFE_PN0P_/D
      411 |       1 |      83 |      131 |     12 |    68 | -668.215 | -1781840.0 |   4965 | keymem.key_mem\[14\]\[24\]$_DFFE_PN0P_/D
      419 |       1 |      83 |      131 |     12 |    68 | -668.215 | -1781839.8 |   4965 | keymem.key_mem\[14\]\[24\]$_DFFE_PN0P_/D
      420 |       1 |      83 |      131 |     12 |    68 | -668.215 | -1781839.8 |   4965 | keymem.key_mem\[14\]\[24\]$_DFFE_PN0P_/D
      427 |       1 |      83 |      131 |     12 |    68 | -668.215 | -1781839.5 |   4965 | keymem.key_mem\[14\]\[24\]$_DFFE_PN0P_/D
      430 |       1 |      85 |      131 |     12 |    68 | -668.932 | -1781016.8 |   4965 | keymem.key_mem\[14\]\[24\]$_DFFE_PN0P_/D
      435 |       1 |      83 |      131 |     12 |    68 | -668.215 | -1781839.2 |   4965 | keymem.key_mem\[14\]\[24\]$_DFFE_PN0P_/D
      440 |       1 |      86 |      131 |     13 |    68 | -668.932 | -1780816.4 |   4965 | keymem.key_mem\[14\]\[24\]$_DFFE_PN0P_/D
      443 |       1 |      83 |      131 |     12 |    68 | -668.215 | -1781839.0 |   4965 | keymem.key_mem\[14\]\[24\]$_DFFE_PN0P_/D
      450 |       1 |      87 |      133 |     12 |    69 | -668.215 | -1781794.1 |   4965 | keymem.key_mem\[14\]\[24\]$_DFFE_PN0P_/D
      460 |       1 |      91 |      137 |     14 |    71 | -668.576 | -1781247.0 |   4965 | keymem.key_mem\[13\]\[30\]$_DFFE_PN0P_/D
      470 |       1 |      94 |      141 |     14 |    76 | -668.430 | -1780909.1 |   4965 | keymem.key_mem\[14\]\[24\]$_DFFE_PN0P_/D
      472 |       1 |      89 |      139 |     14 |    71 | -679.792 | -1787026.0 |   4965 | keymem.key_mem\[13\]\[30\]$_DFFE_PN0P_/D
      480 |       1 |      92 |      141 |     15 |    73 | -669.730 | -1781520.6 |   4965 | keymem.key_mem\[13\]\[30\]$_DFFE_PN0P_/D
      484 |       1 |      91 |      142 |     14 |    71 | -668.576 | -1781455.2 |   4965 | keymem.key_mem\[13\]\[30\]$_DFFE_PN0P_/D
      489 |       1 |      91 |      143 |     14 |    71 | -668.576 | -1781455.5 |   4965 | keymem.key_mem\[13\]\[30\]$_DFFE_PN0P_/D
      490 |       1 |      91 |      143 |     14 |    71 | -668.576 | -1781455.5 |   4965 | keymem.key_mem\[13\]\[30\]$_DFFE_PN0P_/D
      494 |       1 |      91 |      144 |     14 |    71 | -668.576 | -1781455.8 |   4965 | keymem.key_mem\[13\]\[30\]$_DFFE_PN0P_/D
      499 |       1 |      91 |      145 |     14 |    71 | -668.576 | -1781455.9 |   4965 | keymem.key_mem\[13\]\[30\]$_DFFE_PN0P_/D
      500 |       1 |      91 |      145 |     14 |    71 | -668.576 | -1781455.9 |   4965 | keymem.key_mem\[13\]\[30\]$_DFFE_PN0P_/D
      506 |       1 |      93 |      146 |     14 |    71 | -668.576 | -1781426.9 |   4965 | keymem.key_mem\[13\]\[30\]$_DFFE_PN0P_/D
      510 |       1 |      95 |      148 |     14 |    71 | -669.547 | -1780747.1 |   4965 | keymem.key_mem\[14\]\[24\]$_DFFE_PN0P_/D
      511 |       1 |      93 |      147 |     14 |    71 | -668.576 | -1781427.0 |   4965 | keymem.key_mem\[13\]\[30\]$_DFFE_PN0P_/D
      516 |       1 |      93 |      148 |     14 |    71 | -668.576 | -1781427.2 |   4965 | keymem.key_mem\[13\]\[30\]$_DFFE_PN0P_/D
      520 |       1 |      95 |      150 |     14 |    71 | -669.547 | -1780747.5 |   4965 | keymem.key_mem\[14\]\[24\]$_DFFE_PN0P_/D
      522 |       1 |      93 |      149 |     14 |    71 | -668.576 | -1781427.4 |   4965 | keymem.key_mem\[13\]\[30\]$_DFFE_PN0P_/D
      527 |       1 |      93 |      150 |     14 |    71 | -668.576 | -1781427.5 |   4965 | keymem.key_mem\[13\]\[30\]$_DFFE_PN0P_/D
      530 |       1 |      94 |      150 |     14 |    72 | -669.894 | -1781774.8 |   4965 | keymem.key_mem\[13\]\[30\]$_DFFE_PN0P_/D
      540 |       1 |     101 |      150 |     15 |    74 | -669.888 | -1780189.9 |   4965 | keymem.key_mem\[13\]\[30\]$_DFFE_PN0P_/D
      550 |       1 |     106 |      150 |     16 |    78 | -671.058 | -1780280.9 |   4965 | keymem.key_mem\[13\]\[30\]$_DFFE_PN0P_/D
      560 |       1 |     110 |      150 |     22 |    78 | -669.013 | -1779771.6 |   4965 | keymem.key_mem\[14\]\[24\]$_DFFE_PN0P_/D
      570 |       1 |     113 |      154 |     23 |    82 | -668.606 | -1778870.5 |   4965 | keymem.key_mem\[14\]\[24\]$_DFFE_PN0P_/D
      575 |       1 |      95 |      152 |     14 |    71 | -668.576 | -1781427.2 |   4965 | keymem.key_mem\[13\]\[30\]$_DFFE_PN0P_/D
      580 |       1 |      99 |      152 |     14 |    71 | -669.894 | -1780979.9 |   4965 | keymem.key_mem\[13\]\[30\]$_DFFE_PN0P_/D
      590 |       1 |     106 |      152 |     17 |    71 | -671.369 | -1780944.6 |   4965 | keymem.key_mem\[13\]\[30\]$_DFFE_PN0P_/D
      600 |       1 |     110 |      154 |     22 |    71 | -669.340 | -1780272.6 |   4965 | keymem.key_mem\[14\]\[24\]$_DFFE_PN0P_/D
      609 |       1 |      96 |      154 |     14 |    71 | -668.576 | -1781426.9 |   4965 | keymem.key_mem\[13\]\[30\]$_DFFE_PN0P_/D
      610 |       1 |      96 |      154 |     14 |    71 | -668.576 | -1781426.9 |   4965 | keymem.key_mem\[13\]\[30\]$_DFFE_PN0P_/D
      620 |       1 |     105 |      154 |     15 |    71 | -670.215 | -1780902.4 |   4965 | keymem.key_mem\[13\]\[30\]$_DFFE_PN0P_/D
      630 |       1 |     109 |      154 |     21 |    71 | -669.340 | -1780365.6 |   4965 | keymem.key_mem\[14\]\[24\]$_DFFE_PN0P_/D
      640 |       1 |     115 |      158 |     23 |    71 | -668.932 | -1779888.2 |   4965 | keymem.key_mem\[14\]\[24\]$_DFFE_PN0P_/D
      643 |       1 |      97 |      156 |     14 |    71 | -668.576 | -1781426.4 |   4965 | keymem.key_mem\[13\]\[30\]$_DFFE_PN0P_/D
      650 |       1 |     101 |      156 |     14 |    73 | -669.894 | -1780784.1 |   4965 | keymem.key_mem\[13\]\[30\]$_DFFE_PN0P_/D
      660 |       1 |     106 |      160 |     16 |    74 | -670.215 | -1780680.8 |   4965 | keymem.key_mem\[13\]\[30\]$_DFFE_PN0P_/D
      670 |       1 |     111 |      160 |     21 |    74 | -669.340 | -1780074.9 |   4965 | keymem.key_mem\[14\]\[24\]$_DFFE_PN0P_/D
      680 |       1 |     118 |      160 |     23 |    75 | -668.782 | -1778908.2 |   4965 | keymem.key_mem\[13\]\[30\]$_DFFE_PN0P_/D
      683 |       1 |      98 |      158 |     14 |    71 | -668.576 | -1781426.8 |   4965 | keymem.key_mem\[13\]\[30\]$_DFFE_PN0P_/D
      690 |       1 |     103 |      158 |     15 |    71 | -669.894 | -1780877.9 |   4965 | keymem.key_mem\[13\]\[30\]$_DFFE_PN0P_/D
      700 |       1 |     110 |      158 |     18 |    71 | -671.369 | -1781072.1 |   4965 | keymem.key_mem\[13\]\[30\]$_DFFE_PN0P_/D
      710 |       1 |     114 |      162 |     22 |    71 | -669.340 | -1780605.4 |   4965 | keymem.key_mem\[14\]\[24\]$_DFFE_PN0P_/D
      718 |       1 |      99 |      160 |     14 |    71 | -668.576 | -1781429.9 |   4965 | keymem.key_mem\[13\]\[30\]$_DFFE_PN0P_/D
      720 |       1 |     100 |      160 |     14 |    71 | -669.894 | -1781841.5 |   4965 | keymem.key_mem\[13\]\[30\]$_DFFE_PN0P_/D
      730 |       1 |     108 |      162 |     15 |    71 | -670.215 | -1780859.0 |   4965 | keymem.key_mem\[13\]\[30\]$_DFFE_PN0P_/D
      740 |       1 |     112 |      164 |     20 |    71 | -672.580 | -1781707.5 |   4965 | keymem.key_mem\[13\]\[30\]$_DFFE_PN0P_/D
      750 |       1 |     118 |      166 |     23 |    71 | -668.932 | -1779855.5 |   4965 | keymem.key_mem\[14\]\[24\]$_DFFE_PN0P_/D
      753 |       1 |     100 |      163 |     14 |    71 | -668.576 | -1781429.8 |   4965 | keymem.key_mem\[13\]\[30\]$_DFFE_PN0P_/D
      760 |       1 |     105 |      163 |     15 |    71 | -669.894 | -1780881.2 |   4965 | keymem.key_mem\[13\]\[30\]$_DFFE_PN0P_/D
      770 |       1 |     112 |      163 |     18 |    71 | -671.369 | -1781075.8 |   4965 | keymem.key_mem\[13\]\[30\]$_DFFE_PN0P_/D
      780 |       1 |     116 |      167 |     22 |    71 | -669.340 | -1780609.0 |   4965 | keymem.key_mem\[14\]\[24\]$_DFFE_PN0P_/D
      788 |       1 |     101 |      165 |     14 |    71 | -668.576 | -1781430.1 |   4965 | keymem.key_mem\[13\]\[30\]$_DFFE_PN0P_/D
      790 |       1 |     102 |      165 |     14 |    71 | -669.730 | -1781357.2 |   4965 | keymem.key_mem\[13\]\[30\]$_DFFE_PN0P_/D
      796 |       1 |     101 |      165 |     14 |    71 | -668.576 | -1781429.2 |   4965 | keymem.key_mem\[13\]\[30\]$_DFFE_PN0P_/D
      800 |       1 |     104 |      165 |     14 |    71 | -669.894 | -1781128.6 |   4965 | keymem.key_mem\[13\]\[30\]$_DFFE_PN0P_/D
      810 |       1 |     112 |      165 |     16 |    71 | -671.369 | -1780947.6 |   4965 | keymem.key_mem\[13\]\[30\]$_DFFE_PN0P_/D
      820 |       1 |     116 |      165 |     22 |    71 | -669.340 | -1780281.4 |   4965 | keymem.key_mem\[14\]\[24\]$_DFFE_PN0P_/D
      830 |       1 |     122 |      169 |     24 |    71 | -669.119 | -1779304.9 |   4965 | keymem.key_mem\[14\]\[24\]$_DFFE_PN0P_/D
      831 |       1 |     102 |      167 |     14 |    71 | -668.576 | -1781429.5 |   4965 | keymem.key_mem\[13\]\[30\]$_DFFE_PN0P_/D
      840 |       1 |     109 |      167 |     15 |    71 | -669.894 | -1780962.2 |   4965 | keymem.key_mem\[13\]\[30\]$_DFFE_PN0P_/D
      850 |       1 |     115 |      167 |     19 |    71 | -671.672 | -1781284.2 |   4965 | keymem.key_mem\[13\]\[30\]$_DFFE_PN0P_/D
      860 |       1 |     120 |      171 |     22 |    71 | -668.932 | -1779586.9 |   4965 | keymem.key_mem\[14\]\[24\]$_DFFE_PN0P_/D
      866 |       1 |     103 |      169 |     14 |    71 | -668.576 | -1781429.9 |   4965 | keymem.key_mem\[13\]\[30\]$_DFFE_PN0P_/D
      870 |       1 |     105 |      169 |     15 |    71 | -669.310 | -1781308.4 |   4965 | keymem.key_mem\[13\]\[30\]$_DFFE_PN0P_/D
      874 |       1 |     103 |      169 |     14 |    71 | -668.576 | -1781429.0 |   4965 | keymem.key_mem\[13\]\[30\]$_DFFE_PN0P_/D
      880 |       1 |     107 |      169 |     15 |    71 | -669.310 | -1780651.9 |   4965 | keymem.key_mem\[13\]\[30\]$_DFFE_PN0P_/D
      882 |       1 |     103 |      169 |     14 |    71 | -668.576 | -1781428.1 |   4965 | keymem.key_mem\[13\]\[30\]$_DFFE_PN0P_/D
      890 |       1 |     109 |      169 |     15 |    71 | -669.894 | -1780859.1 |   4965 | keymem.key_mem\[13\]\[30\]$_DFFE_PN0P_/D
      900 |       1 |     115 |      169 |     19 |    71 | -671.369 | -1781130.4 |   4965 | keymem.key_mem\[13\]\[30\]$_DFFE_PN0P_/D
      910 |       1 |     120 |      173 |     22 |    71 | -668.932 | -1779764.6 |   4965 | keymem.key_mem\[14\]\[24\]$_DFFE_PN0P_/D
      917 |       1 |     104 |      171 |     14 |    71 | -668.576 | -1781428.5 |   4965 | keymem.key_mem\[13\]\[30\]$_DFFE_PN0P_/D
      920 |       1 |     106 |      171 |     14 |    71 | -669.894 | -1781556.0 |   4965 | keymem.key_mem\[13\]\[30\]$_DFFE_PN0P_/D
      930 |       1 |     114 |      171 |     16 |    71 | -671.369 | -1780947.9 |   4965 | keymem.key_mem\[13\]\[30\]$_DFFE_PN0P_/D
      940 |       1 |     118 |      171 |     22 |    71 | -669.340 | -1780282.9 |   4965 | keymem.key_mem\[14\]\[24\]$_DFFE_PN0P_/D
      950 |       1 |     124 |      175 |     24 |    71 | -668.932 | -1779710.6 |   4965 | keymem.key_mem\[14\]\[24\]$_DFFE_PN0P_/D
      952 |       1 |     105 |      173 |     14 |    71 | -668.576 | -1781429.0 |   4965 | keymem.key_mem\[13\]\[30\]$_DFFE_PN0P_/D
      960 |       1 |     111 |      173 |     15 |    71 | -669.894 | -1780860.0 |   4965 | keymem.key_mem\[13\]\[30\]$_DFFE_PN0P_/D
      970 |       1 |     117 |      173 |     19 |    71 | -671.369 | -1781131.2 |   4965 | keymem.key_mem\[13\]\[30\]$_DFFE_PN0P_/D
      980 |       1 |     122 |      177 |     22 |    71 | -668.932 | -1779765.5 |   4965 | keymem.key_mem\[14\]\[24\]$_DFFE_PN0P_/D
      987 |       1 |     106 |      175 |     14 |    71 | -668.576 | -1781429.4 |   4965 | keymem.key_mem\[13\]\[30\]$_DFFE_PN0P_/D
      990 |       1 |     107 |      175 |     14 |    72 | -668.576 | -1780918.4 |   4965 | keymem.key_mem\[13\]\[30\]$_DFFE_PN0P_/D
     1000 |       1 |     110 |      182 |     14 |    76 | -668.576 | -1782170.6 |   4965 | keymem.key_mem\[13\]\[30\]$_DFFE_PN0P_/D
     1010 |       1 |     114 |      186 |     14 |    80 | -668.576 | -1781675.1 |   4965 | keymem.key_mem\[13\]\[30\]$_DFFE_PN0P_/D
     1019 |       1 |     115 |      186 |     14 |    81 | -668.576 | -1781402.8 |   4965 | keymem.key_mem\[13\]\[30\]$_DFFE_PN0P_/D
     1020 |       1 |     115 |      186 |     14 |    81 | -668.576 | -1781402.8 |   4965 | keymem.key_mem\[13\]\[30\]$_DFFE_PN0P_/D
     1028 |       1 |     115 |      186 |     14 |    81 | -668.576 | -1781402.9 |   4965 | keymem.key_mem\[13\]\[30\]$_DFFE_PN0P_/D
     1030 |       1 |     116 |      186 |     14 |    81 | -669.730 | -1780712.9 |   4965 | keymem.key_mem\[13\]\[30\]$_DFFE_PN0P_/D
     1037 |       1 |     115 |      187 |     14 |    81 | -668.576 | -1781402.8 |   4965 | keymem.key_mem\[13\]\[30\]$_DFFE_PN0P_/D
     1040 |       1 |     116 |      187 |     15 |    81 | -669.730 | -1780596.0 |   4965 | keymem.key_mem\[13\]\[30\]$_DFFE_PN0P_/D
     1046 |       1 |     115 |      188 |     14 |    81 | -668.576 | -1781402.5 |   4965 | keymem.key_mem\[13\]\[30\]$_DFFE_PN0P_/D
     1050 |       1 |     117 |      188 |     15 |    81 | -669.730 | -1780599.5 |   4965 | keymem.key_mem\[13\]\[30\]$_DFFE_PN0P_/D
     1055 |       1 |     115 |      189 |     14 |    81 | -668.576 | -1781402.2 |   4965 | keymem.key_mem\[13\]\[30\]$_DFFE_PN0P_/D
     1060 |       1 |     118 |      189 |     14 |    82 | -669.172 | -1781796.5 |   4965 | keymem.key_mem\[8\]\[65\]$_DFFE_PN0P_/D
     1063 |       1 |     116 |      189 |     14 |    81 | -668.576 | -1781404.1 |   4965 | keymem.key_mem\[13\]\[30\]$_DFFE_PN0P_/D
     1070 |       1 |     118 |      191 |     14 |    84 | -668.576 | -1780940.9 |   4965 | keymem.key_mem\[13\]\[30\]$_DFFE_PN0P_/D
     1080 |       1 |     121 |      195 |     15 |    89 | -668.576 | -1780349.1 |   4965 | keymem.key_mem\[13\]\[30\]$_DFFE_PN0P_/D
     1090 |       1 |     128 |      199 |     15 |    90 | -669.526 | -1779762.5 |   4965 | keymem.key_mem\[9\]\[10\]$_DFFE_PN0P_/D
     1091 |       1 |     122 |      198 |     15 |    89 | -668.576 | -1780347.5 |   4965 | keymem.key_mem\[13\]\[30\]$_DFFE_PN0P_/D
     1100 |       1 |     129 |      200 |     15 |    89 | -671.370 | -1779599.1 |   4965 | keymem.key_mem\[13\]\[30\]$_DFFE_PN0P_/D
     1110 |       1 |     134 |      200 |     20 |    89 | -671.370 | -1779805.2 |   4965 | keymem.key_mem\[13\]\[30\]$_DFFE_PN0P_/D
     1120 |       1 |     139 |      204 |     23 |    89 | -668.932 | -1778210.4 |   4965 | keymem.key_mem\[14\]\[24\]$_DFFE_PN0P_/D
     1127 |       1 |     123 |      201 |     15 |    89 | -668.576 | -1780350.8 |   4965 | keymem.key_mem\[13\]\[30\]$_DFFE_PN0P_/D
     1130 |       1 |     124 |      203 |     15 |    89 | -668.576 | -1780288.1 |   4965 | keymem.key_mem\[13\]\[30\]$_DFFE_PN0P_/D
     1140 |       1 |     131 |      207 |     15 |    90 | -669.310 | -1778573.2 |   4965 | keymem.key_mem\[13\]\[30\]$_DFFE_PN0P_/D
     1142 |       1 |     125 |      205 |     15 |    89 | -668.576 | -1780287.2 |   4965 | keymem.key_mem\[13\]\[30\]$_DFFE_PN0P_/D
     1150 |       1 |     130 |      209 |     15 |    89 | -669.310 | -1778940.4 |   4965 | keymem.key_mem\[13\]\[30\]$_DFFE_PN0P_/D
     1152 |       1 |     126 |      207 |     15 |    89 | -668.576 | -1780286.8 |   4965 | keymem.key_mem\[13\]\[30\]$_DFFE_PN0P_/D
     1160 |       1 |     132 |      209 |     15 |    89 | -669.853 | -1780156.4 |   4965 | keymem.key_mem\[9\]\[10\]$_DFFE_PN0P_/D
     1162 |       1 |     127 |      208 |     15 |    89 | -668.576 | -1780286.6 |   4965 | keymem.key_mem\[13\]\[30\]$_DFFE_PN0P_/D
     1170 |       1 |     132 |      212 |     15 |    89 | -669.310 | -1778939.8 |   4965 | keymem.key_mem\[13\]\[30\]$_DFFE_PN0P_/D
     1172 |       1 |     128 |      210 |     15 |    89 | -668.576 | -1780286.1 |   4965 | keymem.key_mem\[13\]\[30\]$_DFFE_PN0P_/D
     1180 |       1 |     134 |      212 |     15 |    89 | -671.048 | -1779384.9 |   4965 | keymem.key_mem\[13\]\[30\]$_DFFE_PN0P_/D
     1190 |       1 |     140 |      212 |     19 |    89 | -671.370 | -1779687.5 |   4965 | keymem.key_mem\[13\]\[30\]$_DFFE_PN0P_/D
     1200 |       1 |     145 |      214 |     23 |    89 | -668.932 | -1777844.8 |   4965 | keymem.key_mem\[14\]\[24\]$_DFFE_PN0P_/D
     1207 |       1 |     129 |      213 |     15 |    89 | -668.576 | -1780285.9 |   4965 | keymem.key_mem\[13\]\[30\]$_DFFE_PN0P_/D
     1210 |       1 |     130 |      215 |     15 |    89 | -669.730 | -1779922.8 |   4965 | keymem.key_mem\[13\]\[30\]$_DFFE_PN0P_/D
     1217 |       1 |     130 |      215 |     15 |    89 | -668.576 | -1780285.4 |   4965 | keymem.key_mem\[13\]\[30\]$_DFFE_PN0P_/D
     1220 |       1 |     131 |      217 |     15 |    89 | -669.730 | -1779922.2 |   4965 | keymem.key_mem\[13\]\[30\]$_DFFE_PN0P_/D
     1227 |       1 |     131 |      217 |     15 |    89 | -668.576 | -1780285.0 |   4965 | keymem.key_mem\[13\]\[30\]$_DFFE_PN0P_/D
     1230 |       1 |     133 |      217 |     15 |    89 | -669.894 | -1780627.1 |   4965 | keymem.key_mem\[13\]\[30\]$_DFFE_PN0P_/D
     1240 |       1 |     141 |      219 |     16 |    89 | -671.370 | -1779504.5 |   4965 | keymem.key_mem\[13\]\[30\]$_DFFE_PN0P_/D
     1250 |       1 |     145 |      219 |     22 |    89 | -669.340 | -1778991.1 |   4965 | keymem.key_mem\[14\]\[24\]$_DFFE_PN0P_/D
     1260 |       1 |     151 |      223 |     24 |    89 | -668.932 | -1778437.4 |   4965 | keymem.key_mem\[14\]\[24\]$_DFFE_PN0P_/D
     1263 |       1 |     132 |      220 |     15 |    89 | -668.576 | -1780284.6 |   4965 | keymem.key_mem\[13\]\[30\]$_DFFE_PN0P_/D
     1270 |       1 |     137 |      222 |     15 |    89 | -671.048 | -1779721.4 |   4965 | keymem.key_mem\[13\]\[30\]$_DFFE_PN0P_/D
     1280 |       1 |     143 |      222 |     19 |    89 | -671.370 | -1779666.6 |   4965 | keymem.key_mem\[13\]\[30\]$_DFFE_PN0P_/D
     1290 |       1 |     149 |      224 |     22 |    89 | -668.932 | -1777856.4 |   4965 | keymem.key_mem\[14\]\[24\]$_DFFE_PN0P_/D
     1298 |       1 |     133 |      223 |     15 |    89 | -668.576 | -1780284.5 |   4965 | keymem.key_mem\[13\]\[30\]$_DFFE_PN0P_/D
     1300 |       1 |     134 |      223 |     15 |    89 | -669.730 | -1779913.5 |   4965 | keymem.key_mem\[13\]\[30\]$_DFFE_PN0P_/D
     1300 |       1 |     134 |      223 |     15 |    89 | -669.730 | -1779913.5 |   4965 | keymem.key_mem\[13\]\[30\]$_DFFE_PN0P_/D
     1310 |       1 |     141 |      225 |     16 |    89 | -671.370 | -1779529.6 |   4965 | keymem.key_mem\[13\]\[30\]$_DFFE_PN0P_/D
     1320 |       1 |     147 |      225 |     20 |    89 | -671.672 | -1779899.5 |   4965 | keymem.key_mem\[13\]\[30\]$_DFFE_PN0P_/D
     1330 |       1 |     151 |      229 |     24 |    89 | -668.932 | -1778124.5 |   4965 | keymem.key_mem\[14\]\[24\]$_DFFE_PN0P_/D
     1335 |       1 |     152 |      229 |     24 |    89 | -668.932 | -1778175.6 |   4965 | keymem.key_mem\[14\]\[24\]$_DFFE_PN0P_/D
     1340 |       1 |     156 |      229 |     24 |    89 | -668.932 | -1778281.9 |   4965 | keymem.key_mem\[14\]\[24\]$_DFFE_PN0P_/D
     1342 |       1 |     157 |      230 |     24 |    89 | -668.932 | -1778405.0 |   4965 | keymem.key_mem\[14\]\[24\]$_DFFE_PN0P_/D
     1347 |       1 |     158 |      230 |     24 |    89 | -668.932 | -1778282.5 |   4965 | keymem.key_mem\[14\]\[24\]$_DFFE_PN0P_/D
     1349 |       1 |     158 |      231 |     24 |    89 | -668.932 | -1778282.5 |   4965 | keymem.key_mem\[14\]\[24\]$_DFFE_PN0P_/D
     1350 |       1 |     158 |      231 |     24 |    89 | -668.932 | -1778282.5 |   4965 | keymem.key_mem\[14\]\[24\]$_DFFE_PN0P_/D
     1354 |       1 |     158 |      231 |     24 |    89 | -668.932 | -1778282.5 |   4965 | keymem.key_mem\[14\]\[24\]$_DFFE_PN0P_/D
     1358 |       1 |     160 |      232 |     24 |    89 | -668.932 | -1778273.9 |   4965 | keymem.key_mem\[14\]\[24\]$_DFFE_PN0P_/D
     1360 |       1 |     160 |      234 |     24 |    89 | -669.114 | -1778842.9 |   4965 | keymem.key_mem\[9\]\[10\]$_DFFE_PN0P_/D
     1360 |       1 |     160 |      233 |     24 |    89 | -668.932 | -1778273.9 |   4965 | keymem.key_mem\[14\]\[24\]$_DFFE_PN0P_/D
     1362 |       1 |     160 |      234 |     24 |    89 | -668.932 | -1778273.9 |   4965 | keymem.key_mem\[14\]\[24\]$_DFFE_PN0P_/D
     1364 |       1 |     160 |      235 |     24 |    89 | -668.932 | -1778273.9 |   4965 | keymem.key_mem\[14\]\[24\]$_DFFE_PN0P_/D
     1370 |       1 |     163 |      239 |     24 |    89 | -668.932 | -1778348.5 |   4965 | keymem.key_mem\[14\]\[24\]$_DFFE_PN0P_/D
     1371 |       1 |     163 |      238 |     24 |    89 | -668.932 | -1777819.4 |   4965 | keymem.key_mem\[14\]\[24\]$_DFFE_PN0P_/D
     1375 |       1 |     163 |      238 |     24 |    89 | -668.932 | -1777819.6 |   4965 | keymem.key_mem\[14\]\[24\]$_DFFE_PN0P_/D
     1378 |       1 |     163 |      239 |     24 |    89 | -668.932 | -1777819.6 |   4965 | keymem.key_mem\[14\]\[24\]$_DFFE_PN0P_/D
     1380 |       1 |     163 |      241 |     24 |    89 | -668.932 | -1778348.8 |   4965 | keymem.key_mem\[14\]\[24\]$_DFFE_PN0P_/D
     1381 |       1 |     163 |      240 |     24 |    89 | -668.932 | -1777819.6 |   4965 | keymem.key_mem\[14\]\[24\]$_DFFE_PN0P_/D
     1383 |       1 |     163 |      241 |     24 |    89 | -668.932 | -1777819.8 |   4965 | keymem.key_mem\[14\]\[24\]$_DFFE_PN0P_/D
     1386 |       1 |     163 |      242 |     24 |    89 | -668.932 | -1777819.6 |   4965 | keymem.key_mem\[14\]\[24\]$_DFFE_PN0P_/D
     1389 |       1 |     163 |      243 |     24 |    89 | -668.932 | -1777819.6 |   4965 | keymem.key_mem\[14\]\[24\]$_DFFE_PN0P_/D
     1390 |       1 |     163 |      243 |     24 |    89 | -668.932 | -1777819.6 |   4965 | keymem.key_mem\[14\]\[24\]$_DFFE_PN0P_/D
     1393 |       1 |     165 |      243 |     24 |    89 | -668.932 | -1777837.8 |   4965 | keymem.key_mem\[14\]\[24\]$_DFFE_PN0P_/D
     1395 |       1 |     166 |      243 |     24 |    89 | -668.932 | -1778153.5 |   4965 | keymem.key_mem\[14\]\[24\]$_DFFE_PN0P_/D
     1400 |       1 |     168 |      243 |     25 |    90 | -671.722 | -1778593.5 |   4965 | keymem.key_mem\[11\]\[65\]$_DFFE_PN0P_/D
     1404 |       1 |     167 |      244 |     24 |    89 | -671.283 | -1778409.8 |   4965 | keymem.key_mem\[11\]\[65\]$_DFFE_PN0P_/D
     1407 |       1 |     168 |      244 |     24 |    90 | -669.871 | -1778033.1 |   4965 | keymem.key_mem\[11\]\[65\]$_DFFE_PN0P_/D
     1409 |       1 |     168 |      244 |     24 |    90 | -669.871 | -1778033.1 |   4965 | keymem.key_mem\[11\]\[65\]$_DFFE_PN0P_/D
     1410 |       1 |     168 |      244 |     24 |    90 | -669.871 | -1778033.1 |   4965 | keymem.key_mem\[11\]\[65\]$_DFFE_PN0P_/D
     1410 |       1 |     168 |      244 |     24 |    90 | -669.871 | -1778033.1 |   4965 | keymem.key_mem\[11\]\[65\]$_DFFE_PN0P_/D
     1417 |       1 |     168 |      248 |     24 |    91 | -669.871 | -1778029.5 |   4965 | keymem.key_mem\[11\]\[65\]$_DFFE_PN0P_/D
     1419 |       1 |     168 |      248 |     24 |    91 | -669.871 | -1778029.5 |   4965 | keymem.key_mem\[11\]\[65\]$_DFFE_PN0P_/D
     1420 |       1 |     168 |      248 |     24 |    91 | -669.871 | -1778029.5 |   4965 | keymem.key_mem\[11\]\[65\]$_DFFE_PN0P_/D
     1421 |       1 |     169 |      248 |     24 |    91 | -669.871 | -1778035.4 |   4965 | keymem.key_mem\[11\]\[65\]$_DFFE_PN0P_/D
     1425 |       1 |     169 |      249 |     24 |    91 | -669.871 | -1778035.4 |   4965 | keymem.key_mem\[11\]\[65\]$_DFFE_PN0P_/D
     1426 |       1 |     169 |      249 |     24 |    91 | -669.871 | -1778035.4 |   4965 | keymem.key_mem\[11\]\[65\]$_DFFE_PN0P_/D
     1428 |       1 |     169 |      249 |     24 |    92 | -669.871 | -1778034.5 |   4965 | keymem.key_mem\[11\]\[65\]$_DFFE_PN0P_/D
     1430 |       1 |     169 |      249 |     24 |    93 | -669.871 | -1778033.8 |   4965 | keymem.key_mem\[11\]\[65\]$_DFFE_PN0P_/D
     1430 |       1 |     169 |      249 |     24 |    93 | -669.871 | -1778033.8 |   4965 | keymem.key_mem\[11\]\[65\]$_DFFE_PN0P_/D
     1432 |       1 |     169 |      249 |     24 |    94 | -669.871 | -1778032.9 |   4965 | keymem.key_mem\[11\]\[65\]$_DFFE_PN0P_/D
     1434 |       1 |     169 |      249 |     24 |    95 | -669.871 | -1778032.4 |   4965 | keymem.key_mem\[11\]\[65\]$_DFFE_PN0P_/D
     1435 |       1 |     169 |      249 |     24 |    95 | -669.871 | -1778032.4 |   4965 | keymem.key_mem\[11\]\[65\]$_DFFE_PN0P_/D
     1437 |       1 |     169 |      249 |     24 |    96 | -669.871 | -1778031.8 |   4965 | keymem.key_mem\[11\]\[65\]$_DFFE_PN0P_/D
     1440 |       1 |     170 |      251 |     24 |    96 | -670.310 | -1778192.1 |   4965 | keymem.key_mem\[11\]\[65\]$_DFFE_PN0P_/D
     1441 |       1 |     169 |      250 |     24 |    96 | -669.871 | -1778031.8 |   4965 | keymem.key_mem\[11\]\[65\]$_DFFE_PN0P_/D
     1445 |       1 |     169 |      251 |     24 |    96 | -669.871 | -1778031.8 |   4965 | keymem.key_mem\[11\]\[65\]$_DFFE_PN0P_/D
     1450 |       1 |     170 |      251 |     25 |    98 | -669.871 | -1778085.1 |   4965 | keymem.key_mem\[11\]\[65\]$_DFFE_PN0P_/D
     1460 |       1 |     173 |      260 |     25 |   101 | -669.954 | -1777577.2 |   4965 | keymem.key_mem\[11\]\[65\]$_DFFE_PN0P_/D
     1470 |       1 |     177 |      262 |     26 |   105 | -671.276 | -1777645.5 |   4965 | keymem.key_mem\[2\]\[36\]$_DFFE_PN0P_/D
     1480 |       1 |     181 |      268 |     27 |   107 | -669.880 | -1777266.2 |   4965 | keymem.key_mem\[2\]\[36\]$_DFFE_PN0P_/D
     1483 |       1 |     177 |      266 |     25 |   105 | -669.561 | -1777258.2 |   4965 | keymem.key_mem\[11\]\[65\]$_DFFE_PN0P_/D
     1486 |       1 |     177 |      268 |     25 |   105 | -669.163 | -1777476.2 |   4965 | keymem.key_mem\[2\]\[36\]$_DFFE_PN0P_/D
     1487 |       1 |     177 |      268 |     25 |   105 | -669.163 | -1777476.2 |   4965 | keymem.key_mem\[2\]\[36\]$_DFFE_PN0P_/D
     1488 |       1 |     177 |      268 |     25 |   105 | -669.163 | -1777476.2 |   4965 | keymem.key_mem\[2\]\[36\]$_DFFE_PN0P_/D
     1490 |       1 |     178 |      268 |     25 |   105 | -669.163 | -1777301.2 |   4965 | keymem.key_mem\[2\]\[36\]$_DFFE_PN0P_/D
     1492 |       1 |     178 |      271 |     25 |   105 | -669.163 | -1777325.5 |   4965 | keymem.key_mem\[2\]\[36\]$_DFFE_PN0P_/D
     1494 |       1 |     178 |      272 |     25 |   105 | -669.163 | -1777325.5 |   4965 | keymem.key_mem\[2\]\[36\]$_DFFE_PN0P_/D
     1500 |       1 |     179 |      274 |     25 |   108 | -673.508 | -1778178.2 |   4965 | keymem.key_mem\[14\]\[24\]$_DFFE_PN0P_/D
     1508 |       1 |     181 |      277 |     26 |   111 | -669.163 | -1776114.4 |   4965 | keymem.key_mem\[2\]\[36\]$_DFFE_PN0P_/D
     1510 |       1 |     181 |      280 |     26 |   111 | -669.163 | -1776465.5 |   4965 | keymem.key_mem\[2\]\[36\]$_DFFE_PN0P_/D
     1510 |       1 |     181 |      278 |     26 |   111 | -669.163 | -1776114.4 |   4965 | keymem.key_mem\[2\]\[36\]$_DFFE_PN0P_/D
     1512 |       1 |     181 |      279 |     26 |   111 | -669.163 | -1776114.4 |   4965 | keymem.key_mem\[2\]\[36\]$_DFFE_PN0P_/D
     1519 |       1 |     182 |      286 |     27 |   112 | -669.163 | -1776555.9 |   4965 | keymem.key_mem\[2\]\[36\]$_DFFE_PN0P_/D
     1520 |       1 |     182 |      286 |     27 |   112 | -669.163 | -1776555.9 |   4965 | keymem.key_mem\[2\]\[36\]$_DFFE_PN0P_/D
     1530 |       1 |     186 |      290 |     28 |   115 | -669.163 | -1776889.1 |   4965 | keymem.key_mem\[2\]\[36\]$_DFFE_PN0P_/D
     1540 |       1 |     191 |      290 |     31 |   117 | -669.139 | -1775148.5 |   4965 | keymem.key_mem\[2\]\[36\]$_DFFE_PN0P_/D
     1550 |       1 |     192 |      294 |     35 |   120 | -669.139 | -1775879.9 |   4965 | keymem.key_mem\[2\]\[36\]$_DFFE_PN0P_/D
     1556 |       1 |     194 |      294 |     37 |   121 | -669.139 | -1775327.6 |   4965 | keymem.key_mem\[2\]\[36\]$_DFFE_PN0P_/D
     1560 |       1 |     196 |      297 |     37 |   121 | -669.139 | -1775709.2 |   4965 | keymem.key_mem\[2\]\[36\]$_DFFE_PN0P_/D
     1561 |       1 |     196 |      295 |     37 |   121 | -669.139 | -1775320.9 |   4965 | keymem.key_mem\[2\]\[36\]$_DFFE_PN0P_/D
     1565 |       1 |     198 |      295 |     37 |   121 | -669.139 | -1775288.6 |   4965 | keymem.key_mem\[2\]\[36\]$_DFFE_PN0P_/D
     1567 |       1 |     198 |      295 |     37 |   121 | -669.139 | -1775288.6 |   4965 | keymem.key_mem\[2\]\[36\]$_DFFE_PN0P_/D
     1570 |       1 |     199 |      298 |     37 |   121 | -669.139 | -1775640.4 |   4965 | keymem.key_mem\[2\]\[36\]$_DFFE_PN0P_/D
     1570 |       1 |     198 |      296 |     37 |   121 | -669.139 | -1775288.6 |   4965 | keymem.key_mem\[2\]\[36\]$_DFFE_PN0P_/D
     1573 |       1 |     198 |      297 |     37 |   121 | -669.139 | -1775288.6 |   4965 | keymem.key_mem\[2\]\[36\]$_DFFE_PN0P_/D
     1576 |       1 |     198 |      298 |     37 |   121 | -669.139 | -1775288.6 |   4965 | keymem.key_mem\[2\]\[36\]$_DFFE_PN0P_/D
     1580 |       1 |     199 |      301 |     37 |   122 | -669.139 | -1775639.6 |   4965 | keymem.key_mem\[2\]\[36\]$_DFFE_PN0P_/D
     1580 |       1 |     198 |      299 |     37 |   121 | -669.139 | -1775288.6 |   4965 | keymem.key_mem\[2\]\[36\]$_DFFE_PN0P_/D
     1581 |       1 |     198 |      299 |     37 |   121 | -669.139 | -1775288.6 |   4965 | keymem.key_mem\[2\]\[36\]$_DFFE_PN0P_/D
     1583 |       1 |     198 |      299 |     37 |   121 | -669.139 | -1775288.6 |   4965 | keymem.key_mem\[2\]\[36\]$_DFFE_PN0P_/D
     1584 |       1 |     198 |      299 |     37 |   121 | -669.139 | -1775288.6 |   4965 | keymem.key_mem\[2\]\[36\]$_DFFE_PN0P_/D
     1586 |       1 |     198 |      299 |     37 |   121 | -669.139 | -1775288.6 |   4965 | keymem.key_mem\[2\]\[36\]$_DFFE_PN0P_/D
     1590 |       1 |     198 |      301 |     37 |   123 | -669.139 | -1775510.1 |   4965 | keymem.key_mem\[2\]\[36\]$_DFFE_PN0P_/D
     1600 |       1 |     202 |      303 |     37 |   128 | -669.148 | -1775666.8 |   4965 | keymem.key_mem\[2\]\[36\]$_DFFE_PN0P_/D
     1610 |       1 |     206 |      308 |     37 |   132 | -668.497 | -1777273.6 |   4965 | keymem.key_mem\[1\]\[30\]$_DFFE_PN0P_/D
     1615 |       1 |     206 |      308 |     37 |   131 | -668.497 | -1777157.8 |   4965 | keymem.key_mem\[1\]\[30\]$_DFFE_PN0P_/D
     1620 |       1 |     208 |      308 |     38 |   132 | -669.112 | -1779725.4 |   4965 | keymem.key_mem\[1\]\[30\]$_DFFE_PN0P_/D
     1620 |       1 |     206 |      308 |     37 |   131 | -668.497 | -1777158.5 |   4965 | keymem.key_mem\[1\]\[30\]$_DFFE_PN0P_/D
     1622 |       1 |     206 |      308 |     37 |   131 | -668.497 | -1777158.5 |   4965 | keymem.key_mem\[1\]\[30\]$_DFFE_PN0P_/D
     1629 |       1 |     208 |      308 |     38 |   131 | -668.497 | -1777183.2 |   4965 | keymem.key_mem\[1\]\[30\]$_DFFE_PN0P_/D
     1630 |       1 |     208 |      308 |     38 |   131 | -668.497 | -1777183.2 |   4965 | keymem.key_mem\[1\]\[30\]$_DFFE_PN0P_/D
     1640 |       1 |     210 |      317 |     39 |   134 | -670.144 | -1777358.1 |   4965 | keymem.key_mem\[14\]\[25\]$_DFFE_PN0P_/D
     1649 |       1 |     210 |      315 |     39 |   133 | -668.497 | -1777114.0 |   4965 | keymem.key_mem\[1\]\[30\]$_DFFE_PN0P_/D
     1650 |       1 |     210 |      315 |     39 |   133 | -668.497 | -1777114.0 |   4965 | keymem.key_mem\[1\]\[30\]$_DFFE_PN0P_/D
     1650 |       1 |     210 |      315 |     39 |   133 | -668.497 | -1777114.0 |   4965 | keymem.key_mem\[1\]\[30\]$_DFFE_PN0P_/D
     1651 |       1 |     210 |      315 |     39 |   133 | -668.497 | -1777114.0 |   4965 | keymem.key_mem\[1\]\[30\]$_DFFE_PN0P_/D
     1656 |       2 |     210 |      319 |     40 |   133 | -668.497 | -1776498.1 |   4965 | keymem.key_mem\[1\]\[30\]$_DFFE_PN0P_/D
     1657 |       2 |     210 |      319 |     40 |   133 | -668.497 | -1776498.1 |   4965 | keymem.key_mem\[1\]\[30\]$_DFFE_PN0P_/D
     1658 |       2 |     210 |      319 |     40 |   133 | -668.497 | -1776498.1 |   4965 | keymem.key_mem\[1\]\[30\]$_DFFE_PN0P_/D
     1659 |       2 |     210 |      319 |     40 |   133 | -668.497 | -1776498.1 |   4965 | keymem.key_mem\[1\]\[30\]$_DFFE_PN0P_/D
     1660 |       2 |     210 |      319 |     40 |   133 | -668.497 | -1776498.1 |   4965 | keymem.key_mem\[1\]\[30\]$_DFFE_PN0P_/D
     1662 |       2 |     212 |      319 |     40 |   133 | -668.497 | -1776464.9 |   4965 | keymem.key_mem\[1\]\[30\]$_DFFE_PN0P_/D
     1663 |       2 |     212 |      319 |     40 |   133 | -668.497 | -1776464.9 |   4965 | keymem.key_mem\[1\]\[30\]$_DFFE_PN0P_/D
     1664 |       2 |     212 |      319 |     40 |   133 | -668.497 | -1776464.9 |   4965 | keymem.key_mem\[1\]\[30\]$_DFFE_PN0P_/D
     1668 |       2 |     214 |      319 |     40 |   133 | -668.497 | -1776434.0 |   4965 | keymem.key_mem\[1\]\[30\]$_DFFE_PN0P_/D
     1669 |       2 |     214 |      319 |     40 |   133 | -668.497 | -1776434.0 |   4965 | keymem.key_mem\[1\]\[30\]$_DFFE_PN0P_/D
     1670 |       2 |     214 |      319 |     40 |   133 | -668.497 | -1776434.0 |   4965 | keymem.key_mem\[1\]\[30\]$_DFFE_PN0P_/D
     1670 |       2 |     214 |      319 |     40 |   133 | -668.497 | -1776434.0 |   4965 | keymem.key_mem\[1\]\[30\]$_DFFE_PN0P_/D
     1672 |       2 |     214 |      319 |     40 |   133 | -668.497 | -1776434.0 |   4965 | keymem.key_mem\[1\]\[30\]$_DFFE_PN0P_/D
     1674 |       2 |     214 |      319 |     40 |   133 | -668.497 | -1776434.0 |   4965 | keymem.key_mem\[1\]\[30\]$_DFFE_PN0P_/D
     1676 |       2 |     214 |      319 |     40 |   133 | -668.497 | -1776434.0 |   4965 | keymem.key_mem\[1\]\[30\]$_DFFE_PN0P_/D
     1678 |       2 |     214 |      319 |     40 |   133 | -668.497 | -1776434.0 |   4965 | keymem.key_mem\[1\]\[30\]$_DFFE_PN0P_/D
     1680 |       2 |     214 |      321 |     40 |   133 | -668.497 | -1776268.6 |   4965 | keymem.key_mem\[1\]\[30\]$_DFFE_PN0P_/D
     1690 |       2 |     216 |      327 |     42 |   136 | -668.497 | -1776043.0 |   4965 | keymem.key_mem\[1\]\[30\]$_DFFE_PN0P_/D
     1700 |       2 |     222 |      327 |     43 |   139 | -668.990 | -1777355.2 |   4965 | keymem.key_mem\[1\]\[30\]$_DFFE_PN0P_/D
     1700 |       2 |     222 |      327 |     43 |   139 | -668.990 | -1777355.2 |   4965 | keymem.key_mem\[1\]\[30\]$_DFFE_PN0P_/D
     1706 |       2 |     222 |      331 |     43 |   142 | -668.990 | -1776909.2 |   4965 | keymem.key_mem\[1\]\[30\]$_DFFE_PN0P_/D
     1707 |       2 |     222 |      331 |     43 |   142 | -668.990 | -1776909.2 |   4965 | keymem.key_mem\[1\]\[30\]$_DFFE_PN0P_/D
     1708 |       2 |     222 |      331 |     43 |   142 | -668.990 | -1776909.2 |   4965 | keymem.key_mem\[1\]\[30\]$_DFFE_PN0P_/D
     1710 |       2 |     222 |      334 |     43 |   142 | -668.990 | -1776571.8 |   4965 | keymem.key_mem\[1\]\[30\]$_DFFE_PN0P_/D
     1720 |       2 |     222 |      343 |     44 |   147 | -668.990 | -1776551.9 |   4965 | keymem.key_mem\[1\]\[30\]$_DFFE_PN0P_/D
     1730 |       2 |     224 |      347 |     46 |   151 | -668.990 | -1776914.2 |   4965 | keymem.key_mem\[1\]\[30\]$_DFFE_PN0P_/D
     1740 |       2 |     227 |      355 |     46 |   154 | -668.990 | -1776780.6 |   4965 | keymem.key_mem\[1\]\[30\]$_DFFE_PN0P_/D
     1750 |       2 |     233 |      357 |     47 |   156 | -668.990 | -1776753.5 |   4965 | keymem.key_mem\[1\]\[30\]$_DFFE_PN0P_/D
     1760 |       2 |     240 |      357 |     49 |   157 | -668.990 | -1776873.4 |   4965 | keymem.key_mem\[1\]\[30\]$_DFFE_PN0P_/D
     1770 |       2 |     243 |      359 |     53 |   159 | -668.990 | -1776932.5 |   4965 | keymem.key_mem\[1\]\[30\]$_DFFE_PN0P_/D
     1780 |       2 |     247 |      359 |     54 |   164 | -668.990 | -1776867.1 |   4965 | keymem.key_mem\[1\]\[30\]$_DFFE_PN0P_/D
     1781 |       2 |     247 |      359 |     54 |   164 | -668.990 | -1776871.6 |   4965 | keymem.key_mem\[1\]\[30\]$_DFFE_PN0P_/D
     1782 |       2 |     247 |      359 |     54 |   164 | -668.990 | -1776871.6 |   4965 | keymem.key_mem\[1\]\[30\]$_DFFE_PN0P_/D
     1790 |       2 |     250 |      361 |     54 |   167 | -668.990 | -1776528.9 |   4965 | keymem.key_mem\[1\]\[30\]$_DFFE_PN0P_/D
     1800 |       2 |     254 |      363 |     56 |   170 | -668.990 | -1776595.4 |   4965 | keymem.key_mem\[1\]\[30\]$_DFFE_PN0P_/D
     1807 |       2 |     256 |      365 |     56 |   171 | -668.990 | -1776604.6 |   4965 | keymem.key_mem\[1\]\[30\]$_DFFE_PN0P_/D
     1810 |       2 |     256 |      367 |     56 |   172 | -668.990 | -1776600.0 |   4965 | keymem.key_mem\[1\]\[30\]$_DFFE_PN0P_/D
     1810 |       2 |     256 |      367 |     56 |   172 | -668.990 | -1776600.0 |   4965 | keymem.key_mem\[1\]\[30\]$_DFFE_PN0P_/D
     1813 |       2 |     258 |      367 |     56 |   172 | -668.990 | -1776570.6 |   4965 | keymem.key_mem\[1\]\[30\]$_DFFE_PN0P_/D
     1817 |       2 |     258 |      367 |     56 |   174 | -668.990 | -1776435.1 |   4965 | keymem.key_mem\[1\]\[30\]$_DFFE_PN0P_/D
     1818 |       2 |     258 |      367 |     56 |   174 | -668.990 | -1776435.1 |   4965 | keymem.key_mem\[1\]\[30\]$_DFFE_PN0P_/D
     1819 |       2 |     258 |      367 |     56 |   174 | -668.990 | -1776435.1 |   4965 | keymem.key_mem\[1\]\[30\]$_DFFE_PN0P_/D
     1820 |       2 |     258 |      367 |     56 |   174 | -668.990 | -1776435.1 |   4965 | keymem.key_mem\[1\]\[30\]$_DFFE_PN0P_/D
     1820 |       2 |     258 |      367 |     56 |   174 | -668.990 | -1776435.1 |   4965 | keymem.key_mem\[1\]\[30\]$_DFFE_PN0P_/D
     1828 |       2 |     259 |      368 |     56 |   175 | -668.990 | -1776431.5 |   4965 | keymem.key_mem\[1\]\[30\]$_DFFE_PN0P_/D
     1829 |       2 |     259 |      368 |     56 |   175 | -668.990 | -1776431.5 |   4965 | keymem.key_mem\[1\]\[30\]$_DFFE_PN0P_/D
     1830 |       2 |     259 |      368 |     56 |   175 | -668.990 | -1776431.5 |   4965 | keymem.key_mem\[1\]\[30\]$_DFFE_PN0P_/D
     1835 |       2 |     261 |      370 |     56 |   175 | -668.990 | -1776402.9 |   4965 | keymem.key_mem\[1\]\[30\]$_DFFE_PN0P_/D
     1836 |       2 |     261 |      370 |     56 |   175 | -668.990 | -1776402.9 |   4965 | keymem.key_mem\[1\]\[30\]$_DFFE_PN0P_/D
     1837 |       2 |     261 |      370 |     56 |   175 | -668.990 | -1776402.9 |   4965 | keymem.key_mem\[1\]\[30\]$_DFFE_PN0P_/D
     1839 |       2 |     261 |      370 |     56 |   175 | -668.990 | -1776402.9 |   4965 | keymem.key_mem\[1\]\[30\]$_DFFE_PN0P_/D
     1840 |       2 |     261 |      370 |     56 |   175 | -668.990 | -1776402.9 |   4965 | keymem.key_mem\[1\]\[30\]$_DFFE_PN0P_/D
     1845 |       2 |     261 |      371 |     56 |   175 | -668.990 | -1776402.9 |   4965 | keymem.key_mem\[1\]\[30\]$_DFFE_PN0P_/D
     1849 |       2 |     263 |      371 |     56 |   175 | -668.990 | -1776395.1 |   4965 | keymem.key_mem\[1\]\[30\]$_DFFE_PN0P_/D
     1850 |       2 |     263 |      371 |     56 |   175 | -668.990 | -1776395.1 |   4965 | keymem.key_mem\[1\]\[30\]$_DFFE_PN0P_/D
     1850 |       2 |     263 |      371 |     56 |   175 | -668.990 | -1776395.1 |   4965 | keymem.key_mem\[1\]\[30\]$_DFFE_PN0P_/D
     1851 |       2 |     263 |      371 |     56 |   175 | -668.990 | -1776395.1 |   4965 | keymem.key_mem\[1\]\[30\]$_DFFE_PN0P_/D
     1857 |       2 |     263 |      372 |     56 |   175 | -668.990 | -1776394.8 |   4965 | keymem.key_mem\[1\]\[30\]$_DFFE_PN0P_/D
     1860 |       2 |     263 |      374 |     57 |   175 | -669.583 | -1778404.5 |   4965 | keymem.key_mem\[1\]\[30\]$_DFFE_PN0P_/D
     1863 |       2 |     263 |      373 |     56 |   175 | -668.990 | -1776394.2 |   4965 | keymem.key_mem\[1\]\[30\]$_DFFE_PN0P_/D
     1865 |       2 |     263 |      373 |     56 |   175 | -668.990 | -1776394.2 |   4965 | keymem.key_mem\[1\]\[30\]$_DFFE_PN0P_/D
     1866 |       2 |     263 |      373 |     56 |   175 | -668.990 | -1776394.2 |   4965 | keymem.key_mem\[1\]\[30\]$_DFFE_PN0P_/D
     1870 |       2 |     265 |      373 |     57 |   175 | -669.583 | -1778197.2 |   4965 | keymem.key_mem\[1\]\[30\]$_DFFE_PN0P_/D
     1872 |       2 |     264 |      373 |     56 |   175 | -668.990 | -1776394.6 |   4965 | keymem.key_mem\[1\]\[30\]$_DFFE_PN0P_/D
     1877 |       2 |     264 |      373 |     56 |   175 | -668.990 | -1776394.1 |   4965 | keymem.key_mem\[1\]\[30\]$_DFFE_PN0P_/D
     1880 |       2 |     265 |      373 |     56 |   176 | -668.990 | -1776408.5 |   4965 | keymem.key_mem\[1\]\[30\]$_DFFE_PN0P_/D
     1882 |       2 |     265 |      373 |     56 |   175 | -668.990 | -1776485.4 |   4965 | keymem.key_mem\[1\]\[30\]$_DFFE_PN0P_/D
     1885 |       2 |     265 |      375 |     56 |   175 | -668.990 | -1776485.4 |   4965 | keymem.key_mem\[1\]\[30\]$_DFFE_PN0P_/D
     1889 |       2 |     265 |      377 |     56 |   175 | -668.990 | -1776485.4 |   4965 | keymem.key_mem\[1\]\[30\]$_DFFE_PN0P_/D
     1890 |       2 |     265 |      377 |     56 |   175 | -668.990 | -1776485.4 |   4965 | keymem.key_mem\[1\]\[30\]$_DFFE_PN0P_/D
     1893 |       2 |     265 |      379 |     56 |   175 | -668.990 | -1776485.4 |   4965 | keymem.key_mem\[1\]\[30\]$_DFFE_PN0P_/D
     1898 |       2 |     265 |      379 |     56 |   175 | -668.990 | -1776485.6 |   4965 | keymem.key_mem\[1\]\[30\]$_DFFE_PN0P_/D
     1900 |       2 |     265 |      381 |     56 |   175 | -668.990 | -1776497.9 |   4965 | keymem.key_mem\[1\]\[30\]$_DFFE_PN0P_/D
     1900 |       2 |     265 |      381 |     56 |   175 | -668.990 | -1776497.9 |   4965 | keymem.key_mem\[1\]\[30\]$_DFFE_PN0P_/D
     1902 |       2 |     265 |      381 |     56 |   175 | -668.990 | -1776497.9 |   4965 | keymem.key_mem\[1\]\[30\]$_DFFE_PN0P_/D
     1903 |       2 |     265 |      381 |     56 |   175 | -668.990 | -1776497.9 |   4965 | keymem.key_mem\[1\]\[30\]$_DFFE_PN0P_/D
     1905 |       2 |     265 |      381 |     56 |   175 | -668.990 | -1776497.9 |   4965 | keymem.key_mem\[1\]\[30\]$_DFFE_PN0P_/D
     1910 |       2 |     268 |      381 |     56 |   176 | -668.990 | -1776441.9 |   4965 | keymem.key_mem\[1\]\[30\]$_DFFE_PN0P_/D
     1911 |       2 |     268 |      381 |     56 |   176 | -668.990 | -1776441.9 |   4965 | keymem.key_mem\[1\]\[30\]$_DFFE_PN0P_/D
     1912 |       2 |     268 |      381 |     56 |   176 | -668.990 | -1776441.9 |   4965 | keymem.key_mem\[1\]\[30\]$_DFFE_PN0P_/D
     1920 |       2 |     272 |      381 |     57 |   178 | -668.990 | -1776755.0 |   4965 | keymem.key_mem\[1\]\[30\]$_DFFE_PN0P_/D
     1921 |       2 |     271 |      381 |     57 |   178 | -668.990 | -1776359.9 |   4965 | keymem.key_mem\[1\]\[30\]$_DFFE_PN0P_/D
     1923 |       2 |     271 |      381 |     57 |   178 | -668.990 | -1776359.9 |   4965 | keymem.key_mem\[1\]\[30\]$_DFFE_PN0P_/D
     1926 |       2 |     272 |      381 |     57 |   179 | -668.990 | -1776321.8 |   4965 | keymem.key_mem\[1\]\[30\]$_DFFE_PN0P_/D
     1930 |       2 |     274 |      381 |     58 |   179 | -669.583 | -1778212.8 |   4965 | keymem.key_mem\[1\]\[30\]$_DFFE_PN0P_/D
     1931 |       2 |     272 |      381 |     57 |   179 | -668.990 | -1776322.1 |   4965 | keymem.key_mem\[1\]\[30\]$_DFFE_PN0P_/D
     1932 |       2 |     272 |      381 |     57 |   179 | -668.990 | -1776322.1 |   4965 | keymem.key_mem\[1\]\[30\]$_DFFE_PN0P_/D
     1935 |       2 |     272 |      381 |     57 |   179 | -668.990 | -1776322.1 |   4965 | keymem.key_mem\[1\]\[30\]$_DFFE_PN0P_/D
     1937 |       2 |     272 |      381 |     57 |   179 | -668.990 | -1776322.1 |   4965 | keymem.key_mem\[1\]\[30\]$_DFFE_PN0P_/D
     1940 |       2 |     273 |      381 |     58 |   179 | -668.990 | -1776482.5 |   4965 | keymem.key_mem\[1\]\[30\]$_DFFE_PN0P_/D
     1940 |       2 |     272 |      381 |     57 |   179 | -668.990 | -1776322.1 |   4965 | keymem.key_mem\[1\]\[30\]$_DFFE_PN0P_/D
     1942 |       2 |     272 |      381 |     57 |   179 | -668.990 | -1776322.1 |   4965 | keymem.key_mem\[1\]\[30\]$_DFFE_PN0P_/D
     1945 |       2 |     272 |      381 |     57 |   179 | -668.990 | -1776322.1 |   4965 | keymem.key_mem\[1\]\[30\]$_DFFE_PN0P_/D
     1950 |       2 |     275 |      381 |     58 |   179 | -669.583 | -1778135.6 |   4965 | keymem.key_mem\[1\]\[30\]$_DFFE_PN0P_/D
     1950 |       2 |     272 |      381 |     57 |   179 | -668.990 | -1776322.6 |   4965 | keymem.key_mem\[1\]\[30\]$_DFFE_PN0P_/D
     1953 |       2 |     272 |      381 |     57 |   179 | -668.990 | -1776322.6 |   4965 | keymem.key_mem\[1\]\[30\]$_DFFE_PN0P_/D
     1958 |       2 |     272 |      381 |     57 |   179 | -668.990 | -1776323.1 |   4965 | keymem.key_mem\[1\]\[30\]$_DFFE_PN0P_/D
     1960 |       2 |     272 |      381 |     57 |   180 | -668.990 | -1776322.6 |   4965 | keymem.key_mem\[1\]\[30\]$_DFFE_PN0P_/D
     1960 |       2 |     272 |      381 |     57 |   180 | -668.990 | -1776322.6 |   4965 | keymem.key_mem\[1\]\[30\]$_DFFE_PN0P_/D
     1966 |       2 |     275 |      381 |     57 |   180 | -668.990 | -1776303.8 |   4965 | keymem.key_mem\[1\]\[30\]$_DFFE_PN0P_/D
     1969 |       2 |     275 |      381 |     57 |   180 | -668.990 | -1776303.8 |   4965 | keymem.key_mem\[1\]\[30\]$_DFFE_PN0P_/D
     1970 |       2 |     275 |      381 |     57 |   180 | -668.990 | -1776303.8 |   4965 | keymem.key_mem\[1\]\[30\]$_DFFE_PN0P_/D
     1974 |       2 |     275 |      381 |     57 |   180 | -668.990 | -1776304.0 |   4965 | keymem.key_mem\[1\]\[30\]$_DFFE_PN0P_/D
     1976 |       2 |     275 |      381 |     57 |   180 | -668.990 | -1776304.0 |   4965 | keymem.key_mem\[1\]\[30\]$_DFFE_PN0P_/D
     1977 |       2 |     275 |      381 |     57 |   180 | -668.990 | -1776304.0 |   4965 | keymem.key_mem\[1\]\[30\]$_DFFE_PN0P_/D
     1980 |       2 |     277 |      381 |     57 |   180 | -668.990 | -1776425.4 |   4965 | keymem.key_mem\[1\]\[30\]$_DFFE_PN0P_/D
     1987 |       2 |     279 |      386 |     58 |   182 | -668.990 | -1776883.8 |   4965 | keymem.key_mem\[1\]\[30\]$_DFFE_PN0P_/D
     1990 |       2 |     280 |      386 |     59 |   182 | -668.990 | -1777051.9 |   4965 | keymem.key_mem\[1\]\[30\]$_DFFE_PN0P_/D
     1990 |       2 |     279 |      386 |     58 |   182 | -668.990 | -1776883.8 |   4965 | keymem.key_mem\[1\]\[30\]$_DFFE_PN0P_/D
     1991 |       2 |     279 |      386 |     58 |   182 | -668.990 | -1776883.8 |   4965 | keymem.key_mem\[1\]\[30\]$_DFFE_PN0P_/D
     1994 |       2 |     279 |      386 |     58 |   182 | -668.990 | -1776883.8 |   4965 | keymem.key_mem\[1\]\[30\]$_DFFE_PN0P_/D
     1997 |       2 |     279 |      386 |     58 |   182 | -668.990 | -1776883.8 |   4965 | keymem.key_mem\[1\]\[30\]$_DFFE_PN0P_/D
     1998 |       2 |     279 |      386 |     58 |   182 | -668.990 | -1776883.8 |   4965 | keymem.key_mem\[1\]\[30\]$_DFFE_PN0P_/D
     2000 |       2 |     279 |      386 |     58 |   183 | -668.990 | -1776876.8 |   4965 | keymem.key_mem\[1\]\[30\]$_DFFE_PN0P_/D
     2000 |       2 |     279 |      386 |     58 |   183 | -668.990 | -1776876.8 |   4965 | keymem.key_mem\[1\]\[30\]$_DFFE_PN0P_/D
    final |       2 |     279 |      386 |     58 |   183 | -668.990 | -1776876.8 |   4965 | keymem.key_mem\[1\]\[30\]$_DFFE_PN0P_/D
---------------------------------------------------------------------------------------------------
[INFO RSZ-0059] Removed 2 buffers.
[INFO RSZ-0040] Inserted 148 buffers.
[INFO RSZ-0041] Resized 279 instances.
[INFO RSZ-0043] Swapped pins on 183 instances.
[INFO RSZ-0049] Cloned 58 instances.
[WARNING RSZ-0062] Unable to repair all setup violations.
[INFO RSZ-0046] Found 2622 endpoints with hold violations.
Iteration | Resized | Buffers | Cloned Gates |   WNS   |   TNS   | Endpoint
---------------------------------------------------------------------------
        0 |       0 |       0 |            0 | -71.914 | -67120.570 | keymem.key_mem\[9\]\[49\]$_DFFE_PN0P_/D
    final |       0 |       0 |            0 | -71.914 | -67120.570 | keymem.key_mem\[9\]\[49\]$_DFFE_PN0P_/D
---------------------------------------------------------------------------
[WARNING RSZ-0066] Unable to repair all hold violations.
Took 527 seconds: repair_timing -verbose -setup_margin 0 -hold_margin 0 -repair_tns 100
Placement Analysis
---------------------------------
total displacement        186.4 u
average displacement        0.0 u
max displacement            1.2 u
original HPWL          132671.7 u
legalized HPWL         132809.2 u
delta HPWL                    0 %

Report metrics stage 4, cts final...

==========================================================================
cts final report_design_area
--------------------------------------------------------------------------
Design area 3515 u^2 48% utilization.
Elapsed time: 9:19.72[h:]min:sec. CPU time: user 963.45 sys 465.30 (255%). Peak memory: 750736KB.
